T_000    116297.06    41.50
T_001    987.34    43.84
T_002    1467.34    52.49
T_003    122.36    49.45
T_004    2475.45    41.41
T_005    53860.98    43.66
T_006    86845.15    49.18
T_007    75655.60    51.57
T_008    45631.42    55.76
T_009    1365.06    62.69
T_010    -8038.62    69.71
T_011    -5140.89    74.79
T_012    -2414.40    77.92
T_013    7094.90    68.70
T_014    2.26    62.69
T_015    -6242.20    60.18
T_016    2354.08    62.83
T_017    -6333.96    65.25
T_018    -5745.72    72.45
T_019    -536.96    78.19
T_020    -214.21    83.18
T_021    -740.07    82.78
T_022    409.66    75.98
T_023    -2642.76    68.61
T_024    -2636.57    62.60
T_025    4149.09    60.62
T_026    6030.74    59.78
T_027    2867.23    64.46
T_028    -4200.93    72.85
T_029    2672.76    76.38
T_030    4742.11    78.63
T_031    12.06    77.40
T_032    77659.19    68.34
T_033    174521.39    58.06
T_034    2080.69    60.53
T_035    -604.05    67.33
T_036    556.60    70.55
T_037    477.72    75.67
T_038    760.28    77.22
T_039    623.01    79.78
T_040    1300.07    73.47
T_041    1090.36    69.49
T_042    397.64    63.09
T_043    8787.06    63.89
T_044    101369.44    62.12
T_045    139753.03    66.62
T_046    91418.15    72.67
T_047    21209.04    78.98
T_048    -9158.29    83.49
T_049    -8018.17    87.02
T_050    -951.48    89.05
T_051    -505.57    90.02
T_052    7912.60    88.04
T_053    18811.61    81.77
T_054    45988.05    79.21
T_055    115337.73    75.19
T_056    151790.14    75.23
T_057    165091.95    72.98
T_058    199451.99    74.13
T_059    33308.08    71.96
T_060    3865.50    73.47
T_061    653.82    74.61
T_062    3186.96    75.76
T_063    1915.80    76.73
T_064    847.42    77.40
T_065    2240.80    76.82
T_066    1605.50    77.26
T_067    1601.59    78.19
T_068    4971.56    77.09
T_069    28428.37    78.01
T_070    46906.17    79.65
T_071    110512.04    79.43
T_072    148334.72    78.68
T_073    97848.79    79.60
T_074    85958.62    80.49
T_075    80614.30    81.37
T_076    14699.74    80.66
T_077    5846.08    82.52
T_078    -1040.75    81.10
T_079    6411.48    83.00
T_080    5326.02    82.43
T_081    5146.89    82.96
T_082    8769.76    82.87
T_083    23894.57    81.94
T_084    40899.36    83.75
T_085    71960.08    84.86
T_086    105260.19    84.28
T_087    130875.68    84.94
T_088    93821.65    84.64
T_089    88944.54    85.74
T_090    55357.23    85.47
T_091    96395.52    86.71
T_092    25149.76    86.27
T_093    4563.74    85.87
T_094    8360.41    85.39
T_095    4609.58    84.99
T_096    4730.01    86.40
T_097    12874.19    87.06
T_098    6343.95    84.86
T_099    1487.35    85.61
T_100    2905.99    86.80
T_101    4905.67    87.15
T_102    5711.64    85.96
T_103    4252.37    86.75
T_104    2712.69    85.03
T_105    1972.37    87.28
T_106    625.36    87.42
T_107    2024.67    88.30
T_108    1490.23    87.11
T_109    1043.90    87.73
T_110    1558.25    87.59
T_111    1432.22    87.51
T_112    1835.15    87.64
T_113    2000.47    88.65
T_114    1287.91    88.17
T_115    1190.00    88.61
T_116    1566.81    88.34
T_117    800.59    86.98
T_118    929.49    86.98
T_119    2089.87    85.70
T_120    3616.42    86.62
T_121    3735.96    83.62
T_122    95210.59    83.36
T_123    154358.80    82.21
T_124    132484.90    82.87
T_125    51977.79    84.33
T_126    -11857.57    91.61
T_127    1323.83    95.06
T_128    5816.20    95.28
T_129    3335.15    96.64
T_130    4356.43    97.57
T_131    5884.64    97.09
T_132    18533.32    94.26
T_133    2323.69    90.99
T_134    27439.66    85.74
T_135    138325.03    83.36
T_136    189953.22    81.24
T_137    -1204.29    84.50
T_138    2551.26    84.81
T_139    1011.60    85.34
T_140    2659.91    87.20
T_141    997.81    89.49
T_142    790.91    88.92
T_143    828.47    89.85
T_144    -188.77    91.66
T_145    397.80    92.32
T_146    567.94    92.27
T_147    564.86    91.26
T_148    575.87    92.85
T_149    606.07    91.66
T_150    805.18    91.48
T_151    573.87    90.99
T_152    722.70    89.45
T_153    932.39    88.08
T_154    184.67    88.08
T_155    809.38    87.77
T_156    1478.39    88.30
T_157    2226.99    85.12
T_158    5584.91    85.03
T_159    95018.60    83.49
T_160    153774.91    84.33
T_161    109745.47    84.50
T_162    52433.21    85.83
T_163    -12814.02    89.98
T_164    -4803.13    94.22
T_165    3753.86    96.95
T_166    3472.82    98.28
T_167    3573.74    98.76
T_168    1449.86    99.29
T_169    798.69    99.47
T_170    3111.54    99.38
T_171    2387.10    99.65
T_172    1155.12    99.25
T_173    1206.89    99.51
T_174    3181.40    99.29
T_175    1515.22    99.29
T_176    6403.27    98.90
T_177    5597.19    96.87
T_178    5807.49    94.88
T_179    10610.32    91.92
T_180    17100.70    89.67
T_181    49992.45    86.40
T_182    136844.10    84.68
T_183    161369.68    84.90
T_184    182575.96    85.52
T_185    137677.98    83.80
T_186    5188.67    84.55
T_187    715.03    83.66
T_188    -1815.87    84.28
T_189    350.36    84.24
T_190    10.00    86.53
T_191    487.31    88.26
T_192    717.76    91.35
T_193    26.12    94.83
T_194    63.13    96.56
T_195    -173.62    98.06
T_196    -21.65    98.45
T_197    -3.92    99.25
T_198    170.03    98.81
T_199    -26.57    99.07
T_200    146.12    99.03
T_201    119.31    99.43
T_202    3.62    99.29
T_203    108.11    99.16
T_204    64.90    99.16
T_205    0.36    99.29
T_206    66.26    99.12
T_207    -25.69    99.16
T_208    -28.83    99.38
T_209    -16.89    99.21
T_210    94.27    99.16
T_211    8.88    99.43
T_212    21.86    99.07
T_213    -57.23    98.94
T_214    -14.06    98.41
T_215    225.21    97.48
T_216    417.54    94.79
T_217    443.85    90.60
T_218    337.55    88.52
T_219    331.04    85.74
T_220    601.91    85.47
T_221    1988.14    83.71
T_222    1592.65    84.55
T_223    1193.38    84.06
T_224    33085.99    83.18
T_225    141878.48    83.49
T_226    157610.90    83.93
T_227    140352.97    84.64
T_228    98659.49    85.65
T_229    20223.20    85.74
T_230    -10377.46    90.07
T_231    5630.96    95.01
T_232    3905.15    97.13
T_233    2044.46    98.45
T_234    1685.17    99.16
T_235    3864.78    99.51
T_236    -540.02    99.38
T_237    4253.49    99.51
T_238    3247.43    99.16
T_239    1308.42    99.56
T_240    1789.09    99.29
T_241    1946.70    99.51
T_242    1704.25    99.60
T_243    -7.33    99.51
T_244    1645.57    99.56
T_245    2560.06    99.29
T_246    6265.58    98.90
T_247    4944.07    98.59
T_248    5577.66    98.06
T_249    20474.32    94.79
T_250    10655.63    89.01
T_251    61324.61    84.77
T_252    163872.34    83.80
T_253    181384.44    83.00
T_254    151553.77    82.52
T_255    1498.71    83.31
T_256    -791.53    83.22
T_257    -31.28    83.27
T_258    548.71    84.50
T_259    706.44    83.97
T_260    148.35    86.45
T_261    367.08    89.58
T_262    174.80    91.70
T_263    -401.89    94.66
T_264    -94.24    95.85
T_265    -243.21    97.97
T_266    130.80    98.15
T_267    25.00    98.76
T_268    86.12    98.85
T_269    220.25    98.94
T_270    55.41    98.76
T_271    -70.87    99.03
T_272    67.07    99.12
T_273    28.80    99.12
T_274    54.51    99.51
T_275    -77.43    99.25
T_276    -34.17    99.51
T_277    22.71    99.21
T_278    10.67    99.16
T_279    55.46    99.29
T_280    95.93    99.21
T_281    -41.35    99.29
T_282    -9.67    98.98
T_283    131.88    98.45
T_284    -62.78    97.79
T_285    -67.90    98.50
T_286    -19.53    97.97
T_287    -236.77    96.16
T_288    -442.24    95.45
T_289    -510.63    92.23
T_290    -196.47    91.52
T_291    46.89    87.42
T_292    11.24    84.77
T_293    1139.58    85.21
T_294    1644.71    82.78
T_295    2380.09    81.50
T_296    12918.08    81.41
T_297    126785.30    80.53
T_298    126932.50    80.88
T_299    -5524.95    83.58
T_300    -526.23    91.35
