T_000    -3002.62    94.53
T_001    140389.26    99.87
T_002    -24.10    99.87
T_003    0.00    99.96
T_004    0.00    100.00
T_005    0.00    100.00
T_006    2.46    99.87
T_007    0.00    99.96
T_008    0.00    99.82
T_009    0.00    100.00
T_010    0.00    100.00
T_011    763.71    99.91
T_012    195806.86    99.87
T_013    16.36    99.87
T_014    11.87    99.91
T_015    22.13    99.96
T_016    0.00    99.96
T_017    0.00    100.00
T_018    0.00    100.00
T_019    0.00    100.00
T_020    0.00    100.00
T_021    0.00    100.00
T_022    0.00    100.00
T_023    0.00    100.00
T_024    0.00    100.00
T_025    0.00    100.00
T_026    0.00    100.00
T_027    2.42    99.96
T_028    -58.89    99.96
T_029    11874.90    99.82
T_030    -567.39    99.96
T_031    0.00    99.96
T_032    260827.48    99.91
T_033    75.37    99.96
T_034    24.34    99.96
T_035    0.00    100.00
T_036    -2.88    99.91
T_037    3587.67    99.91
T_038    218602.18    99.82
T_039    13819.28    99.91
T_040    168424.36    99.82
T_041    321.86    99.82
T_042    339.56    100.00
T_043    -179.13    99.87
T_044    224130.17    99.91
T_045    46.83    99.87
T_046    0.47    99.91
T_047    4915.12    99.96
T_048    -1823.46    99.82
T_049    104431.14    99.82
T_050    -1819.34    99.74
T_051    -96.92    99.91
T_052    897.91    99.78
T_053    156.21    99.87
T_054    -8.53    99.91
T_055    61500.57    99.96
T_056    218916.25    100.00
T_057    328.59    100.00
T_058    -35.91    99.96
T_059    -10.00    99.91
T_060    -21.86    100.00
T_061    86525.55    99.91
T_062    -11277.06    99.87
T_063    137654.83    100.00
T_064    -33327.88    99.74
T_065    -85.37    99.96
T_066    -27.99    99.91
T_067    -37.52    100.00
T_068    -50.88    99.87
T_069    78423.35    99.82
T_070    197715.96    99.91
T_071    3895.29    99.82
T_072    -64.70    100.00
T_073    -106.11    99.91
T_074    161506.24    99.91
T_075    -13049.77    99.78
T_076    94.72    99.96
T_077    -32.14    99.78
T_078    -96.98    99.91
T_079    104.13    99.96
T_080    37680.69    99.87
T_081    135817.78    99.87
T_082    -13255.44    99.87
T_083    35452.00    99.87
T_084    4.50    99.96
T_085    -28.18    100.00
T_086    -135.10    99.82
T_087    80330.45    100.00
T_088    178149.36    99.91
T_089    109.41    99.96
T_090    -16.67    99.96
T_091    -65.16    100.00
T_092    50966.13    99.91
T_093    27447.84    99.96
T_094    -41.00    99.96
T_095    53.08    99.91
T_096    9.25    99.96
T_097    6.66    99.91
T_098    -3.52    99.96
T_099    0.00    100.00
T_100    -2.86    99.91
T_101    0.00    100.00
T_102    117609.14    100.00
T_103    35086.69    99.96
T_104    24230.18    99.91
T_105    325162.53    99.82
T_106    172.21    99.91
T_107    -72.74    99.82
T_108    -62.18    99.91
T_109    -62.47    99.87
T_110    -11.02    99.87
T_111    -15.73    99.91
T_112    6.63    99.96
T_113    -43.39    100.00
T_114    -135.45    99.91
T_115    164917.66    99.91
T_116    232866.70    99.87
T_117    177352.26    99.87
T_118    177289.49    99.91
T_119    16567.83    99.87
T_120    84109.43    99.91
T_121    114608.18    99.91
T_122    193426.24    99.91
T_123    -14.74    99.96
T_124    -85.59    99.91
T_125    5542.26    99.78
T_126    -22.07    99.87
T_127    1236.03    99.87
T_128    210879.34    99.91
T_129    -225.49    99.87
T_130    103760.91    99.78
T_131    100942.07    99.96
T_132    197032.15    99.96
T_133    46613.38    99.91
T_134    -19092.34    99.96
T_135    -1013.79    99.91
T_136    9250.61    99.87
T_137    160260.83    99.96
T_138    1552.66    99.82
T_139    46922.86    99.96
T_140    1993.72    99.91
T_141    200.12    99.82
T_142    123455.88    99.96
T_143    22543.21    99.91
T_144    239344.77    100.00
T_145    146.16    100.00
T_146    -112.27    99.96
T_147    145232.64    99.87
T_148    124046.77    99.91
T_149    2867.56    99.91
T_150    10594.18    99.91
T_151    2545.94    99.78
T_152    107246.21    99.91
T_153    13045.89    99.78
T_154    -13736.16    100.00
T_155    2172.05    99.87
T_156    4379.62    99.91
T_157    -8571.69    100.00
T_158    3315.87    99.91
T_159    27531.15    99.91
T_160    97.19    99.96
T_161    48193.67    99.82
T_162    166372.09    99.96
T_163    125682.17    99.82
T_164    9356.17    99.78
T_165    82566.10    99.87
T_166    93.67    99.91
T_167    530.73    99.96
T_168    6045.62    99.96
T_169    1087.75    99.87
T_170    10760.41    99.91
T_171    133797.07    99.87
T_172    82.23    99.82
T_173    10037.28    99.87
T_174    13465.95    99.91
T_175    -7080.30    99.96
T_176    2238.07    99.96
T_177    4851.62    99.91
T_178    176654.10    99.91
T_179    154617.68    100.00
T_180    112883.82    99.96
T_181    103533.64    99.96
T_182    5810.66    99.87
T_183    54330.64    99.82
T_184    -1509.03    99.69
T_185    107382.43    99.96
T_186    156945.00    99.91
T_187    3407.53    99.91
T_188    56230.74    99.87
T_189    118190.87    99.91
T_190    63505.82    99.91
T_191    3688.20    99.96
T_192    23928.19    99.87
T_193    4483.37    99.87
T_194    2190.34    99.91
T_195    73337.61    100.00
T_196    62083.37    99.96
T_197    80934.23    99.96
T_198    59862.29    99.87
T_199    1090.69    99.91
T_200    30137.94    99.91
T_201    2361.02    100.00
T_202    1791.24    99.96
T_203    2108.05    99.96
T_204    2549.98    99.91
T_205    1352.45    99.74
T_206    284.64    99.87
T_207    153.32    99.96
T_208    889.19    99.96
T_209    545.53    99.96
T_210    564.12    99.96
T_211    355.87    99.96
T_212    803.58    100.00
T_213    166.65    99.87
T_214    484.67    99.87
T_215    375.96    99.96
T_216    1245.41    99.96
T_217    2627.06    99.96
T_218    67305.42    100.00
T_219    5072.75    99.82
T_220    1582.16    99.96
T_221    548.16    99.91
T_222    465.66    99.91
T_223    1300.67    99.91
T_224    464.45    100.00
T_225    5945.82    99.96
T_226    1905.20    99.91
T_227    1757.81    99.87
T_228    98.98    99.96
T_229    562.89    99.87
T_230    6211.61    100.00
T_231    -58.93    100.00
T_232    610.30    99.96
T_233    916.05    99.96
T_234    1360.08    99.96
T_235    1051.79    99.96
T_236    3030.63    99.87
T_237    -942.90    99.96
T_238    981.17    100.00
T_239    684.53    99.96
T_240    253.66    100.00
T_241    684.65    99.91
T_242    1259.45    99.91
T_243    324.17    100.00
T_244    3335.38    100.00
T_245    93743.64    100.00
T_246    29733.62    99.96
T_247    2208.02    99.91
T_248    2955.83    99.96
T_249    4596.78    100.00
T_250    -6703.90    99.82
T_251    703.04    99.91
T_252    1110.87    100.00
T_253    158.27    100.00
T_254    282.19    99.96
T_255    232.55    99.96
T_256    112.37    100.00
T_257    244.78    99.96
T_258    598.10    99.96
T_259    1816.95    99.91
T_260    1917.70    99.96
T_261    -14544.17    99.91
T_262    93.67    100.00
T_263    265.58    100.00
T_264    -145.44    100.00
T_265    -55.63    99.91
T_266    306.20    99.96
T_267    -285.20    99.96
T_268    474.08    100.00
T_269    1542.23    99.96
T_270    601.62    100.00
T_271    658.13    99.91
T_272    1629.09    100.00
T_273    -181.97    99.87
T_274    446.32    99.91
T_275    3200.49    100.00
T_276    2291.97    99.96
T_277    538.78    100.00
T_278    230.91    100.00
T_279    594.76    100.00
T_280    196.83    99.96
T_281    1316.90    99.96
T_282    481.36    99.87
T_283    298.87    100.00
T_284    -17.51    99.96
T_285    95.48    100.00
T_286    -114.03    99.91
T_287    175.84    100.00
T_288    1551.09    99.96
T_289    34287.10    99.96
T_290    2380.99    99.96
T_291    814.74    99.96
T_292    109.05    100.00
T_293    78.47    100.00
T_294    164506.11    99.91
T_295    67.03    99.96
T_296    -236.85    100.00
T_297    299.93    99.91
T_298    -8.85    100.00
T_299    487.57    100.00
T_300    -37.29    100.00
