T_000    -21369.62    100.00
T_001    -89.70    100.00
T_002    603.99    100.00
T_003    54372.35    100.00
T_004    -455.75    100.00
T_005    0.00    100.00
T_006    0.00    100.00
T_007    0.00    100.00
T_008    0.00    100.00
T_009    0.00    100.00
T_010    0.00    100.00
T_011    0.00    100.00
T_012    9948.89    100.00
T_013    42436.94    100.00
T_014    -97.86    100.00
T_015    129.10    100.00
T_016    0.00    100.00
T_017    0.00    100.00
T_018    0.00    100.00
T_019    0.00    100.00
T_020    0.00    100.00
T_021    0.00    100.00
T_022    0.00    100.00
T_023    -40.85    100.00
T_024    -172.33    100.00
T_025    5446.83    100.00
T_026    113426.89    100.00
T_027    -28649.07    100.00
T_028    98.75    100.00
T_029    0.00    100.00
T_030    0.00    100.00
T_031    0.00    100.00
T_032    0.00    100.00
T_033    0.00    100.00
T_034    0.00    100.00
T_035    35440.54    100.00
T_036    197442.30    100.00
T_037    287.46    100.00
T_038    -165.11    100.00
T_039    15.08    100.00
T_040    0.00    100.00
T_041    0.00    100.00
T_042    0.00    100.00
T_043    0.00    100.00
T_044    0.00    100.00
T_045    0.00    100.00
T_046    0.00    100.00
T_047    0.00    100.00
T_048    -13.87    100.00
T_049    18.77    100.00
T_050    -431.11    100.00
T_051    1898.37    100.00
T_052    67778.79    100.00
T_053    443.52    100.00
T_054    0.00    100.00
T_055    0.00    100.00
T_056    0.00    100.00
T_057    0.00    100.00
T_058    0.00    100.00
T_059    0.00    100.00
T_060    0.00    100.00
T_061    93333.14    100.00
T_062    345.62    100.00
T_063    -113.50    100.00
T_064    79.53    100.00
T_065    -1.77    100.00
T_066    14.31    100.00
T_067    0.00    100.00
T_068    0.00    100.00
T_069    0.00    100.00
T_070    43.28    100.00
T_071    41.44    100.00
T_072    -221.73    100.00
T_073    3216.20    100.00
T_074    -10677.21    100.00
T_075    0.00    100.00
T_076    0.00    100.00
T_077    0.00    100.00
T_078    0.00    100.00
T_079    0.00    100.00
T_080    102363.72    100.00
T_081    1902.82    100.00
T_082    293.04    100.00
T_083    37.64    100.00
T_084    -22.32    100.00
T_085    14.31    100.00
T_086    14.31    100.00
T_087    0.00    100.00
T_088    39.71    100.00
T_089    291.83    100.00
T_090    748.21    100.00
T_091    17472.97    100.00
T_092    -46694.89    100.00
T_093    0.00    100.00
T_094    0.00    100.00
T_095    0.00    100.00
T_096    0.00    100.00
T_097    0.00    100.00
T_098    8665.72    100.00
T_099    210574.83    100.00
T_100    -166.24    100.00
T_101    -100.24    100.00
T_102    13.14    100.00
T_103    0.00    100.00
T_104    0.00    100.00
T_105    0.00    100.00
T_106    0.00    100.00
T_107    0.00    100.00
T_108    0.00    100.00
T_109    0.00    100.00
T_110    0.00    100.00
T_111    68.52    100.00
T_112    4277.08    100.00
T_113    63483.60    100.00
T_114    539.52    100.00
T_115    0.00    100.00
T_116    0.00    100.00
T_117    0.00    100.00
T_118    0.00    100.00
T_119    0.00    100.00
T_120    0.00    100.00
T_121    3158.05    100.00
T_122    194324.30    100.00
T_123    280.02    100.00
T_124    -19.46    100.00
T_125    0.00    100.00
T_126    0.00    100.00
T_127    0.00    100.00
T_128    0.00    100.00
T_129    0.00    100.00
T_130    0.00    100.00
T_131    0.00    100.00
T_132    0.00    100.00
T_133    0.00    100.00
T_134    0.00    100.00
T_135    0.00    100.00
T_136    17.79    100.00
T_137    2339.22    100.00
T_138    77578.41    100.00
T_139    -908.04    100.00
T_140    0.00    100.00
T_141    0.00    100.00
T_142    0.00    100.00
T_143    0.00    100.00
T_144    0.00    100.00
T_145    0.00    100.00
T_146    0.00    100.00
T_147    3218.78    100.00
T_148    33845.17    100.00
T_149    140055.60    100.00
T_150    -90.79    100.00
T_151    -7.77    100.00
T_152    0.00    100.00
T_153    0.00    100.00
T_154    0.00    100.00
T_155    0.00    100.00
T_156    0.00    100.00
T_157    0.00    100.00
T_158    0.00    100.00
T_159    0.00    100.00
T_160    0.00    100.00
T_161    0.00    100.00
T_162    0.00    100.00
T_163    0.00    100.00
T_164    27.20    100.00
T_165    53459.70    100.00
T_166    -14220.55    100.00
T_167    -5790.33    100.00
T_168    -394.92    100.00
T_169    0.00    100.00
T_170    0.00    100.00
T_171    0.00    100.00
T_172    0.00    100.00
T_173    0.00    100.00
T_174    319.52    100.00
T_175    15877.59    100.00
T_176    34120.31    100.00
T_177    242988.96    100.00
T_178    429.72    100.00
T_179    -12.86    100.00
T_180    0.00    100.00
T_181    0.00    100.00
T_182    0.00    100.00
T_183    0.00    100.00
T_184    0.00    100.00
T_185    0.00    100.00
T_186    0.00    100.00
T_187    0.00    100.00
T_188    0.00    100.00
T_189    0.00    100.00
T_190    0.00    100.00
T_191    189.02    100.00
T_192    1670.83    100.00
T_193    46681.13    100.00
T_194    -40831.80    100.00
T_195    -2712.63    100.00
T_196    -1365.41    100.00
T_197    0.00    100.00
T_198    0.00    100.00
T_199    1957.43    100.00
T_200    10066.32    100.00
T_201    2284.05    100.00
T_202    22712.47    100.00
T_203    153637.09    100.00
T_204    -19411.63    100.00
T_205    745.52    100.00
T_206    -191.09    100.00
T_207    0.00    100.00
T_208    0.00    100.00
T_209    0.00    100.00
T_210    0.00    100.00
T_211    0.00    100.00
T_212    18.34    100.00
T_213    369.67    100.00
T_214    1104.15    100.00
T_215    8054.60    100.00
T_216    2250.66    100.00
T_217    4023.01    100.00
T_218    10094.28    100.00
T_219    123888.84    100.00
T_220    187910.28    100.00
T_221    -4684.19    100.00
T_222    1313.20    100.00
T_223    749.42    100.00
T_224    273.52    100.00
T_225    159.73    100.00
T_226    176.12    100.00
T_227    117.35    100.00
T_228    337.31    100.00
T_229    1345.09    100.00
T_230    3363.75    100.00
T_231    5006.25    100.00
T_232    3552.10    100.00
T_233    4034.62    100.00
T_234    4354.50    100.00
T_235    3365.15    100.00
T_236    3261.17    100.00
T_237    3125.28    100.00
T_238    2780.54    100.00
T_239    3817.61    100.00
T_240    5087.78    100.00
T_241    5428.93    100.00
T_242    6279.88    100.00
T_243    7012.89    100.00
T_244    10147.49    100.00
T_245    83573.71    100.00
T_246    136420.76    100.00
T_247    156170.42    100.00
T_248    7330.91    100.00
T_249    3189.68    100.00
T_250    1461.11    100.00
T_251    324.50    100.00
T_252    410.47    100.00
T_253    351.95    100.00
T_254    412.62    100.00
T_255    251.06    100.00
T_256    397.61    100.00
T_257    601.28    100.00
T_258    690.43    100.00
T_259    290.61    100.00
T_260    548.79    100.00
T_261    1169.70    100.00
T_262    3117.54    100.00
T_263    11344.04    100.00
T_264    43815.88    100.00
T_265    208509.21    100.00
T_266    9986.72    100.00
T_267    9720.55    100.00
T_268    7427.38    100.00
T_269    3772.16    100.00
T_270    1589.99    100.00
T_271    1216.82    100.00
T_272    2254.93    100.00
T_273    1751.64    100.00
T_274    4550.61    100.00
T_275    11554.66    100.00
T_276    93929.73    100.00
T_277    112421.71    100.00
T_278    -9332.95    100.00
T_279    45793.70    100.00
T_280    133184.51    100.00
T_281    3642.62    100.00
T_282    1718.04    100.00
T_283    853.89    100.00
T_284    400.29    100.00
T_285    594.80    100.00
T_286    653.52    100.00
T_287    1783.35    100.00
T_288    1798.32    100.00
T_289    2161.09    100.00
T_290    4100.13    100.00
T_291    8000.28    100.00
T_292    11319.57    100.00
T_293    5752.60    100.00
T_294    6012.61    100.00
T_295    11755.90    100.00
T_296    33821.03    100.00
T_297    113285.57    100.00
T_298    177950.25    100.00
T_299    -250.90    100.00
T_300    4906.45    100.00
