T_000    29589.74    65.78
T_001    10964.68    95.72
T_002    -53053.62    83.84
T_003    22030.75    82.78
T_004    -5696.50    94.17
T_005    9406.11    88.30
T_006    4144.05    91.17
T_007    2673.96    86.93
T_008    2655.47    92.58
T_009    623.67    96.73
T_010    594.48    98.76
T_011    474.39    99.34
T_012    -361.90    99.12
T_013    574.10    99.43
T_014    320882.93    85.56
T_015    139.75    95.94
T_016    23.02    99.16
T_017    -73.60    99.60
T_018    -35.29    99.69
T_019    4.06    99.91
T_020    -75.22    99.82
T_021    5.19    99.96
T_022    18.57    99.74
T_023    -15.21    99.87
T_024    4.48    99.87
T_025    27.56    99.78
T_026    -49.86    99.87
T_027    1.38    99.87
T_028    -2.63    99.96
T_029    22.22    99.91
T_030    16.21    99.87
T_031    -3.92    99.96
T_032    0.00    100.00
T_033    5.27    99.91
T_034    15.43    99.96
T_035    -25.18    99.91
T_036    -22.95    99.91
T_037    0.00    100.00
T_038    0.00    100.00
T_039    6.21    99.91
T_040    19.07    99.87
T_041    0.00    100.00
T_042    0.00    100.00
T_043    -0.23    99.91
T_044    45.00    99.78
T_045    -49.15    99.87
T_046    -32.21    99.82
T_047    -15.77    99.87
T_048    -107.70    99.82
T_049    -14.80    99.82
T_050    10.34    99.82
T_051    -9.24    99.87
T_052    4.19    99.87
T_053    0.00    99.96
T_054    -17.39    99.96
T_055    0.00    100.00
T_056    -18.44    99.91
T_057    -3.11    99.69
T_058    0.00    99.96
T_059    -14.23    99.91
T_060    43.06    99.82
T_061    15.23    99.91
T_062    -27.39    99.56
T_063    1.80    99.82
T_064    19.39    99.87
T_065    0.00    99.91
T_066    -24.86    99.87
T_067    182.41    97.75
T_068    49446.17    87.37
T_069    391.62    94.30
T_070    5948.08    97.31
T_071    3880.16    98.81
T_072    -318.65    99.25
T_073    5289.62    98.94
T_074    2451.95    99.51
T_075    2460.53    99.29
T_076    2780.80    99.65
T_077    1477.84    99.65
T_078    2125.30    99.51
T_079    1236.13    99.74
T_080    -879.11    99.65
T_081    1584.77    99.60
T_082    1078.04    99.74
T_083    469.70    99.82
T_084    1562.09    99.60
T_085    -657.39    99.60
T_086    616.15    99.78
T_087    1400.82    99.69
T_088    1400.75    99.51
T_089    9037.78    94.83
T_090    256.32    84.33
T_091    -1798.39    93.11
T_092    -1140.21    95.67
T_093    118.87    96.78
T_094    -3648.24    90.86
T_095    4288.97    84.99
T_096    393.65    94.08
T_097    2241.57    97.97
T_098    4117.02    98.59
T_099    1469.54    99.03
T_100    1574.24    99.12
T_101    3537.52    87.55
T_102    1725.27    90.77
T_103    3009.04    95.67
T_104    902.46    97.70
T_105    -290.77    98.28
T_106    2097.27    98.32
T_107    873.48    99.07
T_108    29.33    99.60
T_109    681.19    99.47
T_110    1250.76    99.25
T_111    44.63    99.43
T_112    1893.15    98.50
T_113    1926.16    98.85
T_114    -404.42    99.16
T_115    2710.67    98.94
T_116    25.55    99.07
T_117    542.32    99.12
T_118    698.90    99.16
T_119    2466.89    99.29
T_120    515.73    99.43
T_121    681.62    98.37
T_122    4472.17    91.35
T_123    -913.16    91.96
T_124    816.80    96.16
T_125    2391.24    97.00
T_126    -161.21    98.85
T_127    3938.12    98.72
T_128    2791.54    98.85
T_129    922.39    99.29
T_130    4143.40    98.72
T_131    2717.85    98.98
T_132    1918.95    98.90
T_133    2969.59    98.50
T_134    3182.30    98.72
T_135    2311.90    98.37
T_136    22561.90    90.73
T_137    265887.50    87.73
T_138    916.54    95.58
T_139    87.88    97.44
T_140    25.49    98.37
T_141    138.94    99.16
T_142    -56.98    99.51
T_143    -5.33    99.25
T_144    33.95    99.38
T_145    -3.97    99.69
T_146    34.34    99.74
T_147    -9.50    99.65
T_148    21.16    99.38
T_149    2.93    99.78
T_150    8.95    99.69
T_151    19.39    99.69
T_152    -33.46    99.82
T_153    -3.50    99.82
T_154    -3.49    99.91
T_155    -24.13    99.69
T_156    12.43    99.82
T_157    1.78    99.74
T_158    2.69    99.74
T_159    16.84    99.69
T_160    -21.95    99.69
T_161    10.38    99.69
T_162    25.22    99.87
T_163    -7.22    99.82
T_164    51.77    99.87
T_165    22.23    99.74
T_166    -14.31    99.96
T_167    21.93    99.74
T_168    -3.52    99.82
T_169    7.53    99.96
T_170    -0.11    99.82
T_171    -7.25    99.87
T_172    17.76    99.82
T_173    -20.66    99.87
T_174    12.24    99.87
T_175    5.36    99.82
T_176    27.70    99.78
T_177    0.00    99.87
T_178    25.57    99.78
T_179    -9.44    99.82
T_180    -5.23    99.78
T_181    0.83    99.65
T_182    -5.63    99.78
T_183    24.10    99.91
T_184    -2.14    99.87
T_185    -0.69    99.91
T_186    0.00    100.00
T_187    48.25    99.78
T_188    0.00    99.87
T_189    22.91    99.82
T_190    23.27    99.82
T_191    0.00    100.00
T_192    10.60    99.96
T_193    0.00    100.00
T_194    13.97    99.78
T_195    -16.37    99.87
T_196    -0.52    99.91
T_197    23.19    99.78
T_198    -62.72    99.74
T_199    0.00    99.91
T_200    1.45    99.96
T_201    1.61    99.91
T_202    -73.27    99.78
T_203    0.00    99.87
T_204    -1.43    99.82
T_205    -5.19    99.87
T_206    43.61    99.87
T_207    -18.81    99.82
T_208    49.42    99.82
T_209    0.00    100.00
T_210    2.68    99.82
T_211    -153.48    99.78
T_212    24.15    99.96
T_213    18.17    99.87
T_214    -13.71    99.82
T_215    -0.21    99.78
T_216    -74.84    99.91
T_217    0.29    99.82
T_218    19.98    99.82
T_219    60.19    99.82
T_220    -24.99    99.91
T_221    42.99    99.87
T_222    16.51    99.82
T_223    7.00    99.91
T_224    9.80    99.91
T_225    -3.35    99.87
T_226    27.10    99.82
T_227    -27.34    99.96
T_228    20.13    99.74
T_229    30.41    99.74
T_230    27.48    99.78
T_231    2.30    99.96
T_232    -12.20    99.74
T_233    -23.71    99.96
T_234    19.35    99.74
T_235    21.93    99.82
T_236    -26.45    99.74
T_237    10.88    99.82
T_238    -18.81    99.91
T_239    64.14    99.65
T_240    35.50    99.69
T_241    49.01    99.74
T_242    -27.94    99.74
T_243    21.03    99.38
T_244    183.06    98.76
T_245    21513.27    94.48
T_246    2381.08    98.76
T_247    -275.35    99.29
T_248    1241.96    99.74
T_249    816.00    99.47
T_250    1284.82    99.65
T_251    287.45    99.60
T_252    290.50    99.82
T_253    225.78    99.87
T_254    -51.81    99.91
T_255    107.37    99.87
T_256    427.96    99.74
T_257    -182.59    99.74
T_258    837.38    99.91
T_259    -420.95    99.87
T_260    1268.37    99.82
T_261    542.52    99.87
T_262    82.24    99.82
T_263    585.96    99.78
T_264    568.04    99.87
T_265    812.22    99.87
T_266    44.79    99.82
T_267    91.01    99.87
T_268    -150.17    99.87
T_269    1289.41    99.82
T_270    551.04    99.87
T_271    676.22    99.87
T_272    48.73    99.87
T_273    779.96    99.87
T_274    874.44    99.87
T_275    134.39    99.96
T_276    0.00    99.91
T_277    66.72    99.91
T_278    0.00    99.96
T_279    781.78    99.82
T_280    831.47    99.87
T_281    -78.77    99.82
T_282    0.00    99.96
T_283    765.28    99.91
T_284    -550.10    99.65
T_285    0.00    99.96
T_286    -140.20    99.82
T_287    0.00    99.96
T_288    0.00    99.87
T_289    237.95    99.91
T_290    843.13    99.87
T_291    0.00    99.91
T_292    229.90    99.96
T_293    0.00    99.91
T_294    0.00    99.91
T_295    826.82    99.91
T_296    1474.36    99.82
T_297    670.08    99.82
T_298    -132.09    99.87
T_299    852.95    99.87
T_300    -16.51    99.96
