T_000    87276.94    94.66
T_001    32.85    99.56
T_002    -9.30    99.34
T_003    -0.69    99.65
T_004    53.74    99.60
T_005    44.67    99.43
T_006    395.10    99.60
T_007    -2.09    99.60
T_008    -678.03    99.43
T_009    573.24    99.65
T_010    16.50    99.74
T_011    0.00    99.65
T_012    420.32    99.69
T_013    80.35    99.51
T_014    222.77    99.56
T_015    587.09    99.60
T_016    3667.02    99.51
T_017    -11589.63    99.65
T_018    -81.59    99.34
T_019    3.95    99.69
T_020    -2.76    99.60
T_021    -137.47    99.51
T_022    -66.12    99.56
T_023    11.40    99.38
T_024    8.62    99.69
T_025    0.00    99.69
T_026    -2.71    99.78
T_027    6.10    99.25
T_028    0.00    99.78
T_029    0.00    99.69
T_030    264.63    99.74
T_031    0.00    99.78
T_032    182.52    99.78
T_033    -3.48    99.38
T_034    29.72    99.56
T_035    -16.74    99.60
T_036    7.44    99.69
T_037    9.62    99.82
T_038    -8.97    99.78
T_039    242.06    99.60
T_040    357.79    99.65
T_041    26952.74    99.65
T_042    97313.95    99.74
T_043    -20651.38    99.74
T_044    -1363.54    99.82
T_045    -90.87    99.56
T_046    -313.44    99.87
T_047    279.49    99.96
T_048    1190.16    99.78
T_049    -10.45    99.91
T_050    0.00    100.00
T_051    10.15    99.96
T_052    42.75    99.91
T_053    0.00    99.96
T_054    0.00    100.00
T_055    0.00    100.00
T_056    82.31    99.96
T_057    0.00    100.00
T_058    0.00    99.96
T_059    0.00    100.00
T_060    0.00    100.00
T_061    0.00    100.00
T_062    0.00    100.00
T_063    0.00    100.00
T_064    712.12    99.91
T_065    0.00    100.00
T_066    0.00    100.00
T_067    0.00    100.00
T_068    0.00    100.00
T_069    0.00    100.00
T_070    0.00    100.00
T_071    0.00    100.00
T_072    0.00    100.00
T_073    -136.79    99.96
T_074    0.00    100.00
T_075    0.00    100.00
T_076    0.00    100.00
T_077    0.00    100.00
T_078    0.00    100.00
T_079    0.00    100.00
T_080    1407.49    99.91
T_081    0.00    100.00
T_082    -147.41    99.96
T_083    0.00    100.00
T_084    263.17    99.96
T_085    0.00    100.00
T_086    0.00    100.00
T_087    0.00    100.00
T_088    0.00    100.00
T_089    0.00    100.00
T_090    -282.81    99.96
T_091    481.03    99.82
T_092    0.00    99.96
T_093    598.31    99.91
T_094    10.22    99.87
T_095    775.34    99.96
T_096    1039.57    99.96
T_097    2447.00    99.74
T_098    10028.33    99.87
T_099    6922.35    99.87
T_100    12585.70    99.87
T_101    1128.69    99.87
T_102    7051.10    99.74
T_103    23347.18    99.65
T_104    77957.98    99.87
T_105    134953.03    99.82
T_106    179168.95    99.60
T_107    187881.18    99.82
T_108    11740.87    99.82
T_109    2483.15    99.69
T_110    1684.22    99.56
T_111    683.24    99.82
T_112    1332.04    99.87
T_113    1152.28    99.91
T_114    1207.45    99.78
T_115    1150.43    99.74
T_116    1151.75    99.65
T_117    1255.88    99.74
T_118    1339.89    99.74
T_119    1191.12    99.65
T_120    800.01    99.87
T_121    900.07    99.91
T_122    1373.71    99.74
T_123    1679.38    99.87
T_124    1859.14    99.82
T_125    2721.95    99.78
T_126    5461.94    99.78
T_127    28062.10    99.87
T_128    107127.29    99.56
T_129    161739.79    99.87
T_130    152279.35    99.82
T_131    143285.77    99.69
T_132    109039.95    99.82
T_133    83657.23    99.69
T_134    39891.86    99.82
T_135    8877.96    99.78
T_136    1268.76    99.69
T_137    -2715.18    99.78
T_138    -1403.02    99.87
T_139    86.09    99.74
T_140    1424.72    99.69
T_141    4121.52    99.96
T_142    2596.98    99.91
T_143    5847.40    99.87
T_144    5680.35    99.69
T_145    7168.32    99.74
T_146    6104.09    99.82
T_147    4648.93    99.91
T_148    4300.11    99.82
T_149    6548.51    99.78
T_150    3345.50    99.82
T_151    2322.10    99.96
T_152    2247.80    99.96
T_153    2344.99    99.96
T_154    2247.41    99.87
T_155    692.15    99.82
T_156    440.29    100.00
T_157    1648.61    99.87
T_158    874.01    99.91
T_159    1019.79    99.91
T_160    850.24    99.96
T_161    814.15    99.96
T_162    797.22    100.00
T_163    2076.15    99.82
T_164    1662.38    99.96
T_165    1400.09    99.91
T_166    1166.57    99.96
T_167    2207.45    99.78
T_168    2263.35    99.96
T_169    2244.55    99.96
T_170    2055.37    99.78
T_171    2141.61    99.91
T_172    1585.62    99.82
T_173    2011.57    100.00
T_174    2160.24    99.91
T_175    1549.58    99.96
T_176    2101.97    99.87
T_177    696.95    99.96
T_178    404.62    99.96
T_179    778.66    99.87
T_180    460.98    100.00
T_181    577.78    99.96
T_182    362.22    100.00
T_183    341.67    100.00
T_184    798.80    99.91
T_185    640.67    99.91
T_186    341.67    100.00
T_187    2025.90    99.87
T_188    902.80    99.87
T_189    521.43    100.00
T_190    264.42    99.87
T_191    761.45    99.87
T_192    925.53    99.96
T_193    854.08    99.91
T_194    1165.01    99.96
T_195    1509.04    100.00
T_196    944.54    99.82
T_197    1980.85    99.87
T_198    1447.30    99.96
T_199    1923.62    100.00
T_200    2685.02    99.87
T_201    2045.07    99.91
T_202    1923.62    100.00
T_203    3293.46    99.91
T_204    2662.26    99.96
T_205    2220.38    99.96
T_206    3459.30    99.96
T_207    3008.96    99.91
T_208    3160.24    100.00
T_209    2753.46    99.96
T_210    2411.64    99.91
T_211    2994.58    99.96
T_212    2409.52    99.96
T_213    2619.54    99.96
T_214    2877.82    99.96
T_215    2633.59    99.91
T_216    2585.53    99.91
T_217    2864.40    99.87
T_218    3168.51    99.96
T_219    2150.62    99.96
T_220    2459.09    99.78
T_221    1854.55    99.82
T_222    2147.13    99.91
T_223    2377.94    99.96
T_224    2045.18    99.91
T_225    1562.43    99.96
T_226    2227.51    99.96
T_227    1925.27    99.96
T_228    2099.11    99.96
T_229    2071.91    99.82
T_230    1533.29    99.96
T_231    1009.88    100.00
T_232    1706.15    99.87
T_233    2096.50    99.91
T_234    1401.55    100.00
T_235    1401.55    100.00
T_236    1530.48    99.87
T_237    938.70    99.91
T_238    2049.24    99.96
T_239    785.77    99.87
T_240    1363.10    100.00
T_241    1440.76    99.96
T_242    1943.84    99.96
T_243    2103.77    100.00
T_244    2103.77    100.00
T_245    1833.03    99.96
T_246    2074.81    99.91
T_247    1512.70    100.00
T_248    1352.67    100.00
T_249    1055.72    99.87
T_250    1352.67    100.00
T_251    1352.67    100.00
T_252    1781.79    99.96
T_253    1411.56    99.96
T_254    1482.76    100.00
T_255    1421.81    100.00
T_256    1440.73    100.00
T_257    620.06    99.96
T_258    1069.41    100.00
T_259    1275.02    99.96
T_260    1069.41    100.00
T_261    1297.87    99.96
T_262    714.93    99.91
T_263    1362.19    99.96
T_264    1603.94    100.00
T_265    1907.76    99.96
T_266    1442.11    99.96
T_267    1451.37    100.00
T_268    1451.37    99.96
T_269    1464.92    99.91
T_270    1642.36    99.91
T_271    1673.23    100.00
T_272    1673.23    100.00
T_273    1673.23    100.00
T_274    1877.27    99.96
T_275    1867.25    100.00
T_276    1999.63    99.96
T_277    1445.14    99.96
T_278    1287.56    100.00
T_279    1287.56    100.00
T_280    2001.67    99.91
T_281    1287.56    100.00
T_282    1525.53    99.96
T_283    1367.97    100.00
T_284    1123.44    99.96
T_285    1689.82    99.96
T_286    688.49    100.00
T_287    688.49    100.00
T_288    335.05    99.96
T_289    349.98    99.96
T_290    -37.93    99.91
T_291    436.28    100.00
T_292    1500.74    99.96
T_293    678.40    100.00
T_294    1022.66    99.91
T_295    1899.62    99.87
T_296    1605.91    100.00
T_297    2583.64    100.00
T_298    1949.90    99.91
T_299    2478.62    99.96
T_300    1777.39    99.96
