Training_0    238067.99
Training_1    2325.89
Training_2    520.75
Training_3    4374.76
Training_4    112163.99
Training_5    143361.64
Training_6    124867.81
Training_7    101050.81
Training_8    54818.75
Training_9    56003.39
Training_10    33880.70
Training_11    14655.22
Training_12    19103.81
Training_13    12125.60
Training_14    9236.57
Training_15    4312.74
Training_16    5194.92
Training_17    8717.25
Training_18    10740.04
Training_19    11565.33
Training_20    19270.45
Training_21    49974.67
Training_22    61646.30
Training_23    53200.77
Training_24    64038.04
Training_25    31926.19
Training_26    8552.74
Training_27    2901.41
Training_28    1843.36
Training_29    74.93
Training_30    264.14
Training_31    14.02
Training_32    166.64
Training_33    94.34
Training_34    557.89
Training_35    126.34
Training_36    1108.77
Training_37    57346.72
Training_38    113872.22
Training_39    110181.93
Training_40    89766.58
Training_41    68886.34
Training_42    17948.39
Training_43    28661.82
Training_44    14705.74
Training_45    6976.78
Training_46    4344.88
Training_47    4917.36
Training_48    4343.56
Training_49    3352.54
Training_50    4473.53
Training_51    416.52
Training_52    4745.21
Training_53    6013.64
Training_54    1402.10
Training_55    556.90
Training_56    4571.39
Training_57    2043.47
Training_58    1241.20
Training_59    3694.79
Training_60    1962.22
Training_61    2891.47
Training_62    1841.78
Training_63    4749.81
Training_64    8113.26
Training_65    13137.06
Training_66    8745.15
Training_67    9392.87
Training_68    6069.06
Training_69    19188.74
Training_70    21969.58
Training_71    75157.28
Training_72    151947.14
Training_73    222942.17
Training_74    274195.23
Training_75    219920.99
Training_76    830.87
Training_77    914.12
Training_78    145.10
Training_79    102.70
Training_80    535.38
Training_81    543.03
Training_82    266.63
Training_83    259.77
Training_84    1695.76
Training_85    14121.71
Training_86    214140.16
Training_87    246483.18
Training_88    243821.65
Training_89    234957.87
Training_90    175276.11
Training_91    121054.88
Training_92    23493.24
Training_93    15468.22
Training_94    11224.19
Training_95    4736.88
Training_96    2444.52
Training_97    17813.27
Training_98    72546.25
Training_99    174960.38
Training_100    253284.75
Training_101    279522.47
Training_102    286419.36
Training_103    5238.75
Training_104    726.58
Training_105    322.70
Training_106    34.20
Training_107    402.18
Training_108    844.97
Training_109    739.36
Training_110    5436.03
Training_111    122972.41
Training_112    240964.71
Training_113    231422.51
Training_114    169669.90
Training_115    65051.13
Training_116    21144.71
Training_117    14235.38
Training_118    7594.84
Training_119    10164.45
Training_120    4934.86
Training_121    3404.51
Training_122    17081.64
Training_123    39149.59
Training_124    155040.79
Training_125    249258.35
Training_126    285402.38
Training_127    294920.92
Training_128    36772.66
Training_129    112.07
Training_130    235.39
Training_131    471.57
Training_132    162.14
Training_133    238.83
Training_134    12.17
Training_135    1576.05
Training_136    4001.42
Training_137    164530.63
Training_138    248505.57
Training_139    204677.31
Training_140    101998.21
Training_141    24502.20
Training_142    11631.80
Training_143    8533.72
Training_144    13128.73
Training_145    648.91
Training_146    2988.25
Training_147    7206.69
Training_148    35164.39
Training_149    90044.05
Training_150    215088.35
Training_151    271334.75
Training_152    310415.57
Training_153    170673.52
Training_154    1569.56
Training_155    111.20
Training_156    177.04
Training_157    202.83
Training_158    215.67
Training_159    308.84
Training_160    2288.42
Training_161    39208.29
Training_162    223597.36
Training_163    231316.06
Training_164    163257.77
Training_165    74435.47
Training_166    24636.13
Training_167    16374.05
Training_168    5999.33
Training_169    10284.72
Training_170    3256.38
Training_171    1430.06
Training_172    1968.51
Training_173    826.58
Training_174    2933.96
Training_175    14450.45
Training_176    42941.94
Training_177    164338.93
Training_178    243415.17
Training_179    284619.40
Training_180    176856.81
Training_181    347.15
Training_182    354.89
Training_183    326.34
Training_184    248.66
Training_185    101.80
Training_186    293.09
Training_187    323.81
Training_188    409.60
Training_189    1122.80
Training_190    44095.10
Training_191    221351.24
Training_192    210883.19
Training_193    163709.75
Training_194    41891.58
Training_195    18797.27
Training_196    13379.39
Training_197    8143.03
Training_198    10771.43
Training_199    12641.12
Training_200    29753.34
Training_201    26192.64
Training_202    38615.89
Training_203    172371.58
Training_204    152967.17
Training_205    141820.30
Training_206    194494.54
Training_207    270681.20
Training_208    245231.14
Training_209    319003.46
Training_210    161999.52
Training_211    4984.14
Training_212    354.91
Training_213    471.66
Training_214    360.74
Training_215    34.07
Training_216    474.13
Training_217    1082.16
Training_218    99636.54
Training_219    234184.16
Training_220    205519.92
Training_221    112435.20
Training_222    30001.60
Training_223    6741.93
Training_224    10540.37
Training_225    9193.64
Training_226    9367.22
Training_227    4453.77
Training_228    5110.51
Training_229    6793.52
Training_230    6822.39
Training_231    7873.74
Training_232    18423.81
Training_233    33581.30
Training_234    180574.88
Training_235    223911.26
Training_236    272916.06
Training_237    304375.30
Training_238    17206.68
Training_239    558.74
Training_240    475.89
Training_241    605.02
Training_242    56.30
Training_243    173.83
Training_244    1887.93
Training_245    16721.35
Training_246    232319.45
Training_247    194779.70
Training_248    106126.76
Training_249    13585.43
Training_250    17543.25
Training_251    15340.36
Training_252    13757.99
Training_253    6539.53
Training_254    2828.25
Training_255    25338.99
Training_256    99782.13
Training_257    200229.88
Training_258    289770.15
Training_259    187552.12
Training_260    4922.07
Training_261    210.95
Training_262    147.11
Training_263    206.13
Training_264    813.08
Training_265    47852.00
Training_266    248953.00
Training_267    200436.42
Training_268    109431.61
Training_269    22558.50
Training_270    10504.21
Training_271    7205.23
Training_272    7635.14
Training_273    51279.75
Training_274    150163.64
Training_275    235999.65
Training_276    250782.64
Training_277    210435.65
Training_278    182017.27
Training_279    190547.24
Training_280    192215.96
Training_281    179948.91
Training_282    231992.58
Training_283    266334.69
Training_284    205737.10
Training_285    123548.04
Training_286    94078.17
Training_287    50195.49
Training_288    20140.19
Training_289    22284.39
Training_290    22150.81
Training_291    21984.38
Training_292    19496.36
Training_293    37727.60
Training_294    98326.24
Training_295    166660.42
Training_296    168253.34
Training_297    212293.35
Training_298    278393.16
Training_299    364581.04
Training_300    199701.92
