T_000    28404.52    61.19
T_001    -271.69    93.02
T_002    -1070.54    89.01
T_003    100.03    96.29
T_004    51231.75    81.90
T_005    2217.15    89.09
T_006    -59.25    95.32
T_007    -167.65    89.32
T_008    3040.30    97.75
T_009    429.72    99.25
T_010    1035.20    99.51
T_011    456.52    99.47
T_012    1532.45    99.65
T_013    565.41    99.78
T_014    1639.74    99.87
T_015    597.41    99.96
T_016    20.48    99.87
T_017    449.25    99.91
T_018    581.63    99.91
T_019    717.33    99.91
T_020    13.17    99.69
T_021    1967.12    99.60
T_022    -498.96    99.65
T_023    73790.77    97.44
T_024    176.96    96.87
T_025    31.91    99.12
T_026    13.56    99.47
T_027    -15.02    99.51
T_028    -49.05    99.65
T_029    -37.06    93.64
T_030    190.45    97.92
T_031    101.36    98.68
T_032    205.46    89.09
T_033    -35.42    86.80
T_034    154786.28    88.39
T_035    42.29    98.32
T_036    -20.31    99.74
T_037    6.26    99.91
T_038    3.07    99.87
T_039    -16.69    99.87
T_040    0.00    100.00
T_041    0.00    100.00
T_042    3.21    99.96
T_043    3.84    99.82
T_044    0.00    99.96
T_045    122.77    97.13
T_046    65978.41    95.67
T_047    40991.00    96.34
T_048    -41671.10    95.67
T_049    311.14    96.47
T_050    -1026.20    96.11
T_051    -517.98    97.48
T_052    -608.76    97.79
T_053    -896.01    97.75
T_054    6870.98    97.09
T_055    -3466.09    97.57
T_056    2434.93    96.95
T_057    512.77    98.01
T_058    680.22    97.44
T_059    12770.73    97.75
T_060    -1766.97    97.31
T_061    -1854.16    98.01
T_062    -474.48    98.41
T_063    -1081.79    98.54
T_064    -877.20    98.68
T_065    -294.68    98.76
T_066    -565.39    98.59
T_067    -771.64    99.03
T_068    -725.76    98.68
T_069    -475.16    99.03
T_070    -1008.64    98.98
T_071    779.52    98.37
T_072    2525.95    98.06
T_073    -200.43    98.41
T_074    -321.62    98.54
T_075    -716.36    98.50
T_076    8445.48    98.50
T_077    100.86    98.15
T_078    216.20    98.41
T_079    -773.32    98.90
T_080    -1312.01    98.85
T_081    -175.14    99.03
T_082    -208.53    98.98
T_083    -326.66    98.59
T_084    498.42    98.76
T_085    218451.27    98.45
T_086    223.42    99.21
T_087    73.69    99.82
T_088    27.02    99.87
T_089    -83.93    99.82
T_090    -126.46    99.78
T_091    -253.85    99.34
T_092    -139.66    99.60
T_093    43.11    99.82
T_094    -247.73    99.78
T_095    120.17    99.65
T_096    32.26    99.21
T_097    -178.15    99.87
T_098    -113.58    100.00
T_099    -87.85    99.91
T_100    -229.80    99.91
T_101    -144.75    99.87
T_102    17.64    99.65
T_103    912.14    99.25
T_104    1204.24    99.12
T_105    508.58    99.43
T_106    1771.99    99.12
T_107    498.86    99.43
T_108    508.97    99.74
T_109    1859.39    99.25
T_110    1507.70    99.25
T_111    262.76    99.82
T_112    155.52    99.74
T_113    444.55    99.65
T_114    614.05    99.65
T_115    974.49    99.56
T_116    1289.80    99.47
T_117    1137.49    99.43
T_118    1117.63    99.60
T_119    2958.64    99.25
T_120    1089.43    99.51
T_121    414.20    99.56
T_122    4029.58    99.47
T_123    921.35    99.56
T_124    148.74    99.47
T_125    449.33    99.51
T_126    -670.70    99.74
T_127    -1658.28    99.69
T_128    1040.34    99.60
T_129    379.13    99.65
T_130    1638.92    99.43
T_131    1098.66    99.47
T_132    334.18    99.47
T_133    527.47    99.87
T_134    353.56    99.78
T_135    350.75    99.56
T_136    1162.66    99.60
T_137    2377.97    99.56
T_138    35146.45    99.74
T_139    -223.54    99.69
T_140    483.55    99.69
T_141    -36.35    99.74
T_142    -12.24    99.82
T_143    -16.30    99.96
T_144    52.97    99.74
T_145    -39.79    99.91
T_146    70.43    99.91
T_147    -27.48    99.78
T_148    -36.75    99.78
T_149    110538.55    99.78
T_150    1902.91    99.82
T_151    4.80    99.96
T_152    66.38    100.00
T_153    -19.82    99.91
T_154    -354.47    99.91
T_155    96.71    99.91
T_156    86.99    99.78
T_157    145.78    99.87
T_158    24.03    100.00
T_159    50.21    100.00
T_160    64.40    100.00
T_161    22.26    99.96
T_162    -111.80    99.82
T_163    935.71    99.87
T_164    292.43    99.87
T_165    -689.15    99.74
T_166    -83.00    99.74
T_167    1016.94    99.96
T_168    -236.87    99.87
T_169    3292.39    99.74
T_170    1644.63    99.87
T_171    2.21    99.96
T_172    312.46    99.91
T_173    764.94    99.78
T_174    8774.55    99.69
T_175    2619.40    99.87
T_176    -545.15    99.87
T_177    -54.61    99.96
T_178    -13.24    100.00
T_179    21.70    100.00
T_180    -6.79    100.00
T_181    -164.11    100.00
T_182    28.77    100.00
T_183    -109.99    100.00
T_184    56.65    100.00
T_185    -16.40    99.96
T_186    -0.13    99.96
T_187    108.50    100.00
T_188    12.15    99.96
T_189    219.00    100.00
T_190    381.69    99.82
T_191    38.63    100.00
T_192    -111.30    99.96
T_193    886.44    99.91
T_194    1543.30    99.82
T_195    5082.90    100.00
T_196    23056.35    99.96
T_197    2791.20    99.78
T_198    662.29    99.78
T_199    562.24    100.00
T_200    532.55    100.00
T_201    326.80    99.87
T_202    111.66    99.96
T_203    150.99    100.00
T_204    59.71    100.00
T_205    -6.68    100.00
T_206    -27.42    100.00
T_207    58.30    99.96
T_208    142.84    100.00
T_209    72.13    100.00
T_210    301.08    100.00
T_211    79.21    100.00
T_212    104.65    100.00
T_213    211.01    100.00
T_214    346.58    100.00
T_215    1102.87    99.91
T_216    1075.49    99.74
T_217    7667.09    100.00
T_218    192198.67    99.78
T_219    13441.30    100.00
T_220    9653.41    99.91
T_221    299.36    100.00
T_222    346.54    99.96
T_223    177.00    100.00
T_224    68.12    100.00
T_225    -43.65    100.00
T_226    65.28    100.00
T_227    -68.52    100.00
T_228    48.94    99.96
T_229    201.70    100.00
T_230    105.58    100.00
T_231    105.81    100.00
T_232    92.04    99.96
T_233    -2.96    100.00
T_234    8.19    100.00
T_235    93.45    99.96
T_236    -28.35    100.00
T_237    -28.46    100.00
T_238    177.99    100.00
T_239    14128.17    99.91
T_240    110879.61    99.91
T_241    132647.24    99.96
T_242    242644.06    99.96
T_243    312.85    100.00
T_244    256.18    100.00
T_245    76.78    100.00
T_246    14.83    100.00
T_247    -24.01    100.00
T_248    0.00    100.00
T_249    0.00    100.00
T_250    88.35    99.96
T_251    -21.56    100.00
T_252    0.00    100.00
T_253    0.00    100.00
T_254    21.14    100.00
T_255    0.00    100.00
T_256    0.00    100.00
T_257    0.00    100.00
T_258    0.00    100.00
T_259    0.00    100.00
T_260    0.00    100.00
T_261    -34.89    100.00
T_262    -8.86    100.00
T_263    0.00    100.00
T_264    0.00    100.00
T_265    0.00    100.00
T_266    215.20    100.00
T_267    -62.38    100.00
T_268    167.68    100.00
T_269    -9.48    99.96
T_270    -171.30    99.96
T_271    13.63    100.00
T_272    -102.19    99.91
T_273    -245.80    100.00
T_274    -5.84    100.00
T_275    -55.13    100.00
T_276    -42.54    100.00
T_277    -22.44    100.00
T_278    17771.32    99.96
T_279    200034.29    99.96
T_280    1166.61    99.82
T_281    -199.49    100.00
T_282    -200.88    100.00
T_283    112.60    100.00
T_284    -33.73    100.00
T_285    -185.94    100.00
T_286    -423.60    100.00
T_287    -150.35    99.96
T_288    326.06    99.96
T_289    211.22    99.96
T_290    947.64    99.87
T_291    -47.34    99.96
T_292    -204.20    100.00
T_293    212.76    100.00
T_294    -160.93    100.00
T_295    31.19    100.00
T_296    -28.90    100.00
T_297    45.41    100.00
T_298    -74.04    100.00
T_299    12.36    100.00
T_300    651.31    100.00
