2019-11-19 22:40:06,536 : DEBUG : __main__ : *******************
2019-11-19 22:40:06,536 : DEBUG : __main__ : Episode 0/101
2019-11-19 22:40:41,039 : DEBUG : __main__ : ------------------------------------------
2019-11-19 22:40:41,039 : DEBUG : __main__ : Total Profit: -$3344.58
2019-11-19 22:40:41,039 : DEBUG : __main__ : ------------------------------------------
2019-11-19 22:40:41,068 : DEBUG : __main__ : episodeDuration 34.532773
2019-11-19 22:40:41,069 : DEBUG : __main__ : trainingDuration 34.532783
2019-11-19 22:40:41,069 : DEBUG : __main__ : 
2019-11-19 22:40:41,069 : DEBUG : __main__ : *******************
2019-11-19 22:40:41,069 : DEBUG : __main__ : starting validation after episode 0
2019-11-19 22:40:44,389 : DEBUG : __main__ : ------------------------------------------
2019-11-19 22:40:44,389 : DEBUG : __main__ : Total Profit of Validation: $223.76
2019-11-19 22:40:44,389 : DEBUG : __main__ : ------------------------------------------
2019-11-19 22:40:44,389 : DEBUG : __main__ : *******************
2019-11-19 22:40:44,389 : DEBUG : __main__ : Episode 1/101
2019-11-19 22:41:17,843 : DEBUG : __main__ : ------------------------------------------
2019-11-19 22:41:17,843 : DEBUG : __main__ : Total Profit: $1331.38
2019-11-19 22:41:17,844 : DEBUG : __main__ : ------------------------------------------
2019-11-19 22:41:17,874 : DEBUG : __main__ : episodeDuration 33.484767
2019-11-19 22:41:17,874 : DEBUG : __main__ : trainingDuration 71.338561
2019-11-19 22:41:17,874 : DEBUG : __main__ : 
2019-11-19 22:41:17,875 : DEBUG : __main__ : *******************
2019-11-19 22:41:17,875 : DEBUG : __main__ : Episode 2/101
2019-11-19 22:41:56,267 : DEBUG : __main__ : ------------------------------------------
2019-11-19 22:41:56,267 : DEBUG : __main__ : Total Profit: $8253.23
2019-11-19 22:41:56,267 : DEBUG : __main__ : ------------------------------------------
2019-11-19 22:41:56,323 : DEBUG : __main__ : episodeDuration 38.448301
2019-11-19 22:41:56,323 : DEBUG : __main__ : trainingDuration 109.787232
2019-11-19 22:41:56,323 : DEBUG : __main__ : 
2019-11-19 22:41:56,324 : DEBUG : __main__ : *******************
2019-11-19 22:41:56,324 : DEBUG : __main__ : Episode 3/101
2019-11-19 22:42:39,184 : DEBUG : __main__ : ------------------------------------------
2019-11-19 22:42:39,185 : DEBUG : __main__ : Total Profit: $74385.26
2019-11-19 22:42:39,185 : DEBUG : __main__ : ------------------------------------------
2019-11-19 22:42:39,318 : DEBUG : __main__ : episodeDuration 42.994342
2019-11-19 22:42:39,318 : DEBUG : __main__ : trainingDuration 152.78231
2019-11-19 22:42:39,319 : DEBUG : __main__ : 
2019-11-19 22:42:39,319 : DEBUG : __main__ : *******************
2019-11-19 22:42:39,319 : DEBUG : __main__ : Episode 4/101
2019-11-19 22:43:21,252 : DEBUG : __main__ : ------------------------------------------
2019-11-19 22:43:21,252 : DEBUG : __main__ : Total Profit: $98410.78
2019-11-19 22:43:21,253 : DEBUG : __main__ : ------------------------------------------
2019-11-19 22:43:21,299 : DEBUG : __main__ : episodeDuration 41.980173
2019-11-19 22:43:21,299 : DEBUG : __main__ : trainingDuration 194.763362
2019-11-19 22:43:21,300 : DEBUG : __main__ : 
2019-11-19 22:43:21,300 : DEBUG : __main__ : *******************
2019-11-19 22:43:21,300 : DEBUG : __main__ : Episode 5/101
2019-11-19 22:44:02,094 : DEBUG : __main__ : ------------------------------------------
2019-11-19 22:44:02,094 : DEBUG : __main__ : Total Profit: $83088.17
2019-11-19 22:44:02,095 : DEBUG : __main__ : ------------------------------------------
2019-11-19 22:44:02,143 : DEBUG : __main__ : episodeDuration 40.843055
2019-11-19 22:44:02,143 : DEBUG : __main__ : trainingDuration 235.607154
2019-11-19 22:44:02,143 : DEBUG : __main__ : 
2019-11-19 22:44:02,143 : DEBUG : __main__ : *******************
2019-11-19 22:44:02,144 : DEBUG : __main__ : Episode 6/101
2019-11-19 22:44:41,594 : DEBUG : __main__ : ------------------------------------------
2019-11-19 22:44:41,594 : DEBUG : __main__ : Total Profit: $64328.46
2019-11-19 22:44:41,594 : DEBUG : __main__ : ------------------------------------------
2019-11-19 22:44:41,638 : DEBUG : __main__ : episodeDuration 39.494404
2019-11-19 22:44:41,638 : DEBUG : __main__ : trainingDuration 275.10225
2019-11-19 22:44:41,638 : DEBUG : __main__ : 
2019-11-19 22:44:41,638 : DEBUG : __main__ : *******************
2019-11-19 22:44:41,638 : DEBUG : __main__ : Episode 7/101
2019-11-19 22:45:21,511 : DEBUG : __main__ : ------------------------------------------
2019-11-19 22:45:21,511 : DEBUG : __main__ : Total Profit: $40975.61
2019-11-19 22:45:21,511 : DEBUG : __main__ : ------------------------------------------
2019-11-19 22:45:21,561 : DEBUG : __main__ : episodeDuration 39.922402
2019-11-19 22:45:21,561 : DEBUG : __main__ : trainingDuration 315.02514
2019-11-19 22:45:21,561 : DEBUG : __main__ : 
2019-11-19 22:45:21,561 : DEBUG : __main__ : *******************
2019-11-19 22:45:21,561 : DEBUG : __main__ : Episode 8/101
2019-11-19 22:46:01,291 : DEBUG : __main__ : ------------------------------------------
2019-11-19 22:46:01,291 : DEBUG : __main__ : Total Profit: $50171.74
2019-11-19 22:46:01,291 : DEBUG : __main__ : ------------------------------------------
2019-11-19 22:46:01,337 : DEBUG : __main__ : episodeDuration 39.776092
2019-11-19 22:46:01,338 : DEBUG : __main__ : trainingDuration 354.801722
2019-11-19 22:46:01,338 : DEBUG : __main__ : 
2019-11-19 22:46:01,338 : DEBUG : __main__ : *******************
2019-11-19 22:46:01,338 : DEBUG : __main__ : Episode 9/101
2019-11-19 22:46:40,605 : DEBUG : __main__ : ------------------------------------------
2019-11-19 22:46:40,605 : DEBUG : __main__ : Total Profit: $48046.94
2019-11-19 22:46:40,605 : DEBUG : __main__ : ------------------------------------------
2019-11-19 22:46:40,653 : DEBUG : __main__ : episodeDuration 39.31475
2019-11-19 22:46:40,653 : DEBUG : __main__ : trainingDuration 394.117089
2019-11-19 22:46:40,653 : DEBUG : __main__ : 
2019-11-19 22:46:40,653 : DEBUG : __main__ : *******************
2019-11-19 22:46:40,653 : DEBUG : __main__ : Episode 10/101
2019-11-19 22:47:20,908 : DEBUG : __main__ : ------------------------------------------
2019-11-19 22:47:20,908 : DEBUG : __main__ : Total Profit: $18852.52
2019-11-19 22:47:20,908 : DEBUG : __main__ : ------------------------------------------
2019-11-19 22:47:20,961 : DEBUG : __main__ : episodeDuration 40.308011
2019-11-19 22:47:20,961 : DEBUG : __main__ : trainingDuration 434.425524
2019-11-19 22:47:20,961 : DEBUG : __main__ : 
2019-11-19 22:47:20,962 : DEBUG : __main__ : *******************
2019-11-19 22:47:20,962 : DEBUG : __main__ : starting validation after episode 10
2019-11-19 22:47:25,139 : DEBUG : __main__ : ------------------------------------------
2019-11-19 22:47:25,139 : DEBUG : __main__ : Total Profit of Validation: $1853.20
2019-11-19 22:47:25,139 : DEBUG : __main__ : ------------------------------------------
2019-11-19 22:47:25,140 : DEBUG : __main__ : *******************
2019-11-19 22:47:25,140 : DEBUG : __main__ : Episode 11/101
2019-11-19 22:48:08,376 : DEBUG : __main__ : ------------------------------------------
2019-11-19 22:48:08,376 : DEBUG : __main__ : Total Profit: $5936.16
2019-11-19 22:48:08,376 : DEBUG : __main__ : ------------------------------------------
2019-11-19 22:48:08,438 : DEBUG : __main__ : episodeDuration 43.298664
2019-11-19 22:48:08,439 : DEBUG : __main__ : trainingDuration 481.902588
2019-11-19 22:48:08,439 : DEBUG : __main__ : 
2019-11-19 22:48:08,439 : DEBUG : __main__ : *******************
2019-11-19 22:48:08,439 : DEBUG : __main__ : Episode 12/101
2019-11-19 22:48:47,572 : DEBUG : __main__ : ------------------------------------------
2019-11-19 22:48:47,572 : DEBUG : __main__ : Total Profit: $10709.24
2019-11-19 22:48:47,572 : DEBUG : __main__ : ------------------------------------------
2019-11-19 22:48:47,627 : DEBUG : __main__ : episodeDuration 39.188078
2019-11-19 22:48:47,627 : DEBUG : __main__ : trainingDuration 521.091329
2019-11-19 22:48:47,627 : DEBUG : __main__ : 
2019-11-19 22:48:47,627 : DEBUG : __main__ : *******************
2019-11-19 22:48:47,627 : DEBUG : __main__ : Episode 13/101
2019-11-19 22:49:27,921 : DEBUG : __main__ : ------------------------------------------
2019-11-19 22:49:27,922 : DEBUG : __main__ : Total Profit: $14318.38
2019-11-19 22:49:27,922 : DEBUG : __main__ : ------------------------------------------
2019-11-19 22:49:27,978 : DEBUG : __main__ : episodeDuration 40.350328
2019-11-19 22:49:27,978 : DEBUG : __main__ : trainingDuration 561.442046
2019-11-19 22:49:27,978 : DEBUG : __main__ : 
2019-11-19 22:49:27,978 : DEBUG : __main__ : *******************
2019-11-19 22:49:27,978 : DEBUG : __main__ : Episode 14/101
2019-11-19 22:50:11,063 : DEBUG : __main__ : ------------------------------------------
2019-11-19 22:50:11,063 : DEBUG : __main__ : Total Profit: $7739.35
2019-11-19 22:50:11,064 : DEBUG : __main__ : ------------------------------------------
2019-11-19 22:50:11,129 : DEBUG : __main__ : episodeDuration 43.150665
2019-11-19 22:50:11,129 : DEBUG : __main__ : trainingDuration 604.5932
2019-11-19 22:50:11,129 : DEBUG : __main__ : 
2019-11-19 22:50:11,129 : DEBUG : __main__ : *******************
2019-11-19 22:50:11,129 : DEBUG : __main__ : Episode 15/101
2019-11-19 22:50:52,133 : DEBUG : __main__ : ------------------------------------------
2019-11-19 22:50:52,133 : DEBUG : __main__ : Total Profit: $3927.44
2019-11-19 22:50:52,133 : DEBUG : __main__ : ------------------------------------------
2019-11-19 22:50:52,215 : DEBUG : __main__ : episodeDuration 41.085278
2019-11-19 22:50:52,215 : DEBUG : __main__ : trainingDuration 645.679035
2019-11-19 22:50:52,215 : DEBUG : __main__ : 
2019-11-19 22:50:52,215 : DEBUG : __main__ : *******************
2019-11-19 22:50:52,215 : DEBUG : __main__ : Episode 16/101
2019-11-19 22:51:35,388 : DEBUG : __main__ : ------------------------------------------
2019-11-19 22:51:35,388 : DEBUG : __main__ : Total Profit: $4656.93
2019-11-19 22:51:35,388 : DEBUG : __main__ : ------------------------------------------
2019-11-19 22:51:35,463 : DEBUG : __main__ : episodeDuration 43.247893
2019-11-19 22:51:35,464 : DEBUG : __main__ : trainingDuration 688.927489
2019-11-19 22:51:35,464 : DEBUG : __main__ : 
2019-11-19 22:51:35,464 : DEBUG : __main__ : *******************
2019-11-19 22:51:35,464 : DEBUG : __main__ : Episode 17/101
2019-11-19 22:52:20,248 : DEBUG : __main__ : ------------------------------------------
2019-11-19 22:52:20,248 : DEBUG : __main__ : Total Profit: $3482.33
2019-11-19 22:52:20,248 : DEBUG : __main__ : ------------------------------------------
2019-11-19 22:52:20,316 : DEBUG : __main__ : episodeDuration 44.851676
2019-11-19 22:52:20,316 : DEBUG : __main__ : trainingDuration 733.779957
2019-11-19 22:52:20,316 : DEBUG : __main__ : 
2019-11-19 22:52:20,316 : DEBUG : __main__ : *******************
2019-11-19 22:52:20,316 : DEBUG : __main__ : Episode 18/101
2019-11-19 22:53:03,123 : DEBUG : __main__ : ------------------------------------------
2019-11-19 22:53:03,123 : DEBUG : __main__ : Total Profit: $4067.92
2019-11-19 22:53:03,123 : DEBUG : __main__ : ------------------------------------------
2019-11-19 22:53:03,191 : DEBUG : __main__ : episodeDuration 42.875311
2019-11-19 22:53:03,192 : DEBUG : __main__ : trainingDuration 776.655669
2019-11-19 22:53:03,192 : DEBUG : __main__ : 
2019-11-19 22:53:03,192 : DEBUG : __main__ : *******************
2019-11-19 22:53:03,192 : DEBUG : __main__ : Episode 19/101
2019-11-19 22:53:43,211 : DEBUG : __main__ : ------------------------------------------
2019-11-19 22:53:43,212 : DEBUG : __main__ : Total Profit: $4986.66
2019-11-19 22:53:43,212 : DEBUG : __main__ : ------------------------------------------
2019-11-19 22:53:43,280 : DEBUG : __main__ : episodeDuration 40.088028
2019-11-19 22:53:43,280 : DEBUG : __main__ : trainingDuration 816.74427
2019-11-19 22:53:43,280 : DEBUG : __main__ : 
2019-11-19 22:53:43,280 : DEBUG : __main__ : *******************
2019-11-19 22:53:43,280 : DEBUG : __main__ : Episode 20/101
2019-11-19 22:54:26,868 : DEBUG : __main__ : ------------------------------------------
2019-11-19 22:54:26,868 : DEBUG : __main__ : Total Profit: $9574.65
2019-11-19 22:54:26,868 : DEBUG : __main__ : ------------------------------------------
2019-11-19 22:54:26,938 : DEBUG : __main__ : episodeDuration 43.657806
2019-11-19 22:54:26,938 : DEBUG : __main__ : trainingDuration 860.402483
2019-11-19 22:54:26,938 : DEBUG : __main__ : 
2019-11-19 22:54:26,939 : DEBUG : __main__ : *******************
2019-11-19 22:54:26,939 : DEBUG : __main__ : starting validation after episode 20
2019-11-19 22:54:31,287 : DEBUG : __main__ : ------------------------------------------
2019-11-19 22:54:31,287 : DEBUG : __main__ : Total Profit of Validation: $73.37
2019-11-19 22:54:31,287 : DEBUG : __main__ : ------------------------------------------
2019-11-19 22:54:31,288 : DEBUG : __main__ : *******************
2019-11-19 22:54:31,288 : DEBUG : __main__ : Episode 21/101
2019-11-19 22:55:12,829 : DEBUG : __main__ : ------------------------------------------
2019-11-19 22:55:12,829 : DEBUG : __main__ : Total Profit: $842.84
2019-11-19 22:55:12,829 : DEBUG : __main__ : ------------------------------------------
2019-11-19 22:55:12,906 : DEBUG : __main__ : episodeDuration 41.617696
2019-11-19 22:55:12,906 : DEBUG : __main__ : trainingDuration 906.369838
2019-11-19 22:55:12,906 : DEBUG : __main__ : 
2019-11-19 22:55:12,906 : DEBUG : __main__ : *******************
2019-11-19 22:55:12,906 : DEBUG : __main__ : Episode 22/101
2019-11-19 22:55:53,611 : DEBUG : __main__ : ------------------------------------------
2019-11-19 22:55:53,611 : DEBUG : __main__ : Total Profit: $8176.37
2019-11-19 22:55:53,611 : DEBUG : __main__ : ------------------------------------------
2019-11-19 22:55:53,685 : DEBUG : __main__ : episodeDuration 40.778838
2019-11-19 22:55:53,685 : DEBUG : __main__ : trainingDuration 947.14921
2019-11-19 22:55:53,685 : DEBUG : __main__ : 
2019-11-19 22:55:53,685 : DEBUG : __main__ : *******************
2019-11-19 22:55:53,685 : DEBUG : __main__ : Episode 23/101
2019-11-19 22:56:36,263 : DEBUG : __main__ : ------------------------------------------
2019-11-19 22:56:36,263 : DEBUG : __main__ : Total Profit: $1512.56
2019-11-19 22:56:36,263 : DEBUG : __main__ : ------------------------------------------
2019-11-19 22:56:36,356 : DEBUG : __main__ : episodeDuration 42.670792
2019-11-19 22:56:36,357 : DEBUG : __main__ : trainingDuration 989.820544
2019-11-19 22:56:36,357 : DEBUG : __main__ : 
2019-11-19 22:56:36,357 : DEBUG : __main__ : *******************
2019-11-19 22:56:36,357 : DEBUG : __main__ : Episode 24/101
2019-11-19 22:57:18,269 : DEBUG : __main__ : ------------------------------------------
2019-11-19 22:57:18,269 : DEBUG : __main__ : Total Profit: $3324.49
2019-11-19 22:57:18,269 : DEBUG : __main__ : ------------------------------------------
2019-11-19 22:57:18,345 : DEBUG : __main__ : episodeDuration 41.988319
2019-11-19 22:57:18,345 : DEBUG : __main__ : trainingDuration 1031.809477
2019-11-19 22:57:18,345 : DEBUG : __main__ : 
2019-11-19 22:57:18,346 : DEBUG : __main__ : *******************
2019-11-19 22:57:18,346 : DEBUG : __main__ : Episode 25/101
2019-11-19 22:57:58,225 : DEBUG : __main__ : ------------------------------------------
2019-11-19 22:57:58,225 : DEBUG : __main__ : Total Profit: $8250.08
2019-11-19 22:57:58,225 : DEBUG : __main__ : ------------------------------------------
2019-11-19 22:57:58,306 : DEBUG : __main__ : episodeDuration 39.960799
2019-11-19 22:57:58,307 : DEBUG : __main__ : trainingDuration 1071.770717
2019-11-19 22:57:58,307 : DEBUG : __main__ : 
2019-11-19 22:57:58,307 : DEBUG : __main__ : *******************
2019-11-19 22:57:58,307 : DEBUG : __main__ : Episode 26/101
2019-11-19 22:58:37,014 : DEBUG : __main__ : ------------------------------------------
2019-11-19 22:58:37,014 : DEBUG : __main__ : Total Profit: $3070.69
2019-11-19 22:58:37,014 : DEBUG : __main__ : ------------------------------------------
2019-11-19 22:58:37,095 : DEBUG : __main__ : episodeDuration 38.78846
2019-11-19 22:58:37,096 : DEBUG : __main__ : trainingDuration 1110.559758
2019-11-19 22:58:37,096 : DEBUG : __main__ : 
2019-11-19 22:58:37,096 : DEBUG : __main__ : *******************
2019-11-19 22:58:37,096 : DEBUG : __main__ : Episode 27/101
2019-11-19 22:59:16,707 : DEBUG : __main__ : ------------------------------------------
2019-11-19 22:59:16,707 : DEBUG : __main__ : Total Profit: $7293.85
2019-11-19 22:59:16,707 : DEBUG : __main__ : ------------------------------------------
2019-11-19 22:59:16,792 : DEBUG : __main__ : episodeDuration 39.695819
2019-11-19 22:59:16,792 : DEBUG : __main__ : trainingDuration 1150.256058
2019-11-19 22:59:16,792 : DEBUG : __main__ : 
2019-11-19 22:59:16,792 : DEBUG : __main__ : *******************
2019-11-19 22:59:16,792 : DEBUG : __main__ : Episode 28/101
2019-11-19 22:59:55,871 : DEBUG : __main__ : ------------------------------------------
2019-11-19 22:59:55,871 : DEBUG : __main__ : Total Profit: $5185.75
2019-11-19 22:59:55,872 : DEBUG : __main__ : ------------------------------------------
2019-11-19 22:59:55,960 : DEBUG : __main__ : episodeDuration 39.167987
2019-11-19 22:59:55,961 : DEBUG : __main__ : trainingDuration 1189.424662
2019-11-19 22:59:55,961 : DEBUG : __main__ : 
2019-11-19 22:59:55,961 : DEBUG : __main__ : *******************
2019-11-19 22:59:55,961 : DEBUG : __main__ : Episode 29/101
2019-11-19 23:00:38,321 : DEBUG : __main__ : ------------------------------------------
2019-11-19 23:00:38,321 : DEBUG : __main__ : Total Profit: $145.48
2019-11-19 23:00:38,321 : DEBUG : __main__ : ------------------------------------------
2019-11-19 23:00:38,417 : DEBUG : __main__ : episodeDuration 42.456465
2019-11-19 23:00:38,418 : DEBUG : __main__ : trainingDuration 1231.881771
2019-11-19 23:00:38,418 : DEBUG : __main__ : 
2019-11-19 23:00:38,418 : DEBUG : __main__ : *******************
2019-11-19 23:00:38,418 : DEBUG : __main__ : Episode 30/101
2019-11-19 23:01:18,127 : DEBUG : __main__ : ------------------------------------------
2019-11-19 23:01:18,127 : DEBUG : __main__ : Total Profit: $8286.55
2019-11-19 23:01:18,128 : DEBUG : __main__ : ------------------------------------------
2019-11-19 23:01:18,215 : DEBUG : __main__ : episodeDuration 39.797121
2019-11-19 23:01:18,215 : DEBUG : __main__ : trainingDuration 1271.679415
2019-11-19 23:01:18,215 : DEBUG : __main__ : 
2019-11-19 23:01:18,216 : DEBUG : __main__ : *******************
2019-11-19 23:01:18,216 : DEBUG : __main__ : starting validation after episode 30
2019-11-19 23:01:22,226 : DEBUG : __main__ : ------------------------------------------
2019-11-19 23:01:22,226 : DEBUG : __main__ : Total Profit of Validation: $179.47
2019-11-19 23:01:22,226 : DEBUG : __main__ : ------------------------------------------
2019-11-19 23:01:22,226 : DEBUG : __main__ : *******************
2019-11-19 23:01:22,227 : DEBUG : __main__ : Episode 31/101
2019-11-19 23:02:01,610 : DEBUG : __main__ : ------------------------------------------
2019-11-19 23:02:01,610 : DEBUG : __main__ : Total Profit: $4206.76
2019-11-19 23:02:01,610 : DEBUG : __main__ : ------------------------------------------
2019-11-19 23:02:01,701 : DEBUG : __main__ : episodeDuration 39.474309
2019-11-19 23:02:01,701 : DEBUG : __main__ : trainingDuration 1315.165117
2019-11-19 23:02:01,701 : DEBUG : __main__ : 
2019-11-19 23:02:01,701 : DEBUG : __main__ : *******************
2019-11-19 23:02:01,701 : DEBUG : __main__ : Episode 32/101
2019-11-19 23:02:41,485 : DEBUG : __main__ : ------------------------------------------
2019-11-19 23:02:41,485 : DEBUG : __main__ : Total Profit: $9114.18
2019-11-19 23:02:41,485 : DEBUG : __main__ : ------------------------------------------
2019-11-19 23:02:41,581 : DEBUG : __main__ : episodeDuration 39.879195
2019-11-19 23:02:41,581 : DEBUG : __main__ : trainingDuration 1355.044938
2019-11-19 23:02:41,581 : DEBUG : __main__ : 
2019-11-19 23:02:41,581 : DEBUG : __main__ : *******************
2019-11-19 23:02:41,581 : DEBUG : __main__ : Episode 33/101
2019-11-19 23:03:20,527 : DEBUG : __main__ : ------------------------------------------
2019-11-19 23:03:20,527 : DEBUG : __main__ : Total Profit: $15804.28
2019-11-19 23:03:20,527 : DEBUG : __main__ : ------------------------------------------
2019-11-19 23:03:20,622 : DEBUG : __main__ : episodeDuration 39.041084
2019-11-19 23:03:20,623 : DEBUG : __main__ : trainingDuration 1394.08655
2019-11-19 23:03:20,623 : DEBUG : __main__ : 
2019-11-19 23:03:20,623 : DEBUG : __main__ : *******************
2019-11-19 23:03:20,623 : DEBUG : __main__ : Episode 34/101
2019-11-19 23:03:59,453 : DEBUG : __main__ : ------------------------------------------
2019-11-19 23:03:59,453 : DEBUG : __main__ : Total Profit: $35391.01
2019-11-19 23:03:59,453 : DEBUG : __main__ : ------------------------------------------
2019-11-19 23:03:59,554 : DEBUG : __main__ : episodeDuration 38.93116
2019-11-19 23:03:59,554 : DEBUG : __main__ : trainingDuration 1433.018313
2019-11-19 23:03:59,554 : DEBUG : __main__ : 
2019-11-19 23:03:59,554 : DEBUG : __main__ : *******************
2019-11-19 23:03:59,554 : DEBUG : __main__ : Episode 35/101
2019-11-19 23:04:38,406 : DEBUG : __main__ : ------------------------------------------
2019-11-19 23:04:38,406 : DEBUG : __main__ : Total Profit: $66226.18
2019-11-19 23:04:38,407 : DEBUG : __main__ : ------------------------------------------
2019-11-19 23:04:38,507 : DEBUG : __main__ : episodeDuration 38.952835
2019-11-19 23:04:38,508 : DEBUG : __main__ : trainingDuration 1471.971632
2019-11-19 23:04:38,508 : DEBUG : __main__ : 
2019-11-19 23:04:38,508 : DEBUG : __main__ : *******************
2019-11-19 23:04:38,508 : DEBUG : __main__ : Episode 36/101
2019-11-19 23:05:21,144 : DEBUG : __main__ : ------------------------------------------
2019-11-19 23:05:21,144 : DEBUG : __main__ : Total Profit: $69118.09
2019-11-19 23:05:21,144 : DEBUG : __main__ : ------------------------------------------
2019-11-19 23:05:21,248 : DEBUG : __main__ : episodeDuration 42.740164
2019-11-19 23:05:21,248 : DEBUG : __main__ : trainingDuration 1514.712397
2019-11-19 23:05:21,248 : DEBUG : __main__ : 
2019-11-19 23:05:21,249 : DEBUG : __main__ : *******************
2019-11-19 23:05:21,249 : DEBUG : __main__ : Episode 37/101
2019-11-19 23:05:34,029 : DEBUG : __main__ : Date: 2010-11-12
2019-11-19 23:05:34,029 : DEBUG : __main__ : Out of budget, terminating episode
2019-11-19 23:05:34,046 : DEBUG : __main__ : ------------------------------------------
2019-11-19 23:05:34,046 : DEBUG : __main__ : Total Profit: -$8885.11
2019-11-19 23:05:34,047 : DEBUG : __main__ : ------------------------------------------
2019-11-19 23:05:34,152 : DEBUG : __main__ : episodeDuration 12.903598
2019-11-19 23:05:34,152 : DEBUG : __main__ : trainingDuration 1527.616512
2019-11-19 23:05:34,153 : DEBUG : __main__ : 
2019-11-19 23:05:34,153 : DEBUG : __main__ : *******************
2019-11-19 23:05:34,153 : DEBUG : __main__ : Episode 38/101
2019-11-19 23:06:13,774 : DEBUG : __main__ : ------------------------------------------
2019-11-19 23:06:13,774 : DEBUG : __main__ : Total Profit: $98608.32
2019-11-19 23:06:13,774 : DEBUG : __main__ : ------------------------------------------
2019-11-19 23:06:13,876 : DEBUG : __main__ : episodeDuration 39.723184
2019-11-19 23:06:13,876 : DEBUG : __main__ : trainingDuration 1567.340324
2019-11-19 23:06:13,876 : DEBUG : __main__ : 
2019-11-19 23:06:13,876 : DEBUG : __main__ : *******************
2019-11-19 23:06:13,876 : DEBUG : __main__ : Episode 39/101
2019-11-19 23:06:53,278 : DEBUG : __main__ : ------------------------------------------
2019-11-19 23:06:53,278 : DEBUG : __main__ : Total Profit: -$1081.62
2019-11-19 23:06:53,278 : DEBUG : __main__ : ------------------------------------------
2019-11-19 23:06:53,383 : DEBUG : __main__ : episodeDuration 39.506645
2019-11-19 23:06:53,383 : DEBUG : __main__ : trainingDuration 1606.847449
2019-11-19 23:06:53,383 : DEBUG : __main__ : 
2019-11-19 23:06:53,383 : DEBUG : __main__ : *******************
2019-11-19 23:06:53,384 : DEBUG : __main__ : Episode 40/101
2019-11-19 23:07:32,451 : DEBUG : __main__ : ------------------------------------------
2019-11-19 23:07:32,451 : DEBUG : __main__ : Total Profit: -$763.34
2019-11-19 23:07:32,451 : DEBUG : __main__ : ------------------------------------------
2019-11-19 23:07:32,558 : DEBUG : __main__ : episodeDuration 39.174372
2019-11-19 23:07:32,558 : DEBUG : __main__ : trainingDuration 1646.02225
2019-11-19 23:07:32,558 : DEBUG : __main__ : 
2019-11-19 23:07:32,559 : DEBUG : __main__ : *******************
2019-11-19 23:07:32,559 : DEBUG : __main__ : starting validation after episode 40
2019-11-19 23:07:36,645 : DEBUG : __main__ : ------------------------------------------
2019-11-19 23:07:36,645 : DEBUG : __main__ : Total Profit of Validation: $156.66
2019-11-19 23:07:36,645 : DEBUG : __main__ : ------------------------------------------
2019-11-19 23:07:36,645 : DEBUG : __main__ : *******************
2019-11-19 23:07:36,645 : DEBUG : __main__ : Episode 41/101
2019-11-19 23:08:15,666 : DEBUG : __main__ : ------------------------------------------
2019-11-19 23:08:15,667 : DEBUG : __main__ : Total Profit: $15.18
2019-11-19 23:08:15,667 : DEBUG : __main__ : ------------------------------------------
2019-11-19 23:08:15,774 : DEBUG : __main__ : episodeDuration 39.128916
2019-11-19 23:08:15,774 : DEBUG : __main__ : trainingDuration 1689.238464
2019-11-19 23:08:15,774 : DEBUG : __main__ : 
2019-11-19 23:08:15,775 : DEBUG : __main__ : *******************
2019-11-19 23:08:15,775 : DEBUG : __main__ : Episode 42/101
2019-11-19 23:08:54,561 : DEBUG : __main__ : ------------------------------------------
2019-11-19 23:08:54,561 : DEBUG : __main__ : Total Profit: $292.48
2019-11-19 23:08:54,561 : DEBUG : __main__ : ------------------------------------------
2019-11-19 23:08:54,671 : DEBUG : __main__ : episodeDuration 38.896027
2019-11-19 23:08:54,671 : DEBUG : __main__ : trainingDuration 1728.13498
2019-11-19 23:08:54,671 : DEBUG : __main__ : 
2019-11-19 23:08:54,671 : DEBUG : __main__ : *******************
2019-11-19 23:08:54,671 : DEBUG : __main__ : Episode 43/101
2019-11-19 23:09:33,983 : DEBUG : __main__ : ------------------------------------------
2019-11-19 23:09:33,983 : DEBUG : __main__ : Total Profit: $106.82
2019-11-19 23:09:33,983 : DEBUG : __main__ : ------------------------------------------
2019-11-19 23:09:34,096 : DEBUG : __main__ : episodeDuration 39.424767
2019-11-19 23:09:34,096 : DEBUG : __main__ : trainingDuration 1767.560176
2019-11-19 23:09:34,096 : DEBUG : __main__ : 
2019-11-19 23:09:34,096 : DEBUG : __main__ : *******************
2019-11-19 23:09:34,096 : DEBUG : __main__ : Episode 44/101
2019-11-19 23:10:13,268 : DEBUG : __main__ : ------------------------------------------
2019-11-19 23:10:13,268 : DEBUG : __main__ : Total Profit: -$284.74
2019-11-19 23:10:13,268 : DEBUG : __main__ : ------------------------------------------
2019-11-19 23:10:13,381 : DEBUG : __main__ : episodeDuration 39.284988
2019-11-19 23:10:13,381 : DEBUG : __main__ : trainingDuration 1806.845574
2019-11-19 23:10:13,382 : DEBUG : __main__ : 
2019-11-19 23:10:13,382 : DEBUG : __main__ : *******************
2019-11-19 23:10:13,382 : DEBUG : __main__ : Episode 45/101
2019-11-19 23:10:52,374 : DEBUG : __main__ : ------------------------------------------
2019-11-19 23:10:52,374 : DEBUG : __main__ : Total Profit: $582.22
2019-11-19 23:10:52,374 : DEBUG : __main__ : ------------------------------------------
2019-11-19 23:10:52,491 : DEBUG : __main__ : episodeDuration 39.109632
2019-11-19 23:10:52,492 : DEBUG : __main__ : trainingDuration 1845.955649
2019-11-19 23:10:52,492 : DEBUG : __main__ : 
2019-11-19 23:10:52,492 : DEBUG : __main__ : *******************
2019-11-19 23:10:52,492 : DEBUG : __main__ : Episode 46/101
2019-11-19 23:11:31,808 : DEBUG : __main__ : ------------------------------------------
2019-11-19 23:11:31,808 : DEBUG : __main__ : Total Profit: $574.07
2019-11-19 23:11:31,808 : DEBUG : __main__ : ------------------------------------------
2019-11-19 23:11:31,934 : DEBUG : __main__ : episodeDuration 39.441924
2019-11-19 23:11:31,934 : DEBUG : __main__ : trainingDuration 1885.398114
2019-11-19 23:11:31,934 : DEBUG : __main__ : 
2019-11-19 23:11:31,934 : DEBUG : __main__ : *******************
2019-11-19 23:11:31,934 : DEBUG : __main__ : Episode 47/101
2019-11-19 23:12:11,450 : DEBUG : __main__ : ------------------------------------------
2019-11-19 23:12:11,450 : DEBUG : __main__ : Total Profit: $2428.44
2019-11-19 23:12:11,450 : DEBUG : __main__ : ------------------------------------------
2019-11-19 23:12:11,570 : DEBUG : __main__ : episodeDuration 39.635352
2019-11-19 23:12:11,570 : DEBUG : __main__ : trainingDuration 1925.033963
2019-11-19 23:12:11,570 : DEBUG : __main__ : 
2019-11-19 23:12:11,570 : DEBUG : __main__ : *******************
2019-11-19 23:12:11,570 : DEBUG : __main__ : Episode 48/101
2019-11-19 23:12:51,571 : DEBUG : __main__ : ------------------------------------------
2019-11-19 23:12:51,571 : DEBUG : __main__ : Total Profit: $9425.31
2019-11-19 23:12:51,571 : DEBUG : __main__ : ------------------------------------------
2019-11-19 23:12:51,697 : DEBUG : __main__ : episodeDuration 40.126752
2019-11-19 23:12:51,697 : DEBUG : __main__ : trainingDuration 1965.161153
2019-11-19 23:12:51,697 : DEBUG : __main__ : 
2019-11-19 23:12:51,697 : DEBUG : __main__ : *******************
2019-11-19 23:12:51,697 : DEBUG : __main__ : Episode 49/101
2019-11-19 23:13:32,169 : DEBUG : __main__ : ------------------------------------------
2019-11-19 23:13:32,169 : DEBUG : __main__ : Total Profit: $46565.96
2019-11-19 23:13:32,169 : DEBUG : __main__ : ------------------------------------------
2019-11-19 23:13:32,298 : DEBUG : __main__ : episodeDuration 40.600277
2019-11-19 23:13:32,298 : DEBUG : __main__ : trainingDuration 2005.761993
2019-11-19 23:13:32,298 : DEBUG : __main__ : 
2019-11-19 23:13:32,298 : DEBUG : __main__ : *******************
2019-11-19 23:13:32,298 : DEBUG : __main__ : Episode 50/101
2019-11-19 23:14:10,961 : DEBUG : __main__ : ------------------------------------------
2019-11-19 23:14:10,961 : DEBUG : __main__ : Total Profit: $49127.64
2019-11-19 23:14:10,961 : DEBUG : __main__ : ------------------------------------------
2019-11-19 23:14:11,087 : DEBUG : __main__ : episodeDuration 38.78852
2019-11-19 23:14:11,087 : DEBUG : __main__ : trainingDuration 2044.551003
2019-11-19 23:14:11,087 : DEBUG : __main__ : 
2019-11-19 23:14:11,087 : DEBUG : __main__ : *******************
2019-11-19 23:14:11,087 : DEBUG : __main__ : starting validation after episode 50
2019-11-19 23:14:14,885 : DEBUG : __main__ : ------------------------------------------
2019-11-19 23:14:14,885 : DEBUG : __main__ : Total Profit of Validation: $1585.90
2019-11-19 23:14:14,885 : DEBUG : __main__ : ------------------------------------------
2019-11-19 23:14:14,885 : DEBUG : __main__ : *******************
2019-11-19 23:14:14,885 : DEBUG : __main__ : Episode 51/101
2019-11-19 23:14:50,321 : DEBUG : __main__ : ------------------------------------------
2019-11-19 23:14:50,321 : DEBUG : __main__ : Total Profit: $36840.46
2019-11-19 23:14:50,321 : DEBUG : __main__ : ------------------------------------------
2019-11-19 23:14:50,444 : DEBUG : __main__ : episodeDuration 35.558454
2019-11-19 23:14:50,444 : DEBUG : __main__ : trainingDuration 2083.908212
2019-11-19 23:14:50,444 : DEBUG : __main__ : 
2019-11-19 23:14:50,444 : DEBUG : __main__ : *******************
2019-11-19 23:14:50,444 : DEBUG : __main__ : Episode 52/101
2019-11-19 23:15:24,059 : DEBUG : __main__ : ------------------------------------------
2019-11-19 23:15:24,059 : DEBUG : __main__ : Total Profit: $31487.06
2019-11-19 23:15:24,060 : DEBUG : __main__ : ------------------------------------------
2019-11-19 23:15:24,188 : DEBUG : __main__ : episodeDuration 33.743781
2019-11-19 23:15:24,188 : DEBUG : __main__ : trainingDuration 2117.652424
2019-11-19 23:15:24,188 : DEBUG : __main__ : 
2019-11-19 23:15:24,189 : DEBUG : __main__ : *******************
2019-11-19 23:15:24,189 : DEBUG : __main__ : Episode 53/101
2019-11-19 23:15:57,778 : DEBUG : __main__ : ------------------------------------------
2019-11-19 23:15:57,778 : DEBUG : __main__ : Total Profit: $30992.10
2019-11-19 23:15:57,778 : DEBUG : __main__ : ------------------------------------------
2019-11-19 23:15:58,076 : DEBUG : __main__ : episodeDuration 33.887579
2019-11-19 23:15:58,076 : DEBUG : __main__ : trainingDuration 2151.540579
2019-11-19 23:15:58,077 : DEBUG : __main__ : 
2019-11-19 23:15:58,077 : DEBUG : __main__ : *******************
2019-11-19 23:15:58,077 : DEBUG : __main__ : Episode 54/101
2019-11-19 23:16:31,752 : DEBUG : __main__ : ------------------------------------------
2019-11-19 23:16:31,752 : DEBUG : __main__ : Total Profit: $16079.11
2019-11-19 23:16:31,752 : DEBUG : __main__ : ------------------------------------------
2019-11-19 23:16:31,869 : DEBUG : __main__ : episodeDuration 33.792204
2019-11-19 23:16:31,869 : DEBUG : __main__ : trainingDuration 2185.333357
2019-11-19 23:16:31,869 : DEBUG : __main__ : 
2019-11-19 23:16:31,869 : DEBUG : __main__ : *******************
2019-11-19 23:16:31,869 : DEBUG : __main__ : Episode 55/101
2019-11-19 23:17:06,417 : DEBUG : __main__ : ------------------------------------------
2019-11-19 23:17:06,418 : DEBUG : __main__ : Total Profit: $10643.65
2019-11-19 23:17:06,418 : DEBUG : __main__ : ------------------------------------------
2019-11-19 23:17:06,548 : DEBUG : __main__ : episodeDuration 34.678778
2019-11-19 23:17:06,548 : DEBUG : __main__ : trainingDuration 2220.012544
2019-11-19 23:17:06,548 : DEBUG : __main__ : 
2019-11-19 23:17:06,549 : DEBUG : __main__ : *******************
2019-11-19 23:17:06,549 : DEBUG : __main__ : Episode 56/101
2019-11-19 23:17:39,121 : DEBUG : __main__ : ------------------------------------------
2019-11-19 23:17:39,121 : DEBUG : __main__ : Total Profit: $7420.92
2019-11-19 23:17:39,122 : DEBUG : __main__ : ------------------------------------------
2019-11-19 23:17:39,255 : DEBUG : __main__ : episodeDuration 32.706505
2019-11-19 23:17:39,255 : DEBUG : __main__ : trainingDuration 2252.719454
2019-11-19 23:17:39,255 : DEBUG : __main__ : 
2019-11-19 23:17:39,255 : DEBUG : __main__ : *******************
2019-11-19 23:17:39,256 : DEBUG : __main__ : Episode 57/101
2019-11-19 23:18:11,939 : DEBUG : __main__ : ------------------------------------------
2019-11-19 23:18:11,939 : DEBUG : __main__ : Total Profit: $4702.35
2019-11-19 23:18:11,939 : DEBUG : __main__ : ------------------------------------------
2019-11-19 23:18:12,084 : DEBUG : __main__ : episodeDuration 32.828735
2019-11-19 23:18:12,084 : DEBUG : __main__ : trainingDuration 2285.5486
2019-11-19 23:18:12,085 : DEBUG : __main__ : 
2019-11-19 23:18:12,085 : DEBUG : __main__ : *******************
2019-11-19 23:18:12,085 : DEBUG : __main__ : Episode 58/101
2019-11-19 23:18:44,576 : DEBUG : __main__ : ------------------------------------------
2019-11-19 23:18:44,577 : DEBUG : __main__ : Total Profit: $7410.11
2019-11-19 23:18:44,577 : DEBUG : __main__ : ------------------------------------------
2019-11-19 23:18:44,708 : DEBUG : __main__ : episodeDuration 32.623419
2019-11-19 23:18:44,708 : DEBUG : __main__ : trainingDuration 2318.172557
2019-11-19 23:18:44,709 : DEBUG : __main__ : 
2019-11-19 23:18:44,709 : DEBUG : __main__ : *******************
2019-11-19 23:18:44,709 : DEBUG : __main__ : Episode 59/101
2019-11-19 23:19:18,163 : DEBUG : __main__ : ------------------------------------------
2019-11-19 23:19:18,164 : DEBUG : __main__ : Total Profit: $4481.38
2019-11-19 23:19:18,164 : DEBUG : __main__ : ------------------------------------------
2019-11-19 23:19:18,295 : DEBUG : __main__ : episodeDuration 33.586489
2019-11-19 23:19:18,295 : DEBUG : __main__ : trainingDuration 2351.759491
2019-11-19 23:19:18,295 : DEBUG : __main__ : 
2019-11-19 23:19:18,296 : DEBUG : __main__ : *******************
2019-11-19 23:19:18,296 : DEBUG : __main__ : Episode 60/101
2019-11-19 23:19:51,381 : DEBUG : __main__ : ------------------------------------------
2019-11-19 23:19:51,381 : DEBUG : __main__ : Total Profit: $857.18
2019-11-19 23:19:51,382 : DEBUG : __main__ : ------------------------------------------
2019-11-19 23:19:51,515 : DEBUG : __main__ : episodeDuration 33.21947
2019-11-19 23:19:51,515 : DEBUG : __main__ : trainingDuration 2384.979459
2019-11-19 23:19:51,515 : DEBUG : __main__ : 
2019-11-19 23:19:51,516 : DEBUG : __main__ : *******************
2019-11-19 23:19:51,516 : DEBUG : __main__ : starting validation after episode 60
2019-11-19 23:19:54,943 : DEBUG : __main__ : ------------------------------------------
2019-11-19 23:19:54,943 : DEBUG : __main__ : Total Profit of Validation: $219.50
2019-11-19 23:19:54,943 : DEBUG : __main__ : ------------------------------------------
2019-11-19 23:19:54,944 : DEBUG : __main__ : *******************
2019-11-19 23:19:54,944 : DEBUG : __main__ : Episode 61/101
2019-11-19 23:20:29,036 : DEBUG : __main__ : ------------------------------------------
2019-11-19 23:20:29,036 : DEBUG : __main__ : Total Profit: $1759.02
2019-11-19 23:20:29,036 : DEBUG : __main__ : ------------------------------------------
2019-11-19 23:20:29,173 : DEBUG : __main__ : episodeDuration 34.229037
2019-11-19 23:20:29,173 : DEBUG : __main__ : trainingDuration 2422.637167
2019-11-19 23:20:29,173 : DEBUG : __main__ : 
2019-11-19 23:20:29,173 : DEBUG : __main__ : *******************
2019-11-19 23:20:29,173 : DEBUG : __main__ : Episode 62/101
2019-11-19 23:21:02,573 : DEBUG : __main__ : ------------------------------------------
2019-11-19 23:21:02,573 : DEBUG : __main__ : Total Profit: $1771.61
2019-11-19 23:21:02,573 : DEBUG : __main__ : ------------------------------------------
2019-11-19 23:21:02,720 : DEBUG : __main__ : episodeDuration 33.546285
2019-11-19 23:21:02,720 : DEBUG : __main__ : trainingDuration 2456.183979
2019-11-19 23:21:02,720 : DEBUG : __main__ : 
2019-11-19 23:21:02,720 : DEBUG : __main__ : *******************
2019-11-19 23:21:02,720 : DEBUG : __main__ : Episode 63/101
2019-11-19 23:21:35,413 : DEBUG : __main__ : ------------------------------------------
2019-11-19 23:21:35,413 : DEBUG : __main__ : Total Profit: $697.08
2019-11-19 23:21:35,413 : DEBUG : __main__ : ------------------------------------------
2019-11-19 23:21:35,563 : DEBUG : __main__ : episodeDuration 32.842842
2019-11-19 23:21:35,563 : DEBUG : __main__ : trainingDuration 2489.027264
2019-11-19 23:21:35,563 : DEBUG : __main__ : 
2019-11-19 23:21:35,563 : DEBUG : __main__ : *******************
2019-11-19 23:21:35,563 : DEBUG : __main__ : Episode 64/101
2019-11-19 23:22:08,704 : DEBUG : __main__ : ------------------------------------------
2019-11-19 23:22:08,704 : DEBUG : __main__ : Total Profit: -$635.19
2019-11-19 23:22:08,704 : DEBUG : __main__ : ------------------------------------------
2019-11-19 23:22:08,838 : DEBUG : __main__ : episodeDuration 33.274434
2019-11-19 23:22:08,838 : DEBUG : __main__ : trainingDuration 2522.302191
2019-11-19 23:22:08,838 : DEBUG : __main__ : 
2019-11-19 23:22:08,838 : DEBUG : __main__ : *******************
2019-11-19 23:22:08,838 : DEBUG : __main__ : Episode 65/101
2019-11-19 23:22:41,366 : DEBUG : __main__ : ------------------------------------------
2019-11-19 23:22:41,367 : DEBUG : __main__ : Total Profit: $1033.18
2019-11-19 23:22:41,367 : DEBUG : __main__ : ------------------------------------------
2019-11-19 23:22:41,515 : DEBUG : __main__ : episodeDuration 32.676185
2019-11-19 23:22:41,515 : DEBUG : __main__ : trainingDuration 2554.978886
2019-11-19 23:22:41,515 : DEBUG : __main__ : 
2019-11-19 23:22:41,515 : DEBUG : __main__ : *******************
2019-11-19 23:22:41,515 : DEBUG : __main__ : Episode 66/101
2019-11-19 23:23:14,537 : DEBUG : __main__ : ------------------------------------------
2019-11-19 23:23:14,537 : DEBUG : __main__ : Total Profit: $573.85
2019-11-19 23:23:14,537 : DEBUG : __main__ : ------------------------------------------
2019-11-19 23:23:14,711 : DEBUG : __main__ : episodeDuration 33.19567
2019-11-19 23:23:14,711 : DEBUG : __main__ : trainingDuration 2588.175022
2019-11-19 23:23:14,711 : DEBUG : __main__ : 
2019-11-19 23:23:14,711 : DEBUG : __main__ : *******************
2019-11-19 23:23:14,711 : DEBUG : __main__ : Episode 67/101
2019-11-19 23:23:47,362 : DEBUG : __main__ : ------------------------------------------
2019-11-19 23:23:47,362 : DEBUG : __main__ : Total Profit: $1662.04
2019-11-19 23:23:47,362 : DEBUG : __main__ : ------------------------------------------
2019-11-19 23:23:47,507 : DEBUG : __main__ : episodeDuration 32.795958
2019-11-19 23:23:47,508 : DEBUG : __main__ : trainingDuration 2620.971678
2019-11-19 23:23:47,508 : DEBUG : __main__ : 
2019-11-19 23:23:47,508 : DEBUG : __main__ : *******************
2019-11-19 23:23:47,508 : DEBUG : __main__ : Episode 68/101
2019-11-19 23:24:20,653 : DEBUG : __main__ : ------------------------------------------
2019-11-19 23:24:20,653 : DEBUG : __main__ : Total Profit: -$1377.24
2019-11-19 23:24:20,653 : DEBUG : __main__ : ------------------------------------------
2019-11-19 23:24:20,806 : DEBUG : __main__ : episodeDuration 33.297897
2019-11-19 23:24:20,806 : DEBUG : __main__ : trainingDuration 2654.269944
2019-11-19 23:24:20,806 : DEBUG : __main__ : 
2019-11-19 23:24:20,806 : DEBUG : __main__ : *******************
2019-11-19 23:24:20,806 : DEBUG : __main__ : Episode 69/101
2019-11-19 23:24:54,043 : DEBUG : __main__ : ------------------------------------------
2019-11-19 23:24:54,043 : DEBUG : __main__ : Total Profit: $0.00
2019-11-19 23:24:54,043 : DEBUG : __main__ : ------------------------------------------
2019-11-19 23:24:54,191 : DEBUG : __main__ : episodeDuration 33.384836
2019-11-19 23:24:54,191 : DEBUG : __main__ : trainingDuration 2687.655259
2019-11-19 23:24:54,191 : DEBUG : __main__ : 
2019-11-19 23:24:54,191 : DEBUG : __main__ : *******************
2019-11-19 23:24:54,191 : DEBUG : __main__ : Episode 70/101
2019-11-19 23:25:28,142 : DEBUG : __main__ : ------------------------------------------
2019-11-19 23:25:28,143 : DEBUG : __main__ : Total Profit: $0.00
2019-11-19 23:25:28,143 : DEBUG : __main__ : ------------------------------------------
2019-11-19 23:25:28,296 : DEBUG : __main__ : episodeDuration 34.105143
2019-11-19 23:25:28,297 : DEBUG : __main__ : trainingDuration 2721.76079
2019-11-19 23:25:28,297 : DEBUG : __main__ : 
2019-11-19 23:25:28,297 : DEBUG : __main__ : *******************
2019-11-19 23:25:28,297 : DEBUG : __main__ : starting validation after episode 70
2019-11-19 23:25:31,836 : DEBUG : __main__ : ------------------------------------------
2019-11-19 23:25:31,836 : DEBUG : __main__ : Total Profit of Validation: $111.17
2019-11-19 23:25:31,836 : DEBUG : __main__ : ------------------------------------------
2019-11-19 23:25:31,837 : DEBUG : __main__ : *******************
2019-11-19 23:25:31,837 : DEBUG : __main__ : Episode 71/101
2019-11-19 23:26:04,813 : DEBUG : __main__ : ------------------------------------------
2019-11-19 23:26:04,813 : DEBUG : __main__ : Total Profit: $1054.80
2019-11-19 23:26:04,813 : DEBUG : __main__ : ------------------------------------------
2019-11-19 23:26:04,973 : DEBUG : __main__ : episodeDuration 33.135792
2019-11-19 23:26:04,973 : DEBUG : __main__ : trainingDuration 2758.436833
2019-11-19 23:26:04,973 : DEBUG : __main__ : 
2019-11-19 23:26:04,973 : DEBUG : __main__ : *******************
2019-11-19 23:26:04,973 : DEBUG : __main__ : Episode 72/101
2019-11-19 23:26:37,812 : DEBUG : __main__ : ------------------------------------------
2019-11-19 23:26:37,812 : DEBUG : __main__ : Total Profit: $575.71
2019-11-19 23:26:37,812 : DEBUG : __main__ : ------------------------------------------
2019-11-19 23:26:37,957 : DEBUG : __main__ : episodeDuration 32.98443
2019-11-19 23:26:37,958 : DEBUG : __main__ : trainingDuration 2791.421751
2019-11-19 23:26:37,958 : DEBUG : __main__ : 
2019-11-19 23:26:37,958 : DEBUG : __main__ : *******************
2019-11-19 23:26:37,958 : DEBUG : __main__ : Episode 73/101
2019-11-19 23:27:11,424 : DEBUG : __main__ : ------------------------------------------
2019-11-19 23:27:11,424 : DEBUG : __main__ : Total Profit: -$480.36
2019-11-19 23:27:11,424 : DEBUG : __main__ : ------------------------------------------
2019-11-19 23:27:11,578 : DEBUG : __main__ : episodeDuration 33.619999
2019-11-19 23:27:11,578 : DEBUG : __main__ : trainingDuration 2825.042212
2019-11-19 23:27:11,578 : DEBUG : __main__ : 
2019-11-19 23:27:11,578 : DEBUG : __main__ : *******************
2019-11-19 23:27:11,578 : DEBUG : __main__ : Episode 74/101
2019-11-19 23:27:43,438 : DEBUG : __main__ : ------------------------------------------
2019-11-19 23:27:43,439 : DEBUG : __main__ : Total Profit: $1528.57
2019-11-19 23:27:43,439 : DEBUG : __main__ : ------------------------------------------
2019-11-19 23:27:43,593 : DEBUG : __main__ : episodeDuration 32.01442
2019-11-19 23:27:43,593 : DEBUG : __main__ : trainingDuration 2857.057047
2019-11-19 23:27:43,593 : DEBUG : __main__ : 
2019-11-19 23:27:43,593 : DEBUG : __main__ : *******************
2019-11-19 23:27:43,593 : DEBUG : __main__ : Episode 75/101
2019-11-19 23:28:15,803 : DEBUG : __main__ : ------------------------------------------
2019-11-19 23:28:15,803 : DEBUG : __main__ : Total Profit: $2052.90
2019-11-19 23:28:15,803 : DEBUG : __main__ : ------------------------------------------
2019-11-19 23:28:15,959 : DEBUG : __main__ : episodeDuration 32.36569
2019-11-19 23:28:15,959 : DEBUG : __main__ : trainingDuration 2889.423223
2019-11-19 23:28:15,959 : DEBUG : __main__ : 
2019-11-19 23:28:15,959 : DEBUG : __main__ : *******************
2019-11-19 23:28:15,959 : DEBUG : __main__ : Episode 76/101
2019-11-19 23:28:48,717 : DEBUG : __main__ : ------------------------------------------
2019-11-19 23:28:48,717 : DEBUG : __main__ : Total Profit: $2172.07
2019-11-19 23:28:48,717 : DEBUG : __main__ : ------------------------------------------
2019-11-19 23:28:48,899 : DEBUG : __main__ : episodeDuration 32.939223
2019-11-19 23:28:48,899 : DEBUG : __main__ : trainingDuration 2922.362881
2019-11-19 23:28:48,899 : DEBUG : __main__ : 
2019-11-19 23:28:48,899 : DEBUG : __main__ : *******************
2019-11-19 23:28:48,899 : DEBUG : __main__ : Episode 77/101
2019-11-19 23:29:21,500 : DEBUG : __main__ : ------------------------------------------
2019-11-19 23:29:21,500 : DEBUG : __main__ : Total Profit: $3275.19
2019-11-19 23:29:21,501 : DEBUG : __main__ : ------------------------------------------
2019-11-19 23:29:21,653 : DEBUG : __main__ : episodeDuration 32.753718
2019-11-19 23:29:21,653 : DEBUG : __main__ : trainingDuration 2955.117168
2019-11-19 23:29:21,653 : DEBUG : __main__ : 
2019-11-19 23:29:21,653 : DEBUG : __main__ : *******************
2019-11-19 23:29:21,653 : DEBUG : __main__ : Episode 78/101
2019-11-19 23:29:56,452 : DEBUG : __main__ : ------------------------------------------
2019-11-19 23:29:56,453 : DEBUG : __main__ : Total Profit: $3394.08
2019-11-19 23:29:56,453 : DEBUG : __main__ : ------------------------------------------
2019-11-19 23:29:56,610 : DEBUG : __main__ : episodeDuration 34.956324
2019-11-19 23:29:56,610 : DEBUG : __main__ : trainingDuration 2990.073847
2019-11-19 23:29:56,610 : DEBUG : __main__ : 
2019-11-19 23:29:56,610 : DEBUG : __main__ : *******************
2019-11-19 23:29:56,610 : DEBUG : __main__ : Episode 79/101
2019-11-19 23:30:29,788 : DEBUG : __main__ : ------------------------------------------
2019-11-19 23:30:29,788 : DEBUG : __main__ : Total Profit: $5669.72
2019-11-19 23:30:29,788 : DEBUG : __main__ : ------------------------------------------
2019-11-19 23:30:29,953 : DEBUG : __main__ : episodeDuration 33.343218
2019-11-19 23:30:29,953 : DEBUG : __main__ : trainingDuration 3023.417499
2019-11-19 23:30:29,953 : DEBUG : __main__ : 
2019-11-19 23:30:29,954 : DEBUG : __main__ : *******************
2019-11-19 23:30:29,954 : DEBUG : __main__ : Episode 80/101
2019-11-19 23:31:04,141 : DEBUG : __main__ : ------------------------------------------
2019-11-19 23:31:04,141 : DEBUG : __main__ : Total Profit: $5337.91
2019-11-19 23:31:04,141 : DEBUG : __main__ : ------------------------------------------
2019-11-19 23:31:04,329 : DEBUG : __main__ : episodeDuration 34.37545
2019-11-19 23:31:04,329 : DEBUG : __main__ : trainingDuration 3057.793393
2019-11-19 23:31:04,329 : DEBUG : __main__ : 
2019-11-19 23:31:04,329 : DEBUG : __main__ : *******************
2019-11-19 23:31:04,329 : DEBUG : __main__ : starting validation after episode 80
2019-11-19 23:31:08,183 : DEBUG : __main__ : ------------------------------------------
2019-11-19 23:31:08,184 : DEBUG : __main__ : Total Profit of Validation: $1067.29
2019-11-19 23:31:08,184 : DEBUG : __main__ : ------------------------------------------
2019-11-19 23:31:08,184 : DEBUG : __main__ : *******************
2019-11-19 23:31:08,184 : DEBUG : __main__ : Episode 81/101
2019-11-19 23:31:44,941 : DEBUG : __main__ : ------------------------------------------
2019-11-19 23:31:44,941 : DEBUG : __main__ : Total Profit: $10056.54
2019-11-19 23:31:44,941 : DEBUG : __main__ : ------------------------------------------
2019-11-19 23:31:45,124 : DEBUG : __main__ : episodeDuration 36.939406
2019-11-19 23:31:45,124 : DEBUG : __main__ : trainingDuration 3098.587823
2019-11-19 23:31:45,124 : DEBUG : __main__ : 
2019-11-19 23:31:45,124 : DEBUG : __main__ : *******************
2019-11-19 23:31:45,124 : DEBUG : __main__ : Episode 82/101
2019-11-19 23:32:25,856 : DEBUG : __main__ : ------------------------------------------
2019-11-19 23:32:25,856 : DEBUG : __main__ : Total Profit: $8382.41
2019-11-19 23:32:25,856 : DEBUG : __main__ : ------------------------------------------
2019-11-19 23:32:26,046 : DEBUG : __main__ : episodeDuration 40.921495
2019-11-19 23:32:26,046 : DEBUG : __main__ : trainingDuration 3139.509789
2019-11-19 23:32:26,046 : DEBUG : __main__ : 
2019-11-19 23:32:26,046 : DEBUG : __main__ : *******************
2019-11-19 23:32:26,046 : DEBUG : __main__ : Episode 83/101
2019-11-19 23:33:06,875 : DEBUG : __main__ : ------------------------------------------
2019-11-19 23:33:06,875 : DEBUG : __main__ : Total Profit: $12055.53
2019-11-19 23:33:06,876 : DEBUG : __main__ : ------------------------------------------
2019-11-19 23:33:07,076 : DEBUG : __main__ : episodeDuration 41.029475
2019-11-19 23:33:07,076 : DEBUG : __main__ : trainingDuration 3180.53992
2019-11-19 23:33:07,076 : DEBUG : __main__ : 
2019-11-19 23:33:07,076 : DEBUG : __main__ : *******************
2019-11-19 23:33:07,076 : DEBUG : __main__ : Episode 84/101
2019-11-19 23:33:47,554 : DEBUG : __main__ : ------------------------------------------
2019-11-19 23:33:47,555 : DEBUG : __main__ : Total Profit: $18381.02
2019-11-19 23:33:47,555 : DEBUG : __main__ : ------------------------------------------
2019-11-19 23:33:47,749 : DEBUG : __main__ : episodeDuration 40.672393
2019-11-19 23:33:47,749 : DEBUG : __main__ : trainingDuration 3221.212988
2019-11-19 23:33:47,749 : DEBUG : __main__ : 
2019-11-19 23:33:47,749 : DEBUG : __main__ : *******************
2019-11-19 23:33:47,749 : DEBUG : __main__ : Episode 85/101
2019-11-19 23:34:28,192 : DEBUG : __main__ : ------------------------------------------
2019-11-19 23:34:28,192 : DEBUG : __main__ : Total Profit: $17117.73
2019-11-19 23:34:28,193 : DEBUG : __main__ : ------------------------------------------
2019-11-19 23:34:28,391 : DEBUG : __main__ : episodeDuration 40.641803
2019-11-19 23:34:28,391 : DEBUG : __main__ : trainingDuration 3261.855264
2019-11-19 23:34:28,391 : DEBUG : __main__ : 
2019-11-19 23:34:28,391 : DEBUG : __main__ : *******************
2019-11-19 23:34:28,392 : DEBUG : __main__ : Episode 86/101
2019-11-19 23:35:09,206 : DEBUG : __main__ : ------------------------------------------
2019-11-19 23:35:09,207 : DEBUG : __main__ : Total Profit: $64051.45
2019-11-19 23:35:09,207 : DEBUG : __main__ : ------------------------------------------
2019-11-19 23:35:09,406 : DEBUG : __main__ : episodeDuration 41.014884
2019-11-19 23:35:09,407 : DEBUG : __main__ : trainingDuration 3302.870692
2019-11-19 23:35:09,407 : DEBUG : __main__ : 
2019-11-19 23:35:09,407 : DEBUG : __main__ : *******************
2019-11-19 23:35:09,407 : DEBUG : __main__ : Episode 87/101
2019-11-19 23:35:50,190 : DEBUG : __main__ : ------------------------------------------
2019-11-19 23:35:50,190 : DEBUG : __main__ : Total Profit: $90751.79
2019-11-19 23:35:50,190 : DEBUG : __main__ : ------------------------------------------
2019-11-19 23:35:50,387 : DEBUG : __main__ : episodeDuration 40.979951
2019-11-19 23:35:50,387 : DEBUG : __main__ : trainingDuration 3343.851183
2019-11-19 23:35:50,387 : DEBUG : __main__ : 
2019-11-19 23:35:50,387 : DEBUG : __main__ : *******************
2019-11-19 23:35:50,387 : DEBUG : __main__ : Episode 88/101
2019-11-19 23:36:30,995 : DEBUG : __main__ : ------------------------------------------
2019-11-19 23:36:30,996 : DEBUG : __main__ : Total Profit: $86839.23
2019-11-19 23:36:30,996 : DEBUG : __main__ : ------------------------------------------
2019-11-19 23:36:31,191 : DEBUG : __main__ : episodeDuration 40.803504
2019-11-19 23:36:31,191 : DEBUG : __main__ : trainingDuration 3384.655173
2019-11-19 23:36:31,191 : DEBUG : __main__ : 
2019-11-19 23:36:31,191 : DEBUG : __main__ : *******************
2019-11-19 23:36:31,191 : DEBUG : __main__ : Episode 89/101
2019-11-19 23:37:12,056 : DEBUG : __main__ : ------------------------------------------
2019-11-19 23:37:12,056 : DEBUG : __main__ : Total Profit: $102877.81
2019-11-19 23:37:12,056 : DEBUG : __main__ : ------------------------------------------
2019-11-19 23:37:12,447 : DEBUG : __main__ : episodeDuration 41.255749
2019-11-19 23:37:12,447 : DEBUG : __main__ : trainingDuration 3425.911353
2019-11-19 23:37:12,447 : DEBUG : __main__ : 
2019-11-19 23:37:12,447 : DEBUG : __main__ : *******************
2019-11-19 23:37:12,447 : DEBUG : __main__ : Episode 90/101
2019-11-19 23:37:26,305 : DEBUG : __main__ : Date: 2011-01-21
2019-11-19 23:37:26,306 : DEBUG : __main__ : Out of budget, terminating episode
2019-11-19 23:37:26,320 : DEBUG : __main__ : ------------------------------------------
2019-11-19 23:37:26,321 : DEBUG : __main__ : Total Profit: -$20587.95
2019-11-19 23:37:26,321 : DEBUG : __main__ : ------------------------------------------
2019-11-19 23:37:26,521 : DEBUG : __main__ : episodeDuration 14.073104
2019-11-19 23:37:26,521 : DEBUG : __main__ : trainingDuration 3439.984873
2019-11-19 23:37:26,521 : DEBUG : __main__ : 
2019-11-19 23:37:26,521 : DEBUG : __main__ : *******************
2019-11-19 23:37:26,521 : DEBUG : __main__ : starting validation after episode 90
2019-11-19 23:37:30,873 : DEBUG : __main__ : ------------------------------------------
2019-11-19 23:37:30,873 : DEBUG : __main__ : Total Profit of Validation: $6247.08
2019-11-19 23:37:30,874 : DEBUG : __main__ : ------------------------------------------
2019-11-19 23:37:30,874 : DEBUG : __main__ : *******************
2019-11-19 23:37:30,874 : DEBUG : __main__ : Episode 91/101
2019-11-19 23:37:41,276 : DEBUG : __main__ : Date: 2010-04-15
2019-11-19 23:37:41,276 : DEBUG : __main__ : Out of budget, terminating episode
2019-11-19 23:37:41,291 : DEBUG : __main__ : ------------------------------------------
2019-11-19 23:37:41,292 : DEBUG : __main__ : Total Profit: -$28668.03
2019-11-19 23:37:41,292 : DEBUG : __main__ : ------------------------------------------
2019-11-19 23:37:41,498 : DEBUG : __main__ : episodeDuration 10.623686
2019-11-19 23:37:41,498 : DEBUG : __main__ : trainingDuration 3454.961913
2019-11-19 23:37:41,498 : DEBUG : __main__ : 
2019-11-19 23:37:41,498 : DEBUG : __main__ : *******************
2019-11-19 23:37:41,498 : DEBUG : __main__ : Episode 92/101
2019-11-19 23:37:49,747 : DEBUG : __main__ : Date: 2009-10-22
2019-11-19 23:37:49,747 : DEBUG : __main__ : Out of budget, terminating episode
2019-11-19 23:37:49,762 : DEBUG : __main__ : ------------------------------------------
2019-11-19 23:37:49,763 : DEBUG : __main__ : Total Profit: -$24034.71
2019-11-19 23:37:49,763 : DEBUG : __main__ : ------------------------------------------
2019-11-19 23:37:49,969 : DEBUG : __main__ : episodeDuration 8.470612
2019-11-19 23:37:49,969 : DEBUG : __main__ : trainingDuration 3463.433028
2019-11-19 23:37:49,969 : DEBUG : __main__ : 
2019-11-19 23:37:49,969 : DEBUG : __main__ : *******************
2019-11-19 23:37:49,969 : DEBUG : __main__ : Episode 93/101
2019-11-19 23:37:58,731 : DEBUG : __main__ : Date: 2009-12-07
2019-11-19 23:37:58,731 : DEBUG : __main__ : Out of budget, terminating episode
2019-11-19 23:37:58,747 : DEBUG : __main__ : ------------------------------------------
2019-11-19 23:37:58,747 : DEBUG : __main__ : Total Profit: -$24447.80
2019-11-19 23:37:58,747 : DEBUG : __main__ : ------------------------------------------
2019-11-19 23:37:58,959 : DEBUG : __main__ : episodeDuration 8.989993
2019-11-19 23:37:58,959 : DEBUG : __main__ : trainingDuration 3472.423473
2019-11-19 23:37:58,960 : DEBUG : __main__ : 
2019-11-19 23:37:58,960 : DEBUG : __main__ : *******************
2019-11-19 23:37:58,960 : DEBUG : __main__ : Episode 94/101
2019-11-19 23:38:07,877 : DEBUG : __main__ : Date: 2009-12-11
2019-11-19 23:38:07,878 : DEBUG : __main__ : Out of budget, terminating episode
2019-11-19 23:38:07,894 : DEBUG : __main__ : ------------------------------------------
2019-11-19 23:38:07,894 : DEBUG : __main__ : Total Profit: -$17834.65
2019-11-19 23:38:07,894 : DEBUG : __main__ : ------------------------------------------
2019-11-19 23:38:08,100 : DEBUG : __main__ : episodeDuration 9.139911
2019-11-19 23:38:08,100 : DEBUG : __main__ : trainingDuration 3481.564039
2019-11-19 23:38:08,100 : DEBUG : __main__ : 
2019-11-19 23:38:08,100 : DEBUG : __main__ : *******************
2019-11-19 23:38:08,100 : DEBUG : __main__ : Episode 95/101
2019-11-19 23:38:14,587 : DEBUG : __main__ : Date: 2009-06-04
2019-11-19 23:38:14,587 : DEBUG : __main__ : Out of budget, terminating episode
2019-11-19 23:38:14,603 : DEBUG : __main__ : ------------------------------------------
2019-11-19 23:38:14,603 : DEBUG : __main__ : Total Profit: -$19394.85
2019-11-19 23:38:14,603 : DEBUG : __main__ : ------------------------------------------
2019-11-19 23:38:14,813 : DEBUG : __main__ : episodeDuration 6.713266
2019-11-19 23:38:14,814 : DEBUG : __main__ : trainingDuration 3488.277746
2019-11-19 23:38:14,814 : DEBUG : __main__ : 
2019-11-19 23:38:14,814 : DEBUG : __main__ : *******************
2019-11-19 23:38:14,814 : DEBUG : __main__ : Episode 96/101
2019-11-19 23:38:21,685 : DEBUG : __main__ : Date: 2009-07-09
2019-11-19 23:38:21,686 : DEBUG : __main__ : Out of budget, terminating episode
2019-11-19 23:38:21,701 : DEBUG : __main__ : ------------------------------------------
2019-11-19 23:38:21,701 : DEBUG : __main__ : Total Profit: -$20918.52
2019-11-19 23:38:21,701 : DEBUG : __main__ : ------------------------------------------
2019-11-19 23:38:21,920 : DEBUG : __main__ : episodeDuration 7.106399
2019-11-19 23:38:21,921 : DEBUG : __main__ : trainingDuration 3495.384785
2019-11-19 23:38:21,921 : DEBUG : __main__ : 
2019-11-19 23:38:21,921 : DEBUG : __main__ : *******************
2019-11-19 23:38:21,921 : DEBUG : __main__ : Episode 97/101
2019-11-19 23:38:28,529 : DEBUG : __main__ : Date: 2009-06-12
2019-11-19 23:38:28,529 : DEBUG : __main__ : Out of budget, terminating episode
2019-11-19 23:38:28,544 : DEBUG : __main__ : ------------------------------------------
2019-11-19 23:38:28,544 : DEBUG : __main__ : Total Profit: -$11012.40
2019-11-19 23:38:28,544 : DEBUG : __main__ : ------------------------------------------
2019-11-19 23:38:28,751 : DEBUG : __main__ : episodeDuration 6.830269
2019-11-19 23:38:28,751 : DEBUG : __main__ : trainingDuration 3502.215601
2019-11-19 23:38:28,752 : DEBUG : __main__ : 
2019-11-19 23:38:28,752 : DEBUG : __main__ : *******************
2019-11-19 23:38:28,752 : DEBUG : __main__ : Episode 98/101
2019-11-19 23:38:35,361 : DEBUG : __main__ : Date: 2009-06-12
2019-11-19 23:38:35,361 : DEBUG : __main__ : Out of budget, terminating episode
2019-11-19 23:38:35,376 : DEBUG : __main__ : ------------------------------------------
2019-11-19 23:38:35,376 : DEBUG : __main__ : Total Profit: -$21226.93
2019-11-19 23:38:35,376 : DEBUG : __main__ : ------------------------------------------
2019-11-19 23:38:35,591 : DEBUG : __main__ : episodeDuration 6.839257
2019-11-19 23:38:35,591 : DEBUG : __main__ : trainingDuration 3509.055307
2019-11-19 23:38:35,591 : DEBUG : __main__ : 
2019-11-19 23:38:35,591 : DEBUG : __main__ : *******************
2019-11-19 23:38:35,591 : DEBUG : __main__ : Episode 99/101
2019-11-19 23:38:41,364 : DEBUG : __main__ : Date: 2009-04-15
2019-11-19 23:38:41,364 : DEBUG : __main__ : Out of budget, terminating episode
2019-11-19 23:38:41,379 : DEBUG : __main__ : ------------------------------------------
2019-11-19 23:38:41,380 : DEBUG : __main__ : Total Profit: -$15463.22
2019-11-19 23:38:41,380 : DEBUG : __main__ : ------------------------------------------
2019-11-19 23:38:41,598 : DEBUG : __main__ : episodeDuration 6.006731
2019-11-19 23:38:41,598 : DEBUG : __main__ : trainingDuration 3515.062533
2019-11-19 23:38:41,599 : DEBUG : __main__ : 
2019-11-19 23:38:41,599 : DEBUG : __main__ : *******************
2019-11-19 23:38:41,599 : DEBUG : __main__ : Episode 100/101
2019-11-19 23:38:48,067 : DEBUG : __main__ : Date: 2009-05-21
2019-11-19 23:38:48,067 : DEBUG : __main__ : Out of budget, terminating episode
2019-11-19 23:38:48,084 : DEBUG : __main__ : ------------------------------------------
2019-11-19 23:38:48,084 : DEBUG : __main__ : Total Profit: -$12392.29
2019-11-19 23:38:48,084 : DEBUG : __main__ : ------------------------------------------
2019-11-19 23:38:48,320 : DEBUG : __main__ : episodeDuration 6.720961
2019-11-19 23:38:48,320 : DEBUG : __main__ : trainingDuration 3521.784072
2019-11-19 23:38:48,320 : DEBUG : __main__ : 
2019-11-19 23:38:48,320 : DEBUG : __main__ : *******************
2019-11-19 23:38:48,320 : DEBUG : __main__ : starting validation after episode 100
2019-11-19 23:38:52,676 : DEBUG : __main__ : ------------------------------------------
2019-11-19 23:38:52,676 : DEBUG : __main__ : Total Profit of Validation: $5066.92
2019-11-19 23:38:52,676 : DEBUG : __main__ : ------------------------------------------
2019-11-19 23:38:52,683 : DEBUG : __main__ : 12 episodes failed out of 101
2019-11-19 23:38:52,684 : DEBUG : __main__ : skipping TEST
