2019-11-19 21:43:29,665 : DEBUG : __main__ : *******************
2019-11-19 21:43:29,666 : DEBUG : __main__ : Episode 0/101
2019-11-19 21:43:37,706 : DEBUG : __main__ : Date: 2009-05-08
2019-11-19 21:43:37,706 : DEBUG : __main__ : Out of budget, terminating episode
2019-11-19 21:43:37,720 : DEBUG : __main__ : ------------------------------------------
2019-11-19 21:43:37,721 : DEBUG : __main__ : Total Profit: -$12194.30
2019-11-19 21:43:37,721 : DEBUG : __main__ : ------------------------------------------
2019-11-19 21:43:37,754 : DEBUG : __main__ : episodeDuration 8.088317
2019-11-19 21:43:37,754 : DEBUG : __main__ : trainingDuration 8.088328
2019-11-19 21:43:37,754 : DEBUG : __main__ : 
2019-11-19 21:43:37,754 : DEBUG : __main__ : *******************
2019-11-19 21:43:37,754 : DEBUG : __main__ : starting validation after episode 0
2019-11-19 21:43:41,682 : DEBUG : __main__ : ------------------------------------------
2019-11-19 21:43:41,682 : DEBUG : __main__ : Total Profit of Validation: $3532.50
2019-11-19 21:43:41,682 : DEBUG : __main__ : ------------------------------------------
2019-11-19 21:43:41,682 : DEBUG : __main__ : *******************
2019-11-19 21:43:41,683 : DEBUG : __main__ : Episode 1/101
2019-11-19 21:44:21,495 : DEBUG : __main__ : ------------------------------------------
2019-11-19 21:44:21,495 : DEBUG : __main__ : Total Profit: $16007.23
2019-11-19 21:44:21,495 : DEBUG : __main__ : ------------------------------------------
2019-11-19 21:44:21,530 : DEBUG : __main__ : episodeDuration 39.84722
2019-11-19 21:44:21,530 : DEBUG : __main__ : trainingDuration 51.864385
2019-11-19 21:44:21,530 : DEBUG : __main__ : 
2019-11-19 21:44:21,530 : DEBUG : __main__ : *******************
2019-11-19 21:44:21,530 : DEBUG : __main__ : Episode 2/101
2019-11-19 21:45:01,589 : DEBUG : __main__ : ------------------------------------------
2019-11-19 21:45:01,589 : DEBUG : __main__ : Total Profit: $4680.25
2019-11-19 21:45:01,589 : DEBUG : __main__ : ------------------------------------------
2019-11-19 21:45:01,625 : DEBUG : __main__ : episodeDuration 40.094744
2019-11-19 21:45:01,625 : DEBUG : __main__ : trainingDuration 91.959836
2019-11-19 21:45:01,625 : DEBUG : __main__ : 
2019-11-19 21:45:01,625 : DEBUG : __main__ : *******************
2019-11-19 21:45:01,626 : DEBUG : __main__ : Episode 3/101
2019-11-19 21:45:43,828 : DEBUG : __main__ : ------------------------------------------
2019-11-19 21:45:43,828 : DEBUG : __main__ : Total Profit: -$194.04
2019-11-19 21:45:43,828 : DEBUG : __main__ : ------------------------------------------
2019-11-19 21:45:43,870 : DEBUG : __main__ : episodeDuration 42.244629
2019-11-19 21:45:43,870 : DEBUG : __main__ : trainingDuration 134.204889
2019-11-19 21:45:43,871 : DEBUG : __main__ : 
2019-11-19 21:45:43,871 : DEBUG : __main__ : *******************
2019-11-19 21:45:43,871 : DEBUG : __main__ : Episode 4/101
2019-11-19 21:46:28,173 : DEBUG : __main__ : ------------------------------------------
2019-11-19 21:46:28,173 : DEBUG : __main__ : Total Profit: $4744.84
2019-11-19 21:46:28,173 : DEBUG : __main__ : ------------------------------------------
2019-11-19 21:46:28,215 : DEBUG : __main__ : episodeDuration 44.344466
2019-11-19 21:46:28,215 : DEBUG : __main__ : trainingDuration 178.549892
2019-11-19 21:46:28,216 : DEBUG : __main__ : 
2019-11-19 21:46:28,216 : DEBUG : __main__ : *******************
2019-11-19 21:46:28,216 : DEBUG : __main__ : Episode 5/101
2019-11-19 21:47:10,267 : DEBUG : __main__ : ------------------------------------------
2019-11-19 21:47:10,267 : DEBUG : __main__ : Total Profit: $54271.38
2019-11-19 21:47:10,267 : DEBUG : __main__ : ------------------------------------------
2019-11-19 21:47:10,313 : DEBUG : __main__ : episodeDuration 42.096906
2019-11-19 21:47:10,313 : DEBUG : __main__ : trainingDuration 220.647386
2019-11-19 21:47:10,313 : DEBUG : __main__ : 
2019-11-19 21:47:10,313 : DEBUG : __main__ : *******************
2019-11-19 21:47:10,313 : DEBUG : __main__ : Episode 6/101
2019-11-19 21:47:50,919 : DEBUG : __main__ : ------------------------------------------
2019-11-19 21:47:50,919 : DEBUG : __main__ : Total Profit: $79859.74
2019-11-19 21:47:50,919 : DEBUG : __main__ : ------------------------------------------
2019-11-19 21:47:50,968 : DEBUG : __main__ : episodeDuration 40.654999
2019-11-19 21:47:50,968 : DEBUG : __main__ : trainingDuration 261.302784
2019-11-19 21:47:50,968 : DEBUG : __main__ : 
2019-11-19 21:47:50,969 : DEBUG : __main__ : *******************
2019-11-19 21:47:50,969 : DEBUG : __main__ : Episode 7/101
2019-11-19 21:48:32,898 : DEBUG : __main__ : ------------------------------------------
2019-11-19 21:48:32,898 : DEBUG : __main__ : Total Profit: $75779.92
2019-11-19 21:48:32,898 : DEBUG : __main__ : ------------------------------------------
2019-11-19 21:48:32,952 : DEBUG : __main__ : episodeDuration 41.983182
2019-11-19 21:48:32,952 : DEBUG : __main__ : trainingDuration 303.286494
2019-11-19 21:48:32,952 : DEBUG : __main__ : 
2019-11-19 21:48:32,952 : DEBUG : __main__ : *******************
2019-11-19 21:48:32,952 : DEBUG : __main__ : Episode 8/101
2019-11-19 21:49:12,663 : DEBUG : __main__ : ------------------------------------------
2019-11-19 21:49:12,663 : DEBUG : __main__ : Total Profit: $64585.09
2019-11-19 21:49:12,663 : DEBUG : __main__ : ------------------------------------------
2019-11-19 21:49:12,712 : DEBUG : __main__ : episodeDuration 39.75929
2019-11-19 21:49:12,712 : DEBUG : __main__ : trainingDuration 343.04626
2019-11-19 21:49:12,712 : DEBUG : __main__ : 
2019-11-19 21:49:12,712 : DEBUG : __main__ : *******************
2019-11-19 21:49:12,712 : DEBUG : __main__ : Episode 9/101
2019-11-19 21:49:52,280 : DEBUG : __main__ : ------------------------------------------
2019-11-19 21:49:52,280 : DEBUG : __main__ : Total Profit: $58793.90
2019-11-19 21:49:52,281 : DEBUG : __main__ : ------------------------------------------
2019-11-19 21:49:52,332 : DEBUG : __main__ : episodeDuration 39.619502
2019-11-19 21:49:52,332 : DEBUG : __main__ : trainingDuration 382.666393
2019-11-19 21:49:52,332 : DEBUG : __main__ : 
2019-11-19 21:49:52,332 : DEBUG : __main__ : *******************
2019-11-19 21:49:52,332 : DEBUG : __main__ : Episode 10/101
2019-11-19 21:50:34,182 : DEBUG : __main__ : ------------------------------------------
2019-11-19 21:50:34,182 : DEBUG : __main__ : Total Profit: $24569.02
2019-11-19 21:50:34,182 : DEBUG : __main__ : ------------------------------------------
2019-11-19 21:50:34,245 : DEBUG : __main__ : episodeDuration 41.912795
2019-11-19 21:50:34,245 : DEBUG : __main__ : trainingDuration 424.579666
2019-11-19 21:50:34,245 : DEBUG : __main__ : 
2019-11-19 21:50:34,245 : DEBUG : __main__ : *******************
2019-11-19 21:50:34,246 : DEBUG : __main__ : starting validation after episode 10
2019-11-19 21:50:38,495 : DEBUG : __main__ : ------------------------------------------
2019-11-19 21:50:38,495 : DEBUG : __main__ : Total Profit of Validation: $1558.28
2019-11-19 21:50:38,496 : DEBUG : __main__ : ------------------------------------------
2019-11-19 21:50:38,496 : DEBUG : __main__ : *******************
2019-11-19 21:50:38,496 : DEBUG : __main__ : Episode 11/101
2019-11-19 21:51:17,905 : DEBUG : __main__ : ------------------------------------------
2019-11-19 21:51:17,905 : DEBUG : __main__ : Total Profit: $16831.84
2019-11-19 21:51:17,905 : DEBUG : __main__ : ------------------------------------------
2019-11-19 21:51:17,960 : DEBUG : __main__ : episodeDuration 39.463812
2019-11-19 21:51:17,960 : DEBUG : __main__ : trainingDuration 468.294396
2019-11-19 21:51:17,960 : DEBUG : __main__ : 
2019-11-19 21:51:17,960 : DEBUG : __main__ : *******************
2019-11-19 21:51:17,960 : DEBUG : __main__ : Episode 12/101
2019-11-19 21:51:59,214 : DEBUG : __main__ : ------------------------------------------
2019-11-19 21:51:59,214 : DEBUG : __main__ : Total Profit: $10546.42
2019-11-19 21:51:59,214 : DEBUG : __main__ : ------------------------------------------
2019-11-19 21:51:59,277 : DEBUG : __main__ : episodeDuration 41.316493
2019-11-19 21:51:59,277 : DEBUG : __main__ : trainingDuration 509.611288
2019-11-19 21:51:59,277 : DEBUG : __main__ : 
2019-11-19 21:51:59,277 : DEBUG : __main__ : *******************
2019-11-19 21:51:59,277 : DEBUG : __main__ : Episode 13/101
2019-11-19 21:52:35,457 : DEBUG : __main__ : ------------------------------------------
2019-11-19 21:52:35,457 : DEBUG : __main__ : Total Profit: $8736.55
2019-11-19 21:52:35,457 : DEBUG : __main__ : ------------------------------------------
2019-11-19 21:52:35,512 : DEBUG : __main__ : episodeDuration 36.234679
2019-11-19 21:52:35,512 : DEBUG : __main__ : trainingDuration 545.846437
2019-11-19 21:52:35,512 : DEBUG : __main__ : 
2019-11-19 21:52:35,512 : DEBUG : __main__ : *******************
2019-11-19 21:52:35,512 : DEBUG : __main__ : Episode 14/101
2019-11-19 21:53:11,261 : DEBUG : __main__ : ------------------------------------------
2019-11-19 21:53:11,261 : DEBUG : __main__ : Total Profit: $16870.73
2019-11-19 21:53:11,261 : DEBUG : __main__ : ------------------------------------------
2019-11-19 21:53:11,319 : DEBUG : __main__ : episodeDuration 35.807155
2019-11-19 21:53:11,319 : DEBUG : __main__ : trainingDuration 581.653942
2019-11-19 21:53:11,320 : DEBUG : __main__ : 
2019-11-19 21:53:11,320 : DEBUG : __main__ : *******************
2019-11-19 21:53:11,320 : DEBUG : __main__ : Episode 15/101
2019-11-19 21:53:46,558 : DEBUG : __main__ : ------------------------------------------
2019-11-19 21:53:46,558 : DEBUG : __main__ : Total Profit: $18413.30
2019-11-19 21:53:46,559 : DEBUG : __main__ : ------------------------------------------
2019-11-19 21:53:46,618 : DEBUG : __main__ : episodeDuration 35.297918
2019-11-19 21:53:46,618 : DEBUG : __main__ : trainingDuration 616.952327
2019-11-19 21:53:46,618 : DEBUG : __main__ : 
2019-11-19 21:53:46,618 : DEBUG : __main__ : *******************
2019-11-19 21:53:46,618 : DEBUG : __main__ : Episode 16/101
2019-11-19 21:54:22,795 : DEBUG : __main__ : ------------------------------------------
2019-11-19 21:54:22,796 : DEBUG : __main__ : Total Profit: $13897.15
2019-11-19 21:54:22,796 : DEBUG : __main__ : ------------------------------------------
2019-11-19 21:54:22,871 : DEBUG : __main__ : episodeDuration 36.252506
2019-11-19 21:54:22,871 : DEBUG : __main__ : trainingDuration 653.205236
2019-11-19 21:54:22,871 : DEBUG : __main__ : 
2019-11-19 21:54:22,871 : DEBUG : __main__ : *******************
2019-11-19 21:54:22,871 : DEBUG : __main__ : Episode 17/101
2019-11-19 21:54:59,370 : DEBUG : __main__ : ------------------------------------------
2019-11-19 21:54:59,371 : DEBUG : __main__ : Total Profit: $9288.15
2019-11-19 21:54:59,371 : DEBUG : __main__ : ------------------------------------------
2019-11-19 21:54:59,433 : DEBUG : __main__ : episodeDuration 36.562199
2019-11-19 21:54:59,433 : DEBUG : __main__ : trainingDuration 689.767985
2019-11-19 21:54:59,434 : DEBUG : __main__ : 
2019-11-19 21:54:59,434 : DEBUG : __main__ : *******************
2019-11-19 21:54:59,434 : DEBUG : __main__ : Episode 18/101
2019-11-19 21:55:34,789 : DEBUG : __main__ : ------------------------------------------
2019-11-19 21:55:34,789 : DEBUG : __main__ : Total Profit: $14570.00
2019-11-19 21:55:34,789 : DEBUG : __main__ : ------------------------------------------
2019-11-19 21:55:34,873 : DEBUG : __main__ : episodeDuration 35.439173
2019-11-19 21:55:34,873 : DEBUG : __main__ : trainingDuration 725.207666
2019-11-19 21:55:34,873 : DEBUG : __main__ : 
2019-11-19 21:55:34,873 : DEBUG : __main__ : *******************
2019-11-19 21:55:34,874 : DEBUG : __main__ : Episode 19/101
2019-11-19 21:56:15,490 : DEBUG : __main__ : ------------------------------------------
2019-11-19 21:56:15,490 : DEBUG : __main__ : Total Profit: $10243.45
2019-11-19 21:56:15,490 : DEBUG : __main__ : ------------------------------------------
2019-11-19 21:56:15,563 : DEBUG : __main__ : episodeDuration 40.689873
2019-11-19 21:56:15,564 : DEBUG : __main__ : trainingDuration 765.898102
2019-11-19 21:56:15,564 : DEBUG : __main__ : 
2019-11-19 21:56:15,564 : DEBUG : __main__ : *******************
2019-11-19 21:56:15,564 : DEBUG : __main__ : Episode 20/101
2019-11-19 21:56:54,340 : DEBUG : __main__ : ------------------------------------------
2019-11-19 21:56:54,340 : DEBUG : __main__ : Total Profit: $15697.22
2019-11-19 21:56:54,341 : DEBUG : __main__ : ------------------------------------------
2019-11-19 21:56:54,419 : DEBUG : __main__ : episodeDuration 38.855208
2019-11-19 21:56:54,419 : DEBUG : __main__ : trainingDuration 804.753854
2019-11-19 21:56:54,420 : DEBUG : __main__ : 
2019-11-19 21:56:54,420 : DEBUG : __main__ : *******************
2019-11-19 21:56:54,420 : DEBUG : __main__ : starting validation after episode 20
2019-11-19 21:56:58,299 : DEBUG : __main__ : ------------------------------------------
2019-11-19 21:56:58,300 : DEBUG : __main__ : Total Profit of Validation: $1434.88
2019-11-19 21:56:58,300 : DEBUG : __main__ : ------------------------------------------
2019-11-19 21:56:58,300 : DEBUG : __main__ : *******************
2019-11-19 21:56:58,300 : DEBUG : __main__ : Episode 21/101
2019-11-19 21:57:36,089 : DEBUG : __main__ : ------------------------------------------
2019-11-19 21:57:36,089 : DEBUG : __main__ : Total Profit: $5580.42
2019-11-19 21:57:36,089 : DEBUG : __main__ : ------------------------------------------
2019-11-19 21:57:36,177 : DEBUG : __main__ : episodeDuration 37.877181
2019-11-19 21:57:36,177 : DEBUG : __main__ : trainingDuration 846.511886
2019-11-19 21:57:36,177 : DEBUG : __main__ : 
2019-11-19 21:57:36,178 : DEBUG : __main__ : *******************
2019-11-19 21:57:36,178 : DEBUG : __main__ : Episode 22/101
2019-11-19 21:58:13,420 : DEBUG : __main__ : ------------------------------------------
2019-11-19 21:58:13,420 : DEBUG : __main__ : Total Profit: $4518.75
2019-11-19 21:58:13,420 : DEBUG : __main__ : ------------------------------------------
2019-11-19 21:58:13,494 : DEBUG : __main__ : episodeDuration 37.316586
2019-11-19 21:58:13,495 : DEBUG : __main__ : trainingDuration 883.828931
2019-11-19 21:58:13,495 : DEBUG : __main__ : 
2019-11-19 21:58:13,495 : DEBUG : __main__ : *******************
2019-11-19 21:58:13,495 : DEBUG : __main__ : Episode 23/101
2019-11-19 21:58:49,083 : DEBUG : __main__ : ------------------------------------------
2019-11-19 21:58:49,083 : DEBUG : __main__ : Total Profit: $4487.55
2019-11-19 21:58:49,084 : DEBUG : __main__ : ------------------------------------------
2019-11-19 21:58:49,284 : DEBUG : __main__ : episodeDuration 35.789312
2019-11-19 21:58:49,284 : DEBUG : __main__ : trainingDuration 919.618875
2019-11-19 21:58:49,285 : DEBUG : __main__ : 
2019-11-19 21:58:49,285 : DEBUG : __main__ : *******************
2019-11-19 21:58:49,285 : DEBUG : __main__ : Episode 24/101
2019-11-19 21:59:25,451 : DEBUG : __main__ : ------------------------------------------
2019-11-19 21:59:25,451 : DEBUG : __main__ : Total Profit: $4230.93
2019-11-19 21:59:25,451 : DEBUG : __main__ : ------------------------------------------
2019-11-19 21:59:25,521 : DEBUG : __main__ : episodeDuration 36.236693
2019-11-19 21:59:25,522 : DEBUG : __main__ : trainingDuration 955.856104
2019-11-19 21:59:25,522 : DEBUG : __main__ : 
2019-11-19 21:59:25,522 : DEBUG : __main__ : *******************
2019-11-19 21:59:25,522 : DEBUG : __main__ : Episode 25/101
2019-11-19 22:00:00,747 : DEBUG : __main__ : ------------------------------------------
2019-11-19 22:00:00,747 : DEBUG : __main__ : Total Profit: $9392.17
2019-11-19 22:00:00,747 : DEBUG : __main__ : ------------------------------------------
2019-11-19 22:00:00,824 : DEBUG : __main__ : episodeDuration 35.302494
2019-11-19 22:00:00,825 : DEBUG : __main__ : trainingDuration 991.159031
2019-11-19 22:00:00,825 : DEBUG : __main__ : 
2019-11-19 22:00:00,825 : DEBUG : __main__ : *******************
2019-11-19 22:00:00,825 : DEBUG : __main__ : Episode 26/101
2019-11-19 22:00:36,835 : DEBUG : __main__ : ------------------------------------------
2019-11-19 22:00:36,836 : DEBUG : __main__ : Total Profit: $12231.38
2019-11-19 22:00:36,836 : DEBUG : __main__ : ------------------------------------------
2019-11-19 22:00:36,912 : DEBUG : __main__ : episodeDuration 36.087482
2019-11-19 22:00:36,912 : DEBUG : __main__ : trainingDuration 1027.247001
2019-11-19 22:00:36,913 : DEBUG : __main__ : 
2019-11-19 22:00:36,913 : DEBUG : __main__ : *******************
2019-11-19 22:00:36,913 : DEBUG : __main__ : Episode 27/101
2019-11-19 22:01:15,842 : DEBUG : __main__ : ------------------------------------------
2019-11-19 22:01:15,842 : DEBUG : __main__ : Total Profit: $14576.59
2019-11-19 22:01:15,842 : DEBUG : __main__ : ------------------------------------------
2019-11-19 22:01:15,932 : DEBUG : __main__ : episodeDuration 39.019366
2019-11-19 22:01:15,932 : DEBUG : __main__ : trainingDuration 1066.266777
2019-11-19 22:01:15,932 : DEBUG : __main__ : 
2019-11-19 22:01:15,933 : DEBUG : __main__ : *******************
2019-11-19 22:01:15,933 : DEBUG : __main__ : Episode 28/101
2019-11-19 22:01:55,633 : DEBUG : __main__ : ------------------------------------------
2019-11-19 22:01:55,633 : DEBUG : __main__ : Total Profit: $4885.00
2019-11-19 22:01:55,633 : DEBUG : __main__ : ------------------------------------------
2019-11-19 22:01:55,725 : DEBUG : __main__ : episodeDuration 39.792443
2019-11-19 22:01:55,725 : DEBUG : __main__ : trainingDuration 1106.059747
2019-11-19 22:01:55,725 : DEBUG : __main__ : 
2019-11-19 22:01:55,726 : DEBUG : __main__ : *******************
2019-11-19 22:01:55,726 : DEBUG : __main__ : Episode 29/101
2019-11-19 22:02:35,757 : DEBUG : __main__ : ------------------------------------------
2019-11-19 22:02:35,757 : DEBUG : __main__ : Total Profit: $8461.99
2019-11-19 22:02:35,757 : DEBUG : __main__ : ------------------------------------------
2019-11-19 22:02:35,837 : DEBUG : __main__ : episodeDuration 40.111428
2019-11-19 22:02:35,837 : DEBUG : __main__ : trainingDuration 1146.171718
2019-11-19 22:02:35,837 : DEBUG : __main__ : 
2019-11-19 22:02:35,837 : DEBUG : __main__ : *******************
2019-11-19 22:02:35,837 : DEBUG : __main__ : Episode 30/101
2019-11-19 22:03:10,557 : DEBUG : __main__ : ------------------------------------------
2019-11-19 22:03:10,557 : DEBUG : __main__ : Total Profit: $10609.40
2019-11-19 22:03:10,557 : DEBUG : __main__ : ------------------------------------------
2019-11-19 22:03:10,641 : DEBUG : __main__ : episodeDuration 34.80321
2019-11-19 22:03:10,641 : DEBUG : __main__ : trainingDuration 1180.975367
2019-11-19 22:03:10,641 : DEBUG : __main__ : 
2019-11-19 22:03:10,641 : DEBUG : __main__ : *******************
2019-11-19 22:03:10,641 : DEBUG : __main__ : starting validation after episode 30
2019-11-19 22:03:14,263 : DEBUG : __main__ : ------------------------------------------
2019-11-19 22:03:14,263 : DEBUG : __main__ : Total Profit of Validation: $1741.97
2019-11-19 22:03:14,264 : DEBUG : __main__ : ------------------------------------------
2019-11-19 22:03:14,264 : DEBUG : __main__ : *******************
2019-11-19 22:03:14,264 : DEBUG : __main__ : Episode 31/101
2019-11-19 22:03:51,083 : DEBUG : __main__ : ------------------------------------------
2019-11-19 22:03:51,083 : DEBUG : __main__ : Total Profit: $5038.03
2019-11-19 22:03:51,083 : DEBUG : __main__ : ------------------------------------------
2019-11-19 22:03:51,166 : DEBUG : __main__ : episodeDuration 36.902251
2019-11-19 22:03:51,166 : DEBUG : __main__ : trainingDuration 1221.500802
2019-11-19 22:03:51,166 : DEBUG : __main__ : 
2019-11-19 22:03:51,167 : DEBUG : __main__ : *******************
2019-11-19 22:03:51,167 : DEBUG : __main__ : Episode 32/101
2019-11-19 22:04:25,874 : DEBUG : __main__ : ------------------------------------------
2019-11-19 22:04:25,874 : DEBUG : __main__ : Total Profit: $14363.43
2019-11-19 22:04:25,874 : DEBUG : __main__ : ------------------------------------------
2019-11-19 22:04:25,962 : DEBUG : __main__ : episodeDuration 34.795083
2019-11-19 22:04:25,962 : DEBUG : __main__ : trainingDuration 1256.296417
2019-11-19 22:04:25,962 : DEBUG : __main__ : 
2019-11-19 22:04:25,962 : DEBUG : __main__ : *******************
2019-11-19 22:04:25,962 : DEBUG : __main__ : Episode 33/101
2019-11-19 22:05:04,715 : DEBUG : __main__ : ------------------------------------------
2019-11-19 22:05:04,715 : DEBUG : __main__ : Total Profit: $48333.63
2019-11-19 22:05:04,716 : DEBUG : __main__ : ------------------------------------------
2019-11-19 22:05:04,808 : DEBUG : __main__ : episodeDuration 38.845314
2019-11-19 22:05:04,808 : DEBUG : __main__ : trainingDuration 1295.142202
2019-11-19 22:05:04,808 : DEBUG : __main__ : 
2019-11-19 22:05:04,808 : DEBUG : __main__ : *******************
2019-11-19 22:05:04,808 : DEBUG : __main__ : Episode 34/101
2019-11-19 22:05:44,672 : DEBUG : __main__ : ------------------------------------------
2019-11-19 22:05:44,672 : DEBUG : __main__ : Total Profit: $131953.73
2019-11-19 22:05:44,672 : DEBUG : __main__ : ------------------------------------------
2019-11-19 22:05:44,771 : DEBUG : __main__ : episodeDuration 39.962637
2019-11-19 22:05:44,771 : DEBUG : __main__ : trainingDuration 1335.105328
2019-11-19 22:05:44,771 : DEBUG : __main__ : 
2019-11-19 22:05:44,771 : DEBUG : __main__ : *******************
2019-11-19 22:05:44,771 : DEBUG : __main__ : Episode 35/101
2019-11-19 22:05:58,554 : DEBUG : __main__ : Date: 2011-05-20
2019-11-19 22:05:58,554 : DEBUG : __main__ : Out of budget, terminating episode
2019-11-19 22:05:58,571 : DEBUG : __main__ : ------------------------------------------
2019-11-19 22:05:58,571 : DEBUG : __main__ : Total Profit: -$18419.70
2019-11-19 22:05:58,571 : DEBUG : __main__ : ------------------------------------------
2019-11-19 22:05:58,668 : DEBUG : __main__ : episodeDuration 13.896775
2019-11-19 22:05:58,668 : DEBUG : __main__ : trainingDuration 1349.0025
2019-11-19 22:05:58,668 : DEBUG : __main__ : 
2019-11-19 22:05:58,668 : DEBUG : __main__ : *******************
2019-11-19 22:05:58,668 : DEBUG : __main__ : Episode 36/101
2019-11-19 22:06:10,933 : DEBUG : __main__ : Date: 2010-11-11
2019-11-19 22:06:10,934 : DEBUG : __main__ : Out of budget, terminating episode
2019-11-19 22:06:10,947 : DEBUG : __main__ : ------------------------------------------
2019-11-19 22:06:10,947 : DEBUG : __main__ : Total Profit: -$23445.19
2019-11-19 22:06:10,947 : DEBUG : __main__ : ------------------------------------------
2019-11-19 22:06:11,048 : DEBUG : __main__ : episodeDuration 12.379861
2019-11-19 22:06:11,048 : DEBUG : __main__ : trainingDuration 1361.382812
2019-11-19 22:06:11,048 : DEBUG : __main__ : 
2019-11-19 22:06:11,049 : DEBUG : __main__ : *******************
2019-11-19 22:06:11,049 : DEBUG : __main__ : Episode 37/101
2019-11-19 22:06:20,255 : DEBUG : __main__ : Date: 2010-03-12
2019-11-19 22:06:20,255 : DEBUG : __main__ : Out of budget, terminating episode
2019-11-19 22:06:20,269 : DEBUG : __main__ : ------------------------------------------
2019-11-19 22:06:20,269 : DEBUG : __main__ : Total Profit: -$24141.63
2019-11-19 22:06:20,269 : DEBUG : __main__ : ------------------------------------------
2019-11-19 22:06:20,366 : DEBUG : __main__ : episodeDuration 9.317743
2019-11-19 22:06:20,367 : DEBUG : __main__ : trainingDuration 1370.701165
2019-11-19 22:06:20,367 : DEBUG : __main__ : 
2019-11-19 22:06:20,367 : DEBUG : __main__ : *******************
2019-11-19 22:06:20,367 : DEBUG : __main__ : Episode 38/101
2019-11-19 22:06:26,905 : DEBUG : __main__ : Date: 2009-08-14
2019-11-19 22:06:26,905 : DEBUG : __main__ : Out of budget, terminating episode
2019-11-19 22:06:26,918 : DEBUG : __main__ : ------------------------------------------
2019-11-19 22:06:26,919 : DEBUG : __main__ : Total Profit: -$28673.42
2019-11-19 22:06:26,919 : DEBUG : __main__ : ------------------------------------------
2019-11-19 22:06:27,015 : DEBUG : __main__ : episodeDuration 6.648095
2019-11-19 22:06:27,015 : DEBUG : __main__ : trainingDuration 1377.349853
2019-11-19 22:06:27,015 : DEBUG : __main__ : 
2019-11-19 22:06:27,015 : DEBUG : __main__ : *******************
2019-11-19 22:06:27,016 : DEBUG : __main__ : Episode 39/101
2019-11-19 22:06:34,244 : DEBUG : __main__ : Date: 2009-10-14
2019-11-19 22:06:34,244 : DEBUG : __main__ : Out of budget, terminating episode
2019-11-19 22:06:34,261 : DEBUG : __main__ : ------------------------------------------
2019-11-19 22:06:34,261 : DEBUG : __main__ : Total Profit: -$24025.67
2019-11-19 22:06:34,261 : DEBUG : __main__ : ------------------------------------------
2019-11-19 22:06:34,368 : DEBUG : __main__ : episodeDuration 7.35238
2019-11-19 22:06:34,368 : DEBUG : __main__ : trainingDuration 1384.70263
2019-11-19 22:06:34,368 : DEBUG : __main__ : 
2019-11-19 22:06:34,368 : DEBUG : __main__ : *******************
2019-11-19 22:06:34,369 : DEBUG : __main__ : Episode 40/101
2019-11-19 22:06:41,380 : DEBUG : __main__ : Date: 2009-09-25
2019-11-19 22:06:41,380 : DEBUG : __main__ : Out of budget, terminating episode
2019-11-19 22:06:41,395 : DEBUG : __main__ : ------------------------------------------
2019-11-19 22:06:41,395 : DEBUG : __main__ : Total Profit: -$20944.09
2019-11-19 22:06:41,395 : DEBUG : __main__ : ------------------------------------------
2019-11-19 22:06:41,505 : DEBUG : __main__ : episodeDuration 7.136488
2019-11-19 22:06:41,505 : DEBUG : __main__ : trainingDuration 1391.839685
2019-11-19 22:06:41,505 : DEBUG : __main__ : 
2019-11-19 22:06:41,505 : DEBUG : __main__ : *******************
2019-11-19 22:06:41,505 : DEBUG : __main__ : starting validation after episode 40
2019-11-19 22:06:45,240 : DEBUG : __main__ : ------------------------------------------
2019-11-19 22:06:45,240 : DEBUG : __main__ : Total Profit of Validation: $7407.29
2019-11-19 22:06:45,240 : DEBUG : __main__ : ------------------------------------------
2019-11-19 22:06:45,241 : DEBUG : __main__ : *******************
2019-11-19 22:06:45,241 : DEBUG : __main__ : Episode 41/101
2019-11-19 22:06:51,462 : DEBUG : __main__ : Date: 2009-07-02
2019-11-19 22:06:51,462 : DEBUG : __main__ : Out of budget, terminating episode
2019-11-19 22:06:51,476 : DEBUG : __main__ : ------------------------------------------
2019-11-19 22:06:51,476 : DEBUG : __main__ : Total Profit: -$19712.51
2019-11-19 22:06:51,476 : DEBUG : __main__ : ------------------------------------------
2019-11-19 22:06:51,580 : DEBUG : __main__ : episodeDuration 6.339851
2019-11-19 22:06:51,581 : DEBUG : __main__ : trainingDuration 1401.915101
2019-11-19 22:06:51,581 : DEBUG : __main__ : 
2019-11-19 22:06:51,581 : DEBUG : __main__ : *******************
2019-11-19 22:06:51,581 : DEBUG : __main__ : Episode 42/101
2019-11-19 22:06:56,572 : DEBUG : __main__ : Date: 2009-03-10
2019-11-19 22:06:56,572 : DEBUG : __main__ : Out of budget, terminating episode
2019-11-19 22:06:56,587 : DEBUG : __main__ : ------------------------------------------
2019-11-19 22:06:56,587 : DEBUG : __main__ : Total Profit: -$14012.71
2019-11-19 22:06:56,587 : DEBUG : __main__ : ------------------------------------------
2019-11-19 22:06:56,716 : DEBUG : __main__ : episodeDuration 5.135141
2019-11-19 22:06:56,716 : DEBUG : __main__ : trainingDuration 1407.050731
2019-11-19 22:06:56,717 : DEBUG : __main__ : 
2019-11-19 22:06:56,717 : DEBUG : __main__ : *******************
2019-11-19 22:06:56,717 : DEBUG : __main__ : Episode 43/101
2019-11-19 22:07:03,868 : DEBUG : __main__ : Date: 2009-05-01
2019-11-19 22:07:03,868 : DEBUG : __main__ : Out of budget, terminating episode
2019-11-19 22:07:03,882 : DEBUG : __main__ : ------------------------------------------
2019-11-19 22:07:03,882 : DEBUG : __main__ : Total Profit: -$12834.02
2019-11-19 22:07:03,882 : DEBUG : __main__ : ------------------------------------------
2019-11-19 22:07:03,989 : DEBUG : __main__ : episodeDuration 7.272021
2019-11-19 22:07:03,989 : DEBUG : __main__ : trainingDuration 1414.323439
2019-11-19 22:07:03,989 : DEBUG : __main__ : 
2019-11-19 22:07:03,989 : DEBUG : __main__ : *******************
2019-11-19 22:07:03,989 : DEBUG : __main__ : Episode 44/101
2019-11-19 22:07:09,256 : DEBUG : __main__ : Date: 2009-04-07
2019-11-19 22:07:09,257 : DEBUG : __main__ : Out of budget, terminating episode
2019-11-19 22:07:09,271 : DEBUG : __main__ : ------------------------------------------
2019-11-19 22:07:09,271 : DEBUG : __main__ : Total Profit: -$12156.86
2019-11-19 22:07:09,271 : DEBUG : __main__ : ------------------------------------------
2019-11-19 22:07:09,381 : DEBUG : __main__ : episodeDuration 5.39163
2019-11-19 22:07:09,381 : DEBUG : __main__ : trainingDuration 1419.715506
2019-11-19 22:07:09,381 : DEBUG : __main__ : 
2019-11-19 22:07:09,381 : DEBUG : __main__ : *******************
2019-11-19 22:07:09,381 : DEBUG : __main__ : Episode 45/101
2019-11-19 22:07:48,089 : DEBUG : __main__ : ------------------------------------------
2019-11-19 22:07:48,089 : DEBUG : __main__ : Total Profit: $18238.81
2019-11-19 22:07:48,089 : DEBUG : __main__ : ------------------------------------------
2019-11-19 22:07:48,286 : DEBUG : __main__ : episodeDuration 38.904607
2019-11-19 22:07:48,286 : DEBUG : __main__ : trainingDuration 1458.620592
2019-11-19 22:07:48,286 : DEBUG : __main__ : 
2019-11-19 22:07:48,286 : DEBUG : __main__ : *******************
2019-11-19 22:07:48,287 : DEBUG : __main__ : Episode 46/101
2019-11-19 22:08:32,706 : DEBUG : __main__ : ------------------------------------------
2019-11-19 22:08:32,707 : DEBUG : __main__ : Total Profit: -$1180.68
2019-11-19 22:08:32,707 : DEBUG : __main__ : ------------------------------------------
2019-11-19 22:08:32,823 : DEBUG : __main__ : episodeDuration 44.536078
2019-11-19 22:08:32,823 : DEBUG : __main__ : trainingDuration 1503.15731
2019-11-19 22:08:32,823 : DEBUG : __main__ : 
2019-11-19 22:08:32,823 : DEBUG : __main__ : *******************
2019-11-19 22:08:32,823 : DEBUG : __main__ : Episode 47/101
2019-11-19 22:09:07,888 : DEBUG : __main__ : ------------------------------------------
2019-11-19 22:09:07,888 : DEBUG : __main__ : Total Profit: $1914.19
2019-11-19 22:09:07,888 : DEBUG : __main__ : ------------------------------------------
2019-11-19 22:09:07,995 : DEBUG : __main__ : episodeDuration 35.171965
2019-11-19 22:09:07,995 : DEBUG : __main__ : trainingDuration 1538.329815
2019-11-19 22:09:07,995 : DEBUG : __main__ : 
2019-11-19 22:09:07,996 : DEBUG : __main__ : *******************
2019-11-19 22:09:07,996 : DEBUG : __main__ : Episode 48/101
2019-11-19 22:09:41,736 : DEBUG : __main__ : ------------------------------------------
2019-11-19 22:09:41,736 : DEBUG : __main__ : Total Profit: -$163.00
2019-11-19 22:09:41,736 : DEBUG : __main__ : ------------------------------------------
2019-11-19 22:09:41,848 : DEBUG : __main__ : episodeDuration 33.852385
2019-11-19 22:09:41,848 : DEBUG : __main__ : trainingDuration 1572.182718
2019-11-19 22:09:41,848 : DEBUG : __main__ : 
2019-11-19 22:09:41,849 : DEBUG : __main__ : *******************
2019-11-19 22:09:41,849 : DEBUG : __main__ : Episode 49/101
2019-11-19 22:10:15,773 : DEBUG : __main__ : ------------------------------------------
2019-11-19 22:10:15,773 : DEBUG : __main__ : Total Profit: $813.50
2019-11-19 22:10:15,773 : DEBUG : __main__ : ------------------------------------------
2019-11-19 22:10:15,883 : DEBUG : __main__ : episodeDuration 34.03425
2019-11-19 22:10:15,883 : DEBUG : __main__ : trainingDuration 1606.217541
2019-11-19 22:10:15,883 : DEBUG : __main__ : 
2019-11-19 22:10:15,883 : DEBUG : __main__ : *******************
2019-11-19 22:10:15,883 : DEBUG : __main__ : Episode 50/101
2019-11-19 22:10:48,973 : DEBUG : __main__ : ------------------------------------------
2019-11-19 22:10:48,973 : DEBUG : __main__ : Total Profit: -$45.76
2019-11-19 22:10:48,973 : DEBUG : __main__ : ------------------------------------------
2019-11-19 22:10:49,084 : DEBUG : __main__ : episodeDuration 33.200491
2019-11-19 22:10:49,084 : DEBUG : __main__ : trainingDuration 1639.418515
2019-11-19 22:10:49,084 : DEBUG : __main__ : 
2019-11-19 22:10:49,084 : DEBUG : __main__ : *******************
2019-11-19 22:10:49,084 : DEBUG : __main__ : starting validation after episode 50
2019-11-19 22:10:52,693 : DEBUG : __main__ : ------------------------------------------
2019-11-19 22:10:52,693 : DEBUG : __main__ : Total Profit of Validation: $132.14
2019-11-19 22:10:52,693 : DEBUG : __main__ : ------------------------------------------
2019-11-19 22:10:52,693 : DEBUG : __main__ : *******************
2019-11-19 22:10:52,693 : DEBUG : __main__ : Episode 51/101
2019-11-19 22:11:25,607 : DEBUG : __main__ : ------------------------------------------
2019-11-19 22:11:25,607 : DEBUG : __main__ : Total Profit: $384.92
2019-11-19 22:11:25,607 : DEBUG : __main__ : ------------------------------------------
2019-11-19 22:11:25,725 : DEBUG : __main__ : episodeDuration 33.031876
2019-11-19 22:11:25,726 : DEBUG : __main__ : trainingDuration 1676.060042
2019-11-19 22:11:25,726 : DEBUG : __main__ : 
2019-11-19 22:11:25,726 : DEBUG : __main__ : *******************
2019-11-19 22:11:25,726 : DEBUG : __main__ : Episode 52/101
2019-11-19 22:12:01,777 : DEBUG : __main__ : ------------------------------------------
2019-11-19 22:12:01,777 : DEBUG : __main__ : Total Profit: $1712.14
2019-11-19 22:12:01,777 : DEBUG : __main__ : ------------------------------------------
2019-11-19 22:12:01,939 : DEBUG : __main__ : episodeDuration 36.213183
2019-11-19 22:12:01,939 : DEBUG : __main__ : trainingDuration 1712.273696
2019-11-19 22:12:01,939 : DEBUG : __main__ : 
2019-11-19 22:12:01,940 : DEBUG : __main__ : *******************
2019-11-19 22:12:01,940 : DEBUG : __main__ : Episode 53/101
2019-11-19 22:12:41,859 : DEBUG : __main__ : ------------------------------------------
2019-11-19 22:12:41,859 : DEBUG : __main__ : Total Profit: $64.23
2019-11-19 22:12:41,859 : DEBUG : __main__ : ------------------------------------------
2019-11-19 22:12:41,988 : DEBUG : __main__ : episodeDuration 40.047907
2019-11-19 22:12:41,988 : DEBUG : __main__ : trainingDuration 1752.32225
2019-11-19 22:12:41,988 : DEBUG : __main__ : 
2019-11-19 22:12:41,988 : DEBUG : __main__ : *******************
2019-11-19 22:12:41,988 : DEBUG : __main__ : Episode 54/101
2019-11-19 22:13:20,151 : DEBUG : __main__ : ------------------------------------------
2019-11-19 22:13:20,152 : DEBUG : __main__ : Total Profit: $12981.64
2019-11-19 22:13:20,152 : DEBUG : __main__ : ------------------------------------------
2019-11-19 22:13:20,273 : DEBUG : __main__ : episodeDuration 38.285328
2019-11-19 22:13:20,274 : DEBUG : __main__ : trainingDuration 1790.608168
2019-11-19 22:13:20,274 : DEBUG : __main__ : 
2019-11-19 22:13:20,274 : DEBUG : __main__ : *******************
2019-11-19 22:13:20,274 : DEBUG : __main__ : Episode 55/101
2019-11-19 22:13:25,143 : DEBUG : __main__ : Date: 2009-03-18
2019-11-19 22:13:25,143 : DEBUG : __main__ : Out of budget, terminating episode
2019-11-19 22:13:25,159 : DEBUG : __main__ : ------------------------------------------
2019-11-19 22:13:25,160 : DEBUG : __main__ : Total Profit: -$12590.90
2019-11-19 22:13:25,160 : DEBUG : __main__ : ------------------------------------------
2019-11-19 22:13:25,294 : DEBUG : __main__ : episodeDuration 5.019946
2019-11-19 22:13:25,294 : DEBUG : __main__ : trainingDuration 1795.628628
2019-11-19 22:13:25,294 : DEBUG : __main__ : 
2019-11-19 22:13:25,294 : DEBUG : __main__ : *******************
2019-11-19 22:13:25,295 : DEBUG : __main__ : Episode 56/101
2019-11-19 22:14:06,020 : DEBUG : __main__ : ------------------------------------------
2019-11-19 22:14:06,020 : DEBUG : __main__ : Total Profit: $178986.44
2019-11-19 22:14:06,020 : DEBUG : __main__ : ------------------------------------------
2019-11-19 22:14:06,146 : DEBUG : __main__ : episodeDuration 40.851926
2019-11-19 22:14:06,147 : DEBUG : __main__ : trainingDuration 1836.481133
2019-11-19 22:14:06,147 : DEBUG : __main__ : 
2019-11-19 22:14:06,147 : DEBUG : __main__ : *******************
2019-11-19 22:14:06,147 : DEBUG : __main__ : Episode 57/101
2019-11-19 22:14:13,050 : DEBUG : __main__ : Date: 2009-12-10
2019-11-19 22:14:13,050 : DEBUG : __main__ : Out of budget, terminating episode
2019-11-19 22:14:13,063 : DEBUG : __main__ : ------------------------------------------
2019-11-19 22:14:13,063 : DEBUG : __main__ : Total Profit: -$23975.58
2019-11-19 22:14:13,063 : DEBUG : __main__ : ------------------------------------------
2019-11-19 22:14:13,184 : DEBUG : __main__ : episodeDuration 7.036734
2019-11-19 22:14:13,184 : DEBUG : __main__ : trainingDuration 1843.518418
2019-11-19 22:14:13,184 : DEBUG : __main__ : 
2019-11-19 22:14:13,184 : DEBUG : __main__ : *******************
2019-11-19 22:14:13,184 : DEBUG : __main__ : Episode 58/101
2019-11-19 22:14:21,514 : DEBUG : __main__ : Date: 2010-02-01
2019-11-19 22:14:21,515 : DEBUG : __main__ : Out of budget, terminating episode
2019-11-19 22:14:21,529 : DEBUG : __main__ : ------------------------------------------
2019-11-19 22:14:21,529 : DEBUG : __main__ : Total Profit: -$24941.83
2019-11-19 22:14:21,530 : DEBUG : __main__ : ------------------------------------------
2019-11-19 22:14:21,663 : DEBUG : __main__ : episodeDuration 8.478445
2019-11-19 22:14:21,663 : DEBUG : __main__ : trainingDuration 1851.997317
2019-11-19 22:14:21,663 : DEBUG : __main__ : 
2019-11-19 22:14:21,663 : DEBUG : __main__ : *******************
2019-11-19 22:14:21,663 : DEBUG : __main__ : Episode 59/101
2019-11-19 22:14:34,281 : DEBUG : __main__ : Date: 2010-09-10
2019-11-19 22:14:34,281 : DEBUG : __main__ : Out of budget, terminating episode
2019-11-19 22:14:34,298 : DEBUG : __main__ : ------------------------------------------
2019-11-19 22:14:34,298 : DEBUG : __main__ : Total Profit: -$23844.62
2019-11-19 22:14:34,298 : DEBUG : __main__ : ------------------------------------------
2019-11-19 22:14:34,451 : DEBUG : __main__ : episodeDuration 12.787996
2019-11-19 22:14:34,451 : DEBUG : __main__ : trainingDuration 1864.785897
2019-11-19 22:14:34,451 : DEBUG : __main__ : 
2019-11-19 22:14:34,452 : DEBUG : __main__ : *******************
2019-11-19 22:14:34,452 : DEBUG : __main__ : Episode 60/101
2019-11-19 22:14:45,239 : DEBUG : __main__ : Date: 2010-10-06
2019-11-19 22:14:45,239 : DEBUG : __main__ : Out of budget, terminating episode
2019-11-19 22:14:45,258 : DEBUG : __main__ : ------------------------------------------
2019-11-19 22:14:45,258 : DEBUG : __main__ : Total Profit: -$25012.72
2019-11-19 22:14:45,258 : DEBUG : __main__ : ------------------------------------------
2019-11-19 22:14:45,401 : DEBUG : __main__ : episodeDuration 10.949698
2019-11-19 22:14:45,402 : DEBUG : __main__ : trainingDuration 1875.736012
2019-11-19 22:14:45,402 : DEBUG : __main__ : 
2019-11-19 22:14:45,402 : DEBUG : __main__ : *******************
2019-11-19 22:14:45,402 : DEBUG : __main__ : starting validation after episode 60
2019-11-19 22:14:49,112 : DEBUG : __main__ : ------------------------------------------
2019-11-19 22:14:49,112 : DEBUG : __main__ : Total Profit of Validation: $6348.79
2019-11-19 22:14:49,112 : DEBUG : __main__ : ------------------------------------------
2019-11-19 22:14:49,113 : DEBUG : __main__ : *******************
2019-11-19 22:14:49,113 : DEBUG : __main__ : Episode 61/101
2019-11-19 22:15:25,178 : DEBUG : __main__ : ------------------------------------------
2019-11-19 22:15:25,178 : DEBUG : __main__ : Total Profit: $89644.88
2019-11-19 22:15:25,178 : DEBUG : __main__ : ------------------------------------------
2019-11-19 22:15:25,314 : DEBUG : __main__ : episodeDuration 36.201523
2019-11-19 22:15:25,314 : DEBUG : __main__ : trainingDuration 1915.648902
2019-11-19 22:15:25,315 : DEBUG : __main__ : 
2019-11-19 22:15:25,315 : DEBUG : __main__ : *******************
2019-11-19 22:15:25,315 : DEBUG : __main__ : Episode 62/101
2019-11-19 22:16:00,807 : DEBUG : __main__ : ------------------------------------------
2019-11-19 22:16:00,808 : DEBUG : __main__ : Total Profit: $52559.83
2019-11-19 22:16:00,808 : DEBUG : __main__ : ------------------------------------------
2019-11-19 22:16:00,941 : DEBUG : __main__ : episodeDuration 35.626649
2019-11-19 22:16:00,942 : DEBUG : __main__ : trainingDuration 1951.276035
2019-11-19 22:16:00,942 : DEBUG : __main__ : 
2019-11-19 22:16:00,942 : DEBUG : __main__ : *******************
2019-11-19 22:16:00,942 : DEBUG : __main__ : Episode 63/101
2019-11-19 22:16:36,136 : DEBUG : __main__ : ------------------------------------------
2019-11-19 22:16:36,136 : DEBUG : __main__ : Total Profit: $47907.19
2019-11-19 22:16:36,136 : DEBUG : __main__ : ------------------------------------------
2019-11-19 22:16:36,286 : DEBUG : __main__ : episodeDuration 35.343955
2019-11-19 22:16:36,286 : DEBUG : __main__ : trainingDuration 1986.620503
2019-11-19 22:16:36,286 : DEBUG : __main__ : 
2019-11-19 22:16:36,286 : DEBUG : __main__ : *******************
2019-11-19 22:16:36,286 : DEBUG : __main__ : Episode 64/101
2019-11-19 22:17:13,895 : DEBUG : __main__ : ------------------------------------------
2019-11-19 22:17:13,896 : DEBUG : __main__ : Total Profit: $22116.04
2019-11-19 22:17:13,896 : DEBUG : __main__ : ------------------------------------------
2019-11-19 22:17:14,040 : DEBUG : __main__ : episodeDuration 37.754213
2019-11-19 22:17:14,041 : DEBUG : __main__ : trainingDuration 2024.375183
2019-11-19 22:17:14,041 : DEBUG : __main__ : 
2019-11-19 22:17:14,041 : DEBUG : __main__ : *******************
2019-11-19 22:17:14,041 : DEBUG : __main__ : Episode 65/101
2019-11-19 22:17:52,392 : DEBUG : __main__ : ------------------------------------------
2019-11-19 22:17:52,392 : DEBUG : __main__ : Total Profit: $12586.45
2019-11-19 22:17:52,393 : DEBUG : __main__ : ------------------------------------------
2019-11-19 22:17:52,538 : DEBUG : __main__ : episodeDuration 38.496616
2019-11-19 22:17:52,538 : DEBUG : __main__ : trainingDuration 2062.87233
2019-11-19 22:17:52,538 : DEBUG : __main__ : 
2019-11-19 22:17:52,538 : DEBUG : __main__ : *******************
2019-11-19 22:17:52,538 : DEBUG : __main__ : Episode 66/101
2019-11-19 22:18:30,136 : DEBUG : __main__ : ------------------------------------------
2019-11-19 22:18:30,136 : DEBUG : __main__ : Total Profit: $8589.92
2019-11-19 22:18:30,136 : DEBUG : __main__ : ------------------------------------------
2019-11-19 22:18:30,299 : DEBUG : __main__ : episodeDuration 37.760781
2019-11-19 22:18:30,299 : DEBUG : __main__ : trainingDuration 2100.633683
2019-11-19 22:18:30,299 : DEBUG : __main__ : 
2019-11-19 22:18:30,300 : DEBUG : __main__ : *******************
2019-11-19 22:18:30,300 : DEBUG : __main__ : Episode 67/101
2019-11-19 22:19:08,005 : DEBUG : __main__ : ------------------------------------------
2019-11-19 22:19:08,005 : DEBUG : __main__ : Total Profit: $10733.66
2019-11-19 22:19:08,005 : DEBUG : __main__ : ------------------------------------------
2019-11-19 22:19:08,184 : DEBUG : __main__ : episodeDuration 37.884238
2019-11-19 22:19:08,184 : DEBUG : __main__ : trainingDuration 2138.518571
2019-11-19 22:19:08,184 : DEBUG : __main__ : 
2019-11-19 22:19:08,184 : DEBUG : __main__ : *******************
2019-11-19 22:19:08,184 : DEBUG : __main__ : Episode 68/101
2019-11-19 22:19:56,850 : DEBUG : __main__ : ------------------------------------------
2019-11-19 22:19:56,851 : DEBUG : __main__ : Total Profit: $2541.36
2019-11-19 22:19:56,851 : DEBUG : __main__ : ------------------------------------------
2019-11-19 22:19:56,999 : DEBUG : __main__ : episodeDuration 48.815051
2019-11-19 22:19:57,000 : DEBUG : __main__ : trainingDuration 2187.334153
2019-11-19 22:19:57,000 : DEBUG : __main__ : 
2019-11-19 22:19:57,000 : DEBUG : __main__ : *******************
2019-11-19 22:19:57,000 : DEBUG : __main__ : Episode 69/101
2019-11-19 22:20:32,690 : DEBUG : __main__ : ------------------------------------------
2019-11-19 22:20:32,690 : DEBUG : __main__ : Total Profit: $6064.23
2019-11-19 22:20:32,690 : DEBUG : __main__ : ------------------------------------------
2019-11-19 22:20:32,844 : DEBUG : __main__ : episodeDuration 35.844305
2019-11-19 22:20:32,845 : DEBUG : __main__ : trainingDuration 2223.179107
2019-11-19 22:20:32,845 : DEBUG : __main__ : 
2019-11-19 22:20:32,845 : DEBUG : __main__ : *******************
2019-11-19 22:20:32,845 : DEBUG : __main__ : Episode 70/101
2019-11-19 22:21:11,446 : DEBUG : __main__ : ------------------------------------------
2019-11-19 22:21:11,447 : DEBUG : __main__ : Total Profit: $344.27
2019-11-19 22:21:11,447 : DEBUG : __main__ : ------------------------------------------
2019-11-19 22:21:11,607 : DEBUG : __main__ : episodeDuration 38.762155
2019-11-19 22:21:11,607 : DEBUG : __main__ : trainingDuration 2261.941801
2019-11-19 22:21:11,607 : DEBUG : __main__ : 
2019-11-19 22:21:11,608 : DEBUG : __main__ : *******************
2019-11-19 22:21:11,608 : DEBUG : __main__ : starting validation after episode 70
2019-11-19 22:21:16,169 : DEBUG : __main__ : ------------------------------------------
2019-11-19 22:21:16,170 : DEBUG : __main__ : Total Profit of Validation: $839.30
2019-11-19 22:21:16,170 : DEBUG : __main__ : ------------------------------------------
2019-11-19 22:21:16,170 : DEBUG : __main__ : *******************
2019-11-19 22:21:16,170 : DEBUG : __main__ : Episode 71/101
2019-11-19 22:21:55,653 : DEBUG : __main__ : ------------------------------------------
2019-11-19 22:21:55,653 : DEBUG : __main__ : Total Profit: $336.32
2019-11-19 22:21:55,653 : DEBUG : __main__ : ------------------------------------------
2019-11-19 22:21:55,854 : DEBUG : __main__ : episodeDuration 39.683461
2019-11-19 22:21:55,854 : DEBUG : __main__ : trainingDuration 2306.188347
2019-11-19 22:21:55,854 : DEBUG : __main__ : 
2019-11-19 22:21:55,854 : DEBUG : __main__ : *******************
2019-11-19 22:21:55,854 : DEBUG : __main__ : Episode 72/101
2019-11-19 22:22:37,418 : DEBUG : __main__ : ------------------------------------------
2019-11-19 22:22:37,418 : DEBUG : __main__ : Total Profit: $3830.50
2019-11-19 22:22:37,418 : DEBUG : __main__ : ------------------------------------------
2019-11-19 22:22:37,613 : DEBUG : __main__ : episodeDuration 41.758752
2019-11-19 22:22:37,613 : DEBUG : __main__ : trainingDuration 2347.947654
2019-11-19 22:22:37,613 : DEBUG : __main__ : 
2019-11-19 22:22:37,613 : DEBUG : __main__ : *******************
2019-11-19 22:22:37,613 : DEBUG : __main__ : Episode 73/101
2019-11-19 22:23:15,669 : DEBUG : __main__ : ------------------------------------------
2019-11-19 22:23:15,670 : DEBUG : __main__ : Total Profit: $10031.80
2019-11-19 22:23:15,670 : DEBUG : __main__ : ------------------------------------------
2019-11-19 22:23:15,838 : DEBUG : __main__ : episodeDuration 38.224177
2019-11-19 22:23:15,838 : DEBUG : __main__ : trainingDuration 2386.172237
2019-11-19 22:23:15,838 : DEBUG : __main__ : 
2019-11-19 22:23:15,838 : DEBUG : __main__ : *******************
2019-11-19 22:23:15,838 : DEBUG : __main__ : Episode 74/101
2019-11-19 22:23:52,313 : DEBUG : __main__ : ------------------------------------------
2019-11-19 22:23:52,314 : DEBUG : __main__ : Total Profit: $13860.60
2019-11-19 22:23:52,314 : DEBUG : __main__ : ------------------------------------------
2019-11-19 22:23:52,479 : DEBUG : __main__ : episodeDuration 36.641322
2019-11-19 22:23:52,480 : DEBUG : __main__ : trainingDuration 2422.813979
2019-11-19 22:23:52,480 : DEBUG : __main__ : 
2019-11-19 22:23:52,480 : DEBUG : __main__ : *******************
2019-11-19 22:23:52,480 : DEBUG : __main__ : Episode 75/101
2019-11-19 22:24:31,382 : DEBUG : __main__ : ------------------------------------------
2019-11-19 22:24:31,382 : DEBUG : __main__ : Total Profit: $55511.16
2019-11-19 22:24:31,382 : DEBUG : __main__ : ------------------------------------------
2019-11-19 22:24:31,556 : DEBUG : __main__ : episodeDuration 39.076409
2019-11-19 22:24:31,557 : DEBUG : __main__ : trainingDuration 2461.890969
2019-11-19 22:24:31,557 : DEBUG : __main__ : 
2019-11-19 22:24:31,557 : DEBUG : __main__ : *******************
2019-11-19 22:24:31,557 : DEBUG : __main__ : Episode 76/101
2019-11-19 22:25:15,373 : DEBUG : __main__ : ------------------------------------------
2019-11-19 22:25:15,374 : DEBUG : __main__ : Total Profit: $136998.44
2019-11-19 22:25:15,374 : DEBUG : __main__ : ------------------------------------------
2019-11-19 22:25:15,558 : DEBUG : __main__ : episodeDuration 44.001467
2019-11-19 22:25:15,559 : DEBUG : __main__ : trainingDuration 2505.89294
2019-11-19 22:25:15,559 : DEBUG : __main__ : 
2019-11-19 22:25:15,559 : DEBUG : __main__ : *******************
2019-11-19 22:25:15,559 : DEBUG : __main__ : Episode 77/101
2019-11-19 22:25:58,633 : DEBUG : __main__ : ------------------------------------------
2019-11-19 22:25:58,634 : DEBUG : __main__ : Total Profit: $134257.74
2019-11-19 22:25:58,634 : DEBUG : __main__ : ------------------------------------------
2019-11-19 22:25:58,810 : DEBUG : __main__ : episodeDuration 43.25124
2019-11-19 22:25:58,810 : DEBUG : __main__ : trainingDuration 2549.144724
2019-11-19 22:25:58,811 : DEBUG : __main__ : 
2019-11-19 22:25:58,811 : DEBUG : __main__ : *******************
2019-11-19 22:25:58,811 : DEBUG : __main__ : Episode 78/101
2019-11-19 22:26:06,666 : DEBUG : __main__ : Date: 2009-08-13
2019-11-19 22:26:06,667 : DEBUG : __main__ : Out of budget, terminating episode
2019-11-19 22:26:06,684 : DEBUG : __main__ : ------------------------------------------
2019-11-19 22:26:06,684 : DEBUG : __main__ : Total Profit: -$25629.99
2019-11-19 22:26:06,684 : DEBUG : __main__ : ------------------------------------------
2019-11-19 22:26:06,864 : DEBUG : __main__ : episodeDuration 8.053364
2019-11-19 22:26:06,864 : DEBUG : __main__ : trainingDuration 2557.198824
2019-11-19 22:26:06,865 : DEBUG : __main__ : 
2019-11-19 22:26:06,865 : DEBUG : __main__ : *******************
2019-11-19 22:26:06,865 : DEBUG : __main__ : Episode 79/101
2019-11-19 22:26:14,560 : DEBUG : __main__ : Date: 2009-10-21
2019-11-19 22:26:14,561 : DEBUG : __main__ : Out of budget, terminating episode
2019-11-19 22:26:14,575 : DEBUG : __main__ : ------------------------------------------
2019-11-19 22:26:14,576 : DEBUG : __main__ : Total Profit: -$28261.33
2019-11-19 22:26:14,576 : DEBUG : __main__ : ------------------------------------------
2019-11-19 22:26:14,735 : DEBUG : __main__ : episodeDuration 7.870592
2019-11-19 22:26:14,736 : DEBUG : __main__ : trainingDuration 2565.07
2019-11-19 22:26:14,736 : DEBUG : __main__ : 
2019-11-19 22:26:14,736 : DEBUG : __main__ : *******************
2019-11-19 22:26:14,736 : DEBUG : __main__ : Episode 80/101
2019-11-19 22:26:21,598 : DEBUG : __main__ : Date: 2009-09-11
2019-11-19 22:26:21,598 : DEBUG : __main__ : Out of budget, terminating episode
2019-11-19 22:26:21,612 : DEBUG : __main__ : ------------------------------------------
2019-11-19 22:26:21,612 : DEBUG : __main__ : Total Profit: -$20551.63
2019-11-19 22:26:21,612 : DEBUG : __main__ : ------------------------------------------
2019-11-19 22:26:21,791 : DEBUG : __main__ : episodeDuration 7.055324
2019-11-19 22:26:21,792 : DEBUG : __main__ : trainingDuration 2572.126049
2019-11-19 22:26:21,792 : DEBUG : __main__ : 
2019-11-19 22:26:21,792 : DEBUG : __main__ : *******************
2019-11-19 22:26:21,792 : DEBUG : __main__ : starting validation after episode 80
2019-11-19 22:26:25,554 : DEBUG : __main__ : ------------------------------------------
2019-11-19 22:26:25,554 : DEBUG : __main__ : Total Profit of Validation: $6297.36
2019-11-19 22:26:25,554 : DEBUG : __main__ : ------------------------------------------
2019-11-19 22:26:25,555 : DEBUG : __main__ : *******************
2019-11-19 22:26:25,555 : DEBUG : __main__ : Episode 81/101
2019-11-19 22:26:31,389 : DEBUG : __main__ : Date: 2009-07-06
2019-11-19 22:26:31,389 : DEBUG : __main__ : Out of budget, terminating episode
2019-11-19 22:26:31,403 : DEBUG : __main__ : ------------------------------------------
2019-11-19 22:26:31,403 : DEBUG : __main__ : Total Profit: -$21147.21
2019-11-19 22:26:31,403 : DEBUG : __main__ : ------------------------------------------
2019-11-19 22:26:31,570 : DEBUG : __main__ : episodeDuration 6.01505
2019-11-19 22:26:31,570 : DEBUG : __main__ : trainingDuration 2581.904386
2019-11-19 22:26:31,570 : DEBUG : __main__ : 
2019-11-19 22:26:31,570 : DEBUG : __main__ : *******************
2019-11-19 22:26:31,570 : DEBUG : __main__ : Episode 82/101
2019-11-19 22:26:37,649 : DEBUG : __main__ : Date: 2009-07-10
2019-11-19 22:26:37,649 : DEBUG : __main__ : Out of budget, terminating episode
2019-11-19 22:26:37,667 : DEBUG : __main__ : ------------------------------------------
2019-11-19 22:26:37,667 : DEBUG : __main__ : Total Profit: -$22572.79
2019-11-19 22:26:37,667 : DEBUG : __main__ : ------------------------------------------
2019-11-19 22:26:37,843 : DEBUG : __main__ : episodeDuration 6.273081
2019-11-19 22:26:37,843 : DEBUG : __main__ : trainingDuration 2588.177955
2019-11-19 22:26:37,844 : DEBUG : __main__ : 
2019-11-19 22:26:37,844 : DEBUG : __main__ : *******************
2019-11-19 22:26:37,844 : DEBUG : __main__ : Episode 83/101
2019-11-19 22:26:42,566 : DEBUG : __main__ : Date: 2009-03-18
2019-11-19 22:26:42,567 : DEBUG : __main__ : Out of budget, terminating episode
2019-11-19 22:26:42,580 : DEBUG : __main__ : ------------------------------------------
2019-11-19 22:26:42,580 : DEBUG : __main__ : Total Profit: -$11896.43
2019-11-19 22:26:42,580 : DEBUG : __main__ : ------------------------------------------
2019-11-19 22:26:42,752 : DEBUG : __main__ : episodeDuration 4.908054
2019-11-19 22:26:42,752 : DEBUG : __main__ : trainingDuration 2593.086495
2019-11-19 22:26:42,752 : DEBUG : __main__ : 
2019-11-19 22:26:42,752 : DEBUG : __main__ : *******************
2019-11-19 22:26:42,752 : DEBUG : __main__ : Episode 84/101
2019-11-19 22:26:48,961 : DEBUG : __main__ : Date: 2009-07-06
2019-11-19 22:26:48,961 : DEBUG : __main__ : Out of budget, terminating episode
2019-11-19 22:26:48,973 : DEBUG : __main__ : ------------------------------------------
2019-11-19 22:26:48,974 : DEBUG : __main__ : Total Profit: -$19503.97
2019-11-19 22:26:48,974 : DEBUG : __main__ : ------------------------------------------
2019-11-19 22:26:49,144 : DEBUG : __main__ : episodeDuration 6.391592
2019-11-19 22:26:49,144 : DEBUG : __main__ : trainingDuration 2599.478737
2019-11-19 22:26:49,144 : DEBUG : __main__ : 
2019-11-19 22:26:49,144 : DEBUG : __main__ : *******************
2019-11-19 22:26:49,144 : DEBUG : __main__ : Episode 85/101
2019-11-19 22:26:53,787 : DEBUG : __main__ : Date: 2009-03-17
2019-11-19 22:26:53,787 : DEBUG : __main__ : Out of budget, terminating episode
2019-11-19 22:26:53,799 : DEBUG : __main__ : ------------------------------------------
2019-11-19 22:26:53,800 : DEBUG : __main__ : Total Profit: -$11290.71
2019-11-19 22:26:53,800 : DEBUG : __main__ : ------------------------------------------
2019-11-19 22:26:53,979 : DEBUG : __main__ : episodeDuration 4.834576
2019-11-19 22:26:53,979 : DEBUG : __main__ : trainingDuration 2604.313733
2019-11-19 22:26:53,980 : DEBUG : __main__ : 
2019-11-19 22:26:53,980 : DEBUG : __main__ : *******************
2019-11-19 22:26:53,980 : DEBUG : __main__ : Episode 86/101
2019-11-19 22:27:30,258 : DEBUG : __main__ : ------------------------------------------
2019-11-19 22:27:30,259 : DEBUG : __main__ : Total Profit: $18147.08
2019-11-19 22:27:30,259 : DEBUG : __main__ : ------------------------------------------
2019-11-19 22:27:30,438 : DEBUG : __main__ : episodeDuration 36.457735
2019-11-19 22:27:30,438 : DEBUG : __main__ : trainingDuration 2640.772204
2019-11-19 22:27:30,438 : DEBUG : __main__ : 
2019-11-19 22:27:30,438 : DEBUG : __main__ : *******************
2019-11-19 22:27:30,438 : DEBUG : __main__ : Episode 87/101
2019-11-19 22:28:07,448 : DEBUG : __main__ : ------------------------------------------
2019-11-19 22:28:07,448 : DEBUG : __main__ : Total Profit: $7037.07
2019-11-19 22:28:07,448 : DEBUG : __main__ : ------------------------------------------
2019-11-19 22:28:07,629 : DEBUG : __main__ : episodeDuration 37.191045
2019-11-19 22:28:07,629 : DEBUG : __main__ : trainingDuration 2677.963651
2019-11-19 22:28:07,629 : DEBUG : __main__ : 
2019-11-19 22:28:07,629 : DEBUG : __main__ : *******************
2019-11-19 22:28:07,629 : DEBUG : __main__ : Episode 88/101
2019-11-19 22:28:44,492 : DEBUG : __main__ : ------------------------------------------
2019-11-19 22:28:44,492 : DEBUG : __main__ : Total Profit: $3497.95
2019-11-19 22:28:44,492 : DEBUG : __main__ : ------------------------------------------
2019-11-19 22:28:44,683 : DEBUG : __main__ : episodeDuration 37.053611
2019-11-19 22:28:44,683 : DEBUG : __main__ : trainingDuration 2715.017731
2019-11-19 22:28:44,683 : DEBUG : __main__ : 
2019-11-19 22:28:44,683 : DEBUG : __main__ : *******************
2019-11-19 22:28:44,684 : DEBUG : __main__ : Episode 89/101
2019-11-19 22:29:25,068 : DEBUG : __main__ : ------------------------------------------
2019-11-19 22:29:25,068 : DEBUG : __main__ : Total Profit: $1061.78
2019-11-19 22:29:25,068 : DEBUG : __main__ : ------------------------------------------
2019-11-19 22:29:25,260 : DEBUG : __main__ : episodeDuration 40.576827
2019-11-19 22:29:25,261 : DEBUG : __main__ : trainingDuration 2755.595065
2019-11-19 22:29:25,261 : DEBUG : __main__ : 
2019-11-19 22:29:25,261 : DEBUG : __main__ : *******************
2019-11-19 22:29:25,261 : DEBUG : __main__ : Episode 90/101
2019-11-19 22:30:04,156 : DEBUG : __main__ : ------------------------------------------
2019-11-19 22:30:04,157 : DEBUG : __main__ : Total Profit: $1493.32
2019-11-19 22:30:04,157 : DEBUG : __main__ : ------------------------------------------
2019-11-19 22:30:04,372 : DEBUG : __main__ : episodeDuration 39.110774
2019-11-19 22:30:04,372 : DEBUG : __main__ : trainingDuration 2794.706482
2019-11-19 22:30:04,372 : DEBUG : __main__ : 
2019-11-19 22:30:04,372 : DEBUG : __main__ : *******************
2019-11-19 22:30:04,372 : DEBUG : __main__ : starting validation after episode 90
2019-11-19 22:30:08,326 : DEBUG : __main__ : ------------------------------------------
2019-11-19 22:30:08,326 : DEBUG : __main__ : Total Profit of Validation: $408.36
2019-11-19 22:30:08,327 : DEBUG : __main__ : ------------------------------------------
2019-11-19 22:30:08,327 : DEBUG : __main__ : *******************
2019-11-19 22:30:08,327 : DEBUG : __main__ : Episode 91/101
2019-11-19 22:30:48,028 : DEBUG : __main__ : ------------------------------------------
2019-11-19 22:30:48,028 : DEBUG : __main__ : Total Profit: $1240.03
2019-11-19 22:30:48,028 : DEBUG : __main__ : ------------------------------------------
2019-11-19 22:30:48,225 : DEBUG : __main__ : episodeDuration 39.897624
2019-11-19 22:30:48,225 : DEBUG : __main__ : trainingDuration 2838.559213
2019-11-19 22:30:48,225 : DEBUG : __main__ : 
2019-11-19 22:30:48,225 : DEBUG : __main__ : *******************
2019-11-19 22:30:48,225 : DEBUG : __main__ : Episode 92/101
2019-11-19 22:31:30,611 : DEBUG : __main__ : ------------------------------------------
2019-11-19 22:31:30,611 : DEBUG : __main__ : Total Profit: $3718.65
2019-11-19 22:31:30,612 : DEBUG : __main__ : ------------------------------------------
2019-11-19 22:31:30,805 : DEBUG : __main__ : episodeDuration 42.579904
2019-11-19 22:31:30,805 : DEBUG : __main__ : trainingDuration 2881.139678
2019-11-19 22:31:30,805 : DEBUG : __main__ : 
2019-11-19 22:31:30,805 : DEBUG : __main__ : *******************
2019-11-19 22:31:30,805 : DEBUG : __main__ : Episode 93/101
2019-11-19 22:32:06,670 : DEBUG : __main__ : ------------------------------------------
2019-11-19 22:32:06,670 : DEBUG : __main__ : Total Profit: $4709.17
2019-11-19 22:32:06,670 : DEBUG : __main__ : ------------------------------------------
2019-11-19 22:32:06,855 : DEBUG : __main__ : episodeDuration 36.049613
2019-11-19 22:32:06,855 : DEBUG : __main__ : trainingDuration 2917.18967
2019-11-19 22:32:06,855 : DEBUG : __main__ : 
2019-11-19 22:32:06,856 : DEBUG : __main__ : *******************
2019-11-19 22:32:06,856 : DEBUG : __main__ : Episode 94/101
2019-11-19 22:32:45,328 : DEBUG : __main__ : ------------------------------------------
2019-11-19 22:32:45,328 : DEBUG : __main__ : Total Profit: $12159.58
2019-11-19 22:32:45,328 : DEBUG : __main__ : ------------------------------------------
2019-11-19 22:32:45,550 : DEBUG : __main__ : episodeDuration 38.694624
2019-11-19 22:32:45,551 : DEBUG : __main__ : trainingDuration 2955.884931
2019-11-19 22:32:45,551 : DEBUG : __main__ : 
2019-11-19 22:32:45,551 : DEBUG : __main__ : *******************
2019-11-19 22:32:45,551 : DEBUG : __main__ : Episode 95/101
2019-11-19 22:33:31,021 : DEBUG : __main__ : ------------------------------------------
2019-11-19 22:33:31,022 : DEBUG : __main__ : Total Profit: $84280.55
2019-11-19 22:33:31,022 : DEBUG : __main__ : ------------------------------------------
2019-11-19 22:33:31,232 : DEBUG : __main__ : episodeDuration 45.681452
2019-11-19 22:33:31,233 : DEBUG : __main__ : trainingDuration 3001.567136
2019-11-19 22:33:31,233 : DEBUG : __main__ : 
2019-11-19 22:33:31,233 : DEBUG : __main__ : *******************
2019-11-19 22:33:31,233 : DEBUG : __main__ : Episode 96/101
2019-11-19 22:33:37,337 : DEBUG : __main__ : Date: 2009-03-19
2019-11-19 22:33:37,337 : DEBUG : __main__ : Out of budget, terminating episode
2019-11-19 22:33:37,359 : DEBUG : __main__ : ------------------------------------------
2019-11-19 22:33:37,360 : DEBUG : __main__ : Total Profit: -$12530.52
2019-11-19 22:33:37,360 : DEBUG : __main__ : ------------------------------------------
2019-11-19 22:33:37,572 : DEBUG : __main__ : episodeDuration 6.339418
2019-11-19 22:33:37,573 : DEBUG : __main__ : trainingDuration 3007.907069
2019-11-19 22:33:37,573 : DEBUG : __main__ : 
2019-11-19 22:33:37,573 : DEBUG : __main__ : *******************
2019-11-19 22:33:37,573 : DEBUG : __main__ : Episode 97/101
2019-11-19 22:33:43,972 : DEBUG : __main__ : Date: 2009-05-04
2019-11-19 22:33:43,972 : DEBUG : __main__ : Out of budget, terminating episode
2019-11-19 22:33:43,990 : DEBUG : __main__ : ------------------------------------------
2019-11-19 22:33:43,991 : DEBUG : __main__ : Total Profit: -$11716.43
2019-11-19 22:33:43,991 : DEBUG : __main__ : ------------------------------------------
2019-11-19 22:33:44,216 : DEBUG : __main__ : episodeDuration 6.643305
2019-11-19 22:33:44,216 : DEBUG : __main__ : trainingDuration 3014.550967
2019-11-19 22:33:44,217 : DEBUG : __main__ : 
2019-11-19 22:33:44,217 : DEBUG : __main__ : *******************
2019-11-19 22:33:44,217 : DEBUG : __main__ : Episode 98/101
2019-11-19 22:33:49,651 : DEBUG : __main__ : Date: 2009-03-04
2019-11-19 22:33:49,651 : DEBUG : __main__ : Out of budget, terminating episode
2019-11-19 22:33:49,669 : DEBUG : __main__ : ------------------------------------------
2019-11-19 22:33:49,669 : DEBUG : __main__ : Total Profit: -$14308.82
2019-11-19 22:33:49,669 : DEBUG : __main__ : ------------------------------------------
2019-11-19 22:33:49,889 : DEBUG : __main__ : episodeDuration 5.671944
2019-11-19 22:33:49,889 : DEBUG : __main__ : trainingDuration 3020.223427
2019-11-19 22:33:49,889 : DEBUG : __main__ : 
2019-11-19 22:33:49,889 : DEBUG : __main__ : *******************
2019-11-19 22:33:49,889 : DEBUG : __main__ : Episode 99/101
2019-11-19 22:34:32,773 : DEBUG : __main__ : ------------------------------------------
2019-11-19 22:34:32,773 : DEBUG : __main__ : Total Profit: $88617.01
2019-11-19 22:34:32,773 : DEBUG : __main__ : ------------------------------------------
2019-11-19 22:34:32,983 : DEBUG : __main__ : episodeDuration 43.094166
2019-11-19 22:34:32,984 : DEBUG : __main__ : trainingDuration 3063.318096
2019-11-19 22:34:32,984 : DEBUG : __main__ : 
2019-11-19 22:34:32,984 : DEBUG : __main__ : *******************
2019-11-19 22:34:32,984 : DEBUG : __main__ : Episode 100/101
2019-11-19 22:34:39,751 : DEBUG : __main__ : Date: 2009-05-08
2019-11-19 22:34:39,752 : DEBUG : __main__ : Out of budget, terminating episode
2019-11-19 22:34:39,769 : DEBUG : __main__ : ------------------------------------------
2019-11-19 22:34:39,769 : DEBUG : __main__ : Total Profit: -$10151.74
2019-11-19 22:34:39,769 : DEBUG : __main__ : ------------------------------------------
2019-11-19 22:34:40,014 : DEBUG : __main__ : episodeDuration 7.030028
2019-11-19 22:34:40,014 : DEBUG : __main__ : trainingDuration 3070.348745
2019-11-19 22:34:40,014 : DEBUG : __main__ : 
2019-11-19 22:34:40,015 : DEBUG : __main__ : *******************
2019-11-19 22:34:40,015 : DEBUG : __main__ : starting validation after episode 100
2019-11-19 22:34:44,201 : DEBUG : __main__ : ------------------------------------------
2019-11-19 22:34:44,201 : DEBUG : __main__ : Total Profit of Validation: $5990.53
2019-11-19 22:34:44,201 : DEBUG : __main__ : ------------------------------------------
2019-11-19 22:34:44,206 : DEBUG : __main__ : 28 episodes failed out of 101
2019-11-19 22:34:44,206 : DEBUG : __main__ : skipping TEST
