T_000    865.99    73.91
T_001    330.09    77.57
T_002    105.57    73.77
T_003    355.03    60.26
T_004    4536.93    42.12
T_005    46427.56    36.29
T_006    72297.57    52.23
T_007    40452.22    69.80
T_008    28475.29    80.26
T_009    15002.79    86.53
T_010    15520.44    88.65
T_011    9346.30    90.38
T_012    15989.11    85.17
T_013    3770.52    70.11
T_014    -779.99    56.11
T_015    3482.49    46.89
T_016    346.70    49.89
T_017    2963.27    49.93
T_018    1891.25    49.93
T_019    1292.52    54.61
T_020    -1590.34    74.00
T_021    -905.52    85.61
T_022    4712.58    90.60
T_023    -3427.54    92.80
T_024    1955.98    94.79
T_025    721.47    95.10
T_026    374.73    95.01
T_027    7543.46    96.38
T_028    6381.05    96.78
T_029    4463.36    97.04
T_030    750.68    97.88
T_031    3393.29    98.72
T_032    4863.04    98.10
T_033    -289.81    98.10
T_034    -331.00    98.23
T_035    3212.63    97.04
T_036    2078.20    97.48
T_037    238.88    97.31
T_038    436.94    96.34
T_039    466.52    95.23
T_040    -171.88    92.67
T_041    -329.17    88.65
T_042    368.58    81.81
T_043    19.67    68.70
T_044    756.46    52.45
T_045    144.99    45.96
T_046    -332.00    54.04
T_047    30.39    66.27
T_048    91.06    76.82
T_049    -52.15    85.30
T_050    124.41    89.76
T_051    38.78    91.61
T_052    9.95    93.20
T_053    14.35    94.22
T_054    -25.18    94.53
T_055    11.62    95.76
T_056    -49.92    95.50
T_057    133.36    96.69
T_058    -29.24    97.31
T_059    29.24    97.97
T_060    -46.36    98.41
T_061    -16.81    98.59
T_062    5.89    98.81
T_063    -41.92    99.56
T_064    -24.14    99.43
T_065    5.04    99.65
T_066    0.00    99.69
T_067    0.00    99.65
T_068    2.57    99.69
T_069    0.00    99.56
T_070    24.00    99.69
T_071    0.00    99.74
T_072    0.00    99.78
T_073    34.25    99.65
T_074    25.15    99.82
T_075    0.00    99.78
T_076    0.00    99.96
T_077    0.41    99.91
T_078    24.86    99.91
T_079    -43.36    99.69
T_080    2.56    99.82
T_081    11.54    99.82
T_082    -19.50    99.78
T_083    -8.29    99.82
T_084    29.81    99.91
T_085    -10.42    99.87
T_086    10.37    99.87
T_087    -4.99    99.74
T_088    1.00    99.87
T_089    -3.11    99.82
T_090    -17.58    99.87
T_091    0.00    99.91
T_092    0.00    100.00
T_093    7.89    99.82
T_094    0.00    99.87
T_095    0.00    99.87
T_096    0.00    99.91
T_097    19.36    99.87
T_098    -32.46    99.87
T_099    0.00    99.91
T_100    -18.35    99.91
T_101    0.79    99.78
T_102    39.43    99.91
T_103    0.00    99.78
T_104    0.00    100.00
T_105    10.61    99.87
T_106    0.00    99.78
T_107    0.00    99.87
T_108    0.00    99.96
T_109    0.00    99.91
T_110    0.00    99.96
T_111    0.95    99.96
T_112    -29.13    99.82
T_113    0.00    99.91
T_114    0.00    99.87
T_115    0.00    100.00
T_116    0.00    100.00
T_117    0.00    99.91
T_118    0.00    99.91
T_119    16.33    99.91
T_120    0.00    99.91
T_121    4.33    99.91
T_122    0.07    99.91
T_123    14.91    99.91
T_124    0.00    99.91
T_125    5.39    99.82
T_126    0.00    99.96
T_127    11.24    99.91
T_128    0.00    99.78
T_129    0.00    99.91
T_130    0.00    99.87
T_131    -5.35    99.91
T_132    0.00    99.96
T_133    0.00    100.00
T_134    26.85    99.87
T_135    0.00    99.96
T_136    3.35    99.91
T_137    0.00    99.82
T_138    2.84    99.91
T_139    23.75    99.96
T_140    0.00    100.00
T_141    0.00    99.91
T_142    16.95    99.87
T_143    0.00    99.91
T_144    5.90    99.87
T_145    34.61    99.91
T_146    0.00    99.96
T_147    0.00    99.87
T_148    0.00    100.00
T_149    0.00    99.87
T_150    0.00    100.00
T_151    0.00    99.96
T_152    0.00    100.00
T_153    0.00    100.00
T_154    0.00    99.96
T_155    0.00    100.00
T_156    0.00    100.00
T_157    -10.54    99.96
T_158    0.79    99.78
T_159    0.00    99.96
T_160    0.00    100.00
T_161    10.28    99.87
T_162    0.00    99.96
T_163    0.00    100.00
T_164    -4.77    99.96
T_165    0.00    99.96
T_166    0.00    99.87
T_167    0.00    100.00
T_168    0.00    100.00
T_169    -8.20    99.96
T_170    1.39    99.91
T_171    0.00    99.91
T_172    0.49    99.82
T_173    14.13    99.91
T_174    -11.42    99.87
T_175    0.00    99.91
T_176    0.00    100.00
T_177    0.00    99.91
T_178    0.00    99.96
T_179    0.00    99.87
T_180    -0.66    99.87
T_181    5.16    99.96
T_182    0.00    99.96
T_183    0.00    99.82
T_184    24.15    99.96
T_185    0.00    100.00
T_186    2.51    99.91
T_187    22.70    99.82
T_188    0.00    100.00
T_189    0.00    99.96
T_190    0.00    100.00
T_191    -7.41    99.87
T_192    -1.97    99.87
T_193    0.00    100.00
T_194    8.99    99.91
T_195    0.00    99.91
T_196    12.39    99.82
T_197    0.00    100.00
T_198    0.00    99.96
T_199    0.00    99.96
T_200    0.00    99.91
T_201    -37.21    99.74
T_202    0.00    99.96
T_203    0.00    99.96
T_204    0.00    99.91
T_205    0.00    99.96
T_206    0.00    99.96
T_207    15.30    99.96
T_208    0.00    100.00
T_209    0.00    100.00
T_210    0.00    99.87
T_211    0.00    99.96
T_212    -16.28    99.91
T_213    -14.40    99.91
T_214    -8.02    99.96
T_215    -39.93    99.87
T_216    0.98    99.96
T_217    0.00    99.82
T_218    0.00    99.91
T_219    6.06    99.91
T_220    0.00    99.96
T_221    7.73    99.91
T_222    1.60    99.91
T_223    -6.85    99.91
T_224    0.00    99.91
T_225    2.77    99.78
T_226    0.00    99.96
T_227    -2.13    99.91
T_228    8.94    99.87
T_229    0.00    100.00
T_230    -6.48    99.87
T_231    -16.68    99.96
T_232    13.26    99.91
T_233    12.89    99.87
T_234    0.00    100.00
T_235    0.00    100.00
T_236    0.00    99.96
T_237    0.00    99.91
T_238    0.00    99.91
T_239    -11.06    99.87
T_240    0.00    100.00
T_241    -8.37    99.82
T_242    0.00    100.00
T_243    -2.97    99.87
T_244    0.00    99.91
T_245    0.00    100.00
T_246    -10.40    99.96
T_247    -10.53    99.91
T_248    0.00    100.00
T_249    13.02    99.91
T_250    0.00    99.96
T_251    -27.85    99.91
T_252    3.70    99.91
T_253    0.00    100.00
T_254    17.00    99.87
T_255    0.00    99.91
T_256    0.00    100.00
T_257    -2.86    99.96
T_258    6.47    99.91
T_259    -31.27    99.82
T_260    18.25    99.87
T_261    2.45    99.91
T_262    -0.14    99.91
T_263    8.57    99.87
T_264    32.67    99.87
T_265    0.00    100.00
T_266    49.06    99.91
T_267    0.00    99.96
T_268    6.56    99.74
T_269    0.00    99.96
T_270    6.57    99.82
T_271    0.00    99.87
T_272    -25.69    99.91
T_273    0.00    99.96
T_274    8.82    99.91
T_275    -22.62    99.74
T_276    -4.29    99.82
T_277    17.00    99.91
T_278    -13.58    99.78
T_279    -25.92    99.74
T_280    0.00    99.91
T_281    12.79    99.82
T_282    4.34    99.74
T_283    50.15    99.56
T_284    15.78    99.74
T_285    -9.53    99.56
T_286    47.87    99.43
T_287    95.02    99.47
T_288    -67.14    99.38
T_289    -6.22    98.85
T_290    142.18    98.54
T_291    -64.85    97.92
T_292    -159.13    97.44
T_293    67.14    97.17
T_294    263.82    96.56
T_295    271.47    95.10
T_296    116.62    92.85
T_297    -404.67    92.67
T_298    620.40    90.20
T_299    66.60    87.33
T_300    383.89    85.12
