T_000    109347.97    42.52
T_001    109681.70    54.26
T_002    41800.60    63.75
T_003    10735.85    67.51
T_004    -6683.00    72.98
T_005    3266.94    74.35
T_006    6869.06    72.80
T_007    41653.79    68.34
T_008    92096.05    62.21
T_009    133301.14    52.63
T_010    59479.48    45.74
T_011    3376.72    49.05
T_012    494.01    58.37
T_013    -84.52    63.58
T_014    248.63    56.11
T_015    1934.96    46.49
T_016    4901.18    51.35
T_017    11197.67    54.97
T_018    25415.74    59.21
T_019    73528.69    56.11
T_020    73757.58    53.33
T_021    57576.68    52.80
T_022    42060.09    50.29
T_023    21153.35    58.06
T_024    -8083.08    68.26
T_025    4778.04    75.94
T_026    -1442.44    81.77
T_027    3546.04    86.71
T_028    1272.42    87.68
T_029    6244.20    90.29
T_030    7684.25    88.30
T_031    5448.12    85.96
T_032    4621.64    76.20
T_033    5901.84    62.08
T_034    -5539.30    61.37
T_035    -346.29    65.83
T_036    1584.06    66.89
T_037    -5025.36    69.27
T_038    -6730.99    67.99
T_039    -4938.31    62.65
T_040    4934.00    59.78
T_041    3023.35    66.36
T_042    1247.83    75.01
T_043    4186.41    81.90
T_044    2206.11    83.05
T_045    7261.79    83.62
T_046    3927.74    81.72
T_047    1519.72    77.57
T_048    29435.18    73.47
T_049    127931.62    66.31
T_050    187878.08    60.31
T_051    110872.23    56.95
T_052    -848.79    61.99
T_053    752.33    70.07
T_054    684.99    76.82
T_055    326.50    83.27
T_056    92.45    84.94
T_057    -51.89    88.26
T_058    -175.54    87.90
T_059    -5.20    86.45
T_060    -776.75    76.11
T_061    4221.18    62.78
T_062    116960.04    64.24
T_063    139887.85    68.48
T_064    95364.64    72.23
T_065    31613.14    77.48
T_066    -13548.83    82.83
T_067    -10261.19    87.02
T_068    -1732.03    88.83
T_069    -1734.23    90.64
T_070    -7711.76    90.91
T_071    425.52    92.19
T_072    8713.48    91.79
T_073    7409.85    91.35
T_074    6322.40    90.51
T_075    2787.55    89.27
T_076    -9976.95    86.93
T_077    -4486.49    86.49
T_078    -7723.70    84.55
T_079    10178.83    84.77
T_080    8955.56    82.34
T_081    42326.48    81.72
T_082    92416.90    78.90
T_083    153960.63    74.57
T_084    193086.46    69.45
T_085    -1071.60    68.57
T_086    288.46    82.16
T_087    236.88    87.55
T_088    403.50    92.01
T_089    518.85    90.99
T_090    178.41    84.90
T_091    6860.40    69.14
T_092    139504.50    72.89
T_093    55427.68    81.59
T_094    -13788.60    86.45
T_095    -8152.19    89.76
T_096    -6863.07    90.60
T_097    2105.87    92.19
T_098    1596.57    93.95
T_099    2752.99    94.08
T_100    8057.96    93.91
T_101    7821.81    92.41
T_102    1229.10    92.19
T_103    2768.80    90.91
T_104    -6266.69    88.96
T_105    -4140.92    87.64
T_106    11029.75    83.36
T_107    74496.44    80.26
T_108    187477.55    73.55
T_109    3046.62    69.49
T_110    -107.06    82.96
T_111    385.89    88.61
T_112    491.12    91.52
T_113    82.09    92.32
T_114    267.08    85.78
T_115    7569.90    66.75
T_116    102113.83    77.75
T_117    -18918.58    85.25
T_118    -17751.89    90.07
T_119    -334.44    92.67
T_120    219.09    93.07
T_121    -3007.52    93.29
T_122    2713.25    93.02
T_123    5387.59    93.55
T_124    2734.53    90.77
T_125    -7839.50    89.01
T_126    2550.34    87.46
T_127    193701.86    75.54
T_128    -816.99    69.89
T_129    -778.53    84.11
T_130    38.56    92.23
T_131    321.85    94.57
T_132    336.87    94.83
T_133    253.81    94.70
T_134    143.98    89.58
T_135    13906.81    72.27
T_136    132152.11    72.19
T_137    28294.73    83.18
T_138    -14053.33    88.30
T_139    -16443.88    90.46
T_140    -211.17    92.76
T_141    -4585.99    94.66
T_142    5013.90    95.41
T_143    2280.28    96.69
T_144    8891.72    95.81
T_145    5452.31    96.11
T_146    9609.48    93.86
T_147    7604.04    90.86
T_148    2860.10    87.99
T_149    99707.63    79.16
T_150    43938.05    72.36
T_151    -573.38    81.50
T_152    221.52    91.26
T_153    57.03    94.35
T_154    107.06    97.00
T_155    -14.47    97.26
T_156    150.24    97.31
T_157    47.15    93.16
T_158    1242.23    73.82
T_159    119689.47    74.66
T_160    -13095.12    87.15
T_161    -12391.04    91.21
T_162    -3175.96    93.20
T_163    438.65    95.63
T_164    -1320.69    96.56
T_165    2805.60    97.66
T_166    3063.75    98.15
T_167    3220.10    98.10
T_168    1557.20    98.28
T_169    3809.66    98.06
T_170    4784.82    98.15
T_171    6867.66    97.57
T_172    3007.24    97.48
T_173    2876.67    97.44
T_174    6182.99    95.54
T_175    11798.41    94.00
T_176    9716.48    88.57
T_177    113483.77    78.28
T_178    -32937.88    70.60
T_179    795.94    84.50
T_180    -244.94    90.02
T_181    1.00    94.39
T_182    -79.87    95.54
T_183    -86.17    96.42
T_184    0.70    97.40
T_185    -62.92    96.87
T_186    271.43    90.15
T_187    28404.86    68.34
T_188    120189.09    78.76
T_189    -23895.07    85.17
T_190    -10291.47    91.39
T_191    -3702.38    95.01
T_192    -1561.18    95.81
T_193    3638.32    96.07
T_194    6998.39    96.25
T_195    3560.30    96.42
T_196    8456.09    96.42
T_197    -2608.41    96.47
T_198    4017.24    97.40
T_199    2542.30    96.64
T_200    2536.38    95.81
T_201    2658.53    96.03
T_202    4524.16    96.56
T_203    1765.88    97.26
T_204    9734.77    95.23
T_205    9446.57    94.26
T_206    5265.65    92.45
T_207    18816.50    87.06
T_208    139249.19    75.81
T_209    -35305.94    67.51
T_210    743.82    78.37
T_211    74.00    90.29
T_212    -471.42    91.88
T_213    -222.51    92.01
T_214    -368.26    94.35
T_215    248.58    94.61
T_216    190.89    92.80
T_217    -388.23    77.75
T_218    24621.86    67.46
T_219    85314.41    78.15
T_220    -20786.93    88.43
T_221    -7605.51    93.77
T_222    2467.36    96.03
T_223    -435.73    97.00
T_224    3363.94    97.92
T_225    1438.09    98.10
T_226    5790.55    97.44
T_227    713.70    98.23
T_228    1952.05    98.45
T_229    3566.11    98.41
T_230    4356.54    98.37
T_231    7462.49    97.97
T_232    -27.57    97.26
T_233    1038.45    97.31
T_234    4931.62    97.79
T_235    5423.44    97.09
T_236    10764.58    97.70
T_237    2203.58    97.13
T_238    8720.41    94.70
T_239    1944.63    92.36
T_240    38635.85    82.03
T_241    148462.87    65.12
T_242    217024.80    64.90
T_243    1198.64    74.26
T_244    12.37    89.32
T_245    136.22    94.39
T_246    152.78    97.17
T_247    -185.18    98.01
T_248    -75.59    97.92
T_249    203.38    99.25
T_250    41.84    99.38
T_251    0.90    99.78
T_252    -72.62    99.38
T_253    10.24    99.60
T_254    2.63    99.47
T_255    -70.80    99.25
T_256    -49.37    99.25
T_257    34.01    99.56
T_258    -65.98    99.16
T_259    99.09    96.69
T_260    3498.27    77.88
T_261    127884.51    72.01
T_262    -16207.48    87.77
T_263    4569.45    94.57
T_264    1928.43    96.56
T_265    83.43    97.48
T_266    -1498.29    98.45
T_267    476.53    98.63
T_268    1778.98    98.98
T_269    2908.66    99.12
T_270    454.12    99.34
T_271    1095.13    99.65
T_272    1603.11    99.65
T_273    601.59    99.91
T_274    488.36    99.78
T_275    157.14    99.96
T_276    1172.21    99.82
T_277    -338.31    99.91
T_278    -202.98    99.82
T_279    719.28    99.87
T_280    355.96    99.87
T_281    -190.25    99.96
T_282    0.00    100.00
T_283    352.73    99.87
T_284    519.66    99.96
T_285    0.00    100.00
T_286    0.00    100.00
T_287    0.00    100.00
T_288    0.00    100.00
T_289    844.78    99.91
T_290    0.00    100.00
T_291    0.00    100.00
T_292    -14.46    99.87
T_293    970.77    99.87
T_294    221.60    99.87
T_295    1400.82    99.56
T_296    817.46    99.47
T_297    7565.26    98.06
T_298    16628.51    88.92
T_299    221647.58    67.86
T_300    -13.81    81.02
