2019-11-22 18:55:33,370 : DEBUG : __main__ : *******************
2019-11-22 18:55:33,370 : DEBUG : __main__ : Episode 0/601
2019-11-22 18:56:25,503 : DEBUG : __main__ : ------------------------------------------
2019-11-22 18:56:25,504 : DEBUG : __main__ : Total Profit: $111450.04
2019-11-22 18:56:25,504 : DEBUG : __main__ : ------------------------------------------
2019-11-22 18:56:25,504 : DEBUG : __main__ : episodeDuration 52.134223
2019-11-22 18:56:25,504 : DEBUG : __main__ : trainingDuration 0:00:52.134230
2019-11-22 18:56:25,504 : DEBUG : __main__ : 
2019-11-22 18:56:25,504 : DEBUG : __main__ : *******************
2019-11-22 18:56:25,504 : DEBUG : __main__ : starting validation after episode 0
2019-11-22 18:56:30,788 : DEBUG : __main__ : ------------------------------------------
2019-11-22 18:56:30,788 : DEBUG : __main__ : Total Profit of Validation: $155.08
2019-11-22 18:56:30,788 : DEBUG : __main__ : ------------------------------------------
2019-11-22 18:56:30,788 : DEBUG : __main__ : *******************
2019-11-22 18:56:30,788 : DEBUG : __main__ : Episode 1/601
2019-11-22 18:57:19,811 : DEBUG : __main__ : ------------------------------------------
2019-11-22 18:57:19,811 : DEBUG : __main__ : Total Profit: $191772.80
2019-11-22 18:57:19,811 : DEBUG : __main__ : ------------------------------------------
2019-11-22 18:57:19,812 : DEBUG : __main__ : episodeDuration 49.023296
2019-11-22 18:57:19,812 : DEBUG : __main__ : trainingDuration 0:01:46.441946
2019-11-22 18:57:19,812 : DEBUG : __main__ : 
2019-11-22 18:57:19,812 : DEBUG : __main__ : *******************
2019-11-22 18:57:19,812 : DEBUG : __main__ : Episode 2/601
2019-11-22 18:58:11,687 : DEBUG : __main__ : ------------------------------------------
2019-11-22 18:58:11,688 : DEBUG : __main__ : Total Profit: $169966.48
2019-11-22 18:58:11,688 : DEBUG : __main__ : ------------------------------------------
2019-11-22 18:58:11,688 : DEBUG : __main__ : episodeDuration 51.875681
2019-11-22 18:58:11,688 : DEBUG : __main__ : trainingDuration 0:02:38.318069
2019-11-22 18:58:11,688 : DEBUG : __main__ : 
2019-11-22 18:58:11,688 : DEBUG : __main__ : *******************
2019-11-22 18:58:11,688 : DEBUG : __main__ : Episode 3/601
2019-11-22 18:59:00,186 : DEBUG : __main__ : ------------------------------------------
2019-11-22 18:59:00,187 : DEBUG : __main__ : Total Profit: $95828.11
2019-11-22 18:59:00,187 : DEBUG : __main__ : ------------------------------------------
2019-11-22 18:59:00,187 : DEBUG : __main__ : episodeDuration 48.498781
2019-11-22 18:59:00,187 : DEBUG : __main__ : trainingDuration 0:03:26.817287
2019-11-22 18:59:00,187 : DEBUG : __main__ : 
2019-11-22 18:59:00,187 : DEBUG : __main__ : *******************
2019-11-22 18:59:00,187 : DEBUG : __main__ : Episode 4/601
2019-11-22 18:59:49,244 : DEBUG : __main__ : ------------------------------------------
2019-11-22 18:59:49,244 : DEBUG : __main__ : Total Profit: $70829.37
2019-11-22 18:59:49,244 : DEBUG : __main__ : ------------------------------------------
2019-11-22 18:59:49,244 : DEBUG : __main__ : episodeDuration 49.056559
2019-11-22 18:59:49,244 : DEBUG : __main__ : trainingDuration 0:04:15.874182
2019-11-22 18:59:49,244 : DEBUG : __main__ : 
2019-11-22 18:59:49,244 : DEBUG : __main__ : *******************
2019-11-22 18:59:49,244 : DEBUG : __main__ : Episode 5/601
2019-11-22 19:00:38,835 : DEBUG : __main__ : ------------------------------------------
2019-11-22 19:00:38,835 : DEBUG : __main__ : Total Profit: $30772.52
2019-11-22 19:00:38,835 : DEBUG : __main__ : ------------------------------------------
2019-11-22 19:00:38,835 : DEBUG : __main__ : episodeDuration 49.591177
2019-11-22 19:00:38,835 : DEBUG : __main__ : trainingDuration 0:05:05.465656
2019-11-22 19:00:38,835 : DEBUG : __main__ : 
2019-11-22 19:00:38,836 : DEBUG : __main__ : *******************
2019-11-22 19:00:38,836 : DEBUG : __main__ : Episode 6/601
2019-11-22 19:01:28,084 : DEBUG : __main__ : ------------------------------------------
2019-11-22 19:01:28,084 : DEBUG : __main__ : Total Profit: $25201.21
2019-11-22 19:01:28,084 : DEBUG : __main__ : ------------------------------------------
2019-11-22 19:01:28,084 : DEBUG : __main__ : episodeDuration 49.248672
2019-11-22 19:01:28,085 : DEBUG : __main__ : trainingDuration 0:05:54.714626
2019-11-22 19:01:28,085 : DEBUG : __main__ : 
2019-11-22 19:01:28,085 : DEBUG : __main__ : *******************
2019-11-22 19:01:28,085 : DEBUG : __main__ : Episode 7/601
2019-11-22 19:02:17,168 : DEBUG : __main__ : ------------------------------------------
2019-11-22 19:02:17,168 : DEBUG : __main__ : Total Profit: $11972.84
2019-11-22 19:02:17,168 : DEBUG : __main__ : ------------------------------------------
2019-11-22 19:02:17,168 : DEBUG : __main__ : episodeDuration 49.083006
2019-11-22 19:02:17,168 : DEBUG : __main__ : trainingDuration 0:06:43.798300
2019-11-22 19:02:17,168 : DEBUG : __main__ : 
2019-11-22 19:02:17,168 : DEBUG : __main__ : *******************
2019-11-22 19:02:17,168 : DEBUG : __main__ : Episode 8/601
2019-11-22 19:03:06,502 : DEBUG : __main__ : ------------------------------------------
2019-11-22 19:03:06,502 : DEBUG : __main__ : Total Profit: $36793.54
2019-11-22 19:03:06,502 : DEBUG : __main__ : ------------------------------------------
2019-11-22 19:03:06,502 : DEBUG : __main__ : episodeDuration 49.333511
2019-11-22 19:03:06,502 : DEBUG : __main__ : trainingDuration 0:07:33.132246
2019-11-22 19:03:06,502 : DEBUG : __main__ : 
2019-11-22 19:03:06,502 : DEBUG : __main__ : *******************
2019-11-22 19:03:06,502 : DEBUG : __main__ : Episode 9/601
2019-11-22 19:03:55,686 : DEBUG : __main__ : ------------------------------------------
2019-11-22 19:03:55,686 : DEBUG : __main__ : Total Profit: $179090.33
2019-11-22 19:03:55,686 : DEBUG : __main__ : ------------------------------------------
2019-11-22 19:03:55,686 : DEBUG : __main__ : episodeDuration 49.184126
2019-11-22 19:03:55,686 : DEBUG : __main__ : trainingDuration 0:08:22.316666
2019-11-22 19:03:55,686 : DEBUG : __main__ : 
2019-11-22 19:03:55,687 : DEBUG : __main__ : *******************
2019-11-22 19:03:55,687 : DEBUG : __main__ : Episode 10/601
2019-11-22 19:04:45,434 : DEBUG : __main__ : ------------------------------------------
2019-11-22 19:04:45,434 : DEBUG : __main__ : Total Profit: $275166.00
2019-11-22 19:04:45,434 : DEBUG : __main__ : ------------------------------------------
2019-11-22 19:04:45,434 : DEBUG : __main__ : episodeDuration 49.747389
2019-11-22 19:04:45,434 : DEBUG : __main__ : trainingDuration 0:09:12.064358
2019-11-22 19:04:45,434 : DEBUG : __main__ : 
2019-11-22 19:04:45,434 : DEBUG : __main__ : *******************
2019-11-22 19:04:45,434 : DEBUG : __main__ : starting validation after episode 10
2019-11-22 19:04:50,551 : DEBUG : __main__ : ------------------------------------------
2019-11-22 19:04:50,551 : DEBUG : __main__ : Total Profit of Validation: $6253.50
2019-11-22 19:04:50,551 : DEBUG : __main__ : ------------------------------------------
2019-11-22 19:04:50,552 : DEBUG : __main__ : *******************
2019-11-22 19:04:50,552 : DEBUG : __main__ : Episode 11/601
2019-11-22 19:05:39,956 : DEBUG : __main__ : ------------------------------------------
2019-11-22 19:05:39,956 : DEBUG : __main__ : Total Profit: $7740.22
2019-11-22 19:05:39,957 : DEBUG : __main__ : ------------------------------------------
2019-11-22 19:05:39,957 : DEBUG : __main__ : episodeDuration 49.405103
2019-11-22 19:05:39,957 : DEBUG : __main__ : trainingDuration 0:10:06.587029
2019-11-22 19:05:39,957 : DEBUG : __main__ : 
2019-11-22 19:05:39,957 : DEBUG : __main__ : *******************
2019-11-22 19:05:39,957 : DEBUG : __main__ : Episode 12/601
2019-11-22 19:06:28,575 : DEBUG : __main__ : ------------------------------------------
2019-11-22 19:06:28,575 : DEBUG : __main__ : Total Profit: $514.52
2019-11-22 19:06:28,575 : DEBUG : __main__ : ------------------------------------------
2019-11-22 19:06:28,575 : DEBUG : __main__ : episodeDuration 48.618056
2019-11-22 19:06:28,575 : DEBUG : __main__ : trainingDuration 0:10:55.205373
2019-11-22 19:06:28,575 : DEBUG : __main__ : 
2019-11-22 19:06:28,575 : DEBUG : __main__ : *******************
2019-11-22 19:06:28,575 : DEBUG : __main__ : Episode 13/601
2019-11-22 19:07:17,446 : DEBUG : __main__ : ------------------------------------------
2019-11-22 19:07:17,446 : DEBUG : __main__ : Total Profit: $416.77
2019-11-22 19:07:17,446 : DEBUG : __main__ : ------------------------------------------
2019-11-22 19:07:17,446 : DEBUG : __main__ : episodeDuration 48.870665
2019-11-22 19:07:17,446 : DEBUG : __main__ : trainingDuration 0:11:44.076401
2019-11-22 19:07:17,446 : DEBUG : __main__ : 
2019-11-22 19:07:17,446 : DEBUG : __main__ : *******************
2019-11-22 19:07:17,447 : DEBUG : __main__ : Episode 14/601
2019-11-22 19:08:06,779 : DEBUG : __main__ : ------------------------------------------
2019-11-22 19:08:06,779 : DEBUG : __main__ : Total Profit: $585.19
2019-11-22 19:08:06,779 : DEBUG : __main__ : ------------------------------------------
2019-11-22 19:08:06,779 : DEBUG : __main__ : episodeDuration 49.332913
2019-11-22 19:08:06,779 : DEBUG : __main__ : trainingDuration 0:12:33.409748
2019-11-22 19:08:06,780 : DEBUG : __main__ : 
2019-11-22 19:08:06,780 : DEBUG : __main__ : *******************
2019-11-22 19:08:06,780 : DEBUG : __main__ : Episode 15/601
2019-11-22 19:08:56,168 : DEBUG : __main__ : ------------------------------------------
2019-11-22 19:08:56,169 : DEBUG : __main__ : Total Profit: $919.59
2019-11-22 19:08:56,169 : DEBUG : __main__ : ------------------------------------------
2019-11-22 19:08:56,169 : DEBUG : __main__ : episodeDuration 49.389008
2019-11-22 19:08:56,169 : DEBUG : __main__ : trainingDuration 0:13:22.799051
2019-11-22 19:08:56,169 : DEBUG : __main__ : 
2019-11-22 19:08:56,169 : DEBUG : __main__ : *******************
2019-11-22 19:08:56,169 : DEBUG : __main__ : Episode 16/601
2019-11-22 19:09:45,655 : DEBUG : __main__ : ------------------------------------------
2019-11-22 19:09:45,655 : DEBUG : __main__ : Total Profit: -$210.52
2019-11-22 19:09:45,655 : DEBUG : __main__ : ------------------------------------------
2019-11-22 19:09:45,655 : DEBUG : __main__ : episodeDuration 49.486163
2019-11-22 19:09:45,655 : DEBUG : __main__ : trainingDuration 0:14:12.285589
2019-11-22 19:09:45,655 : DEBUG : __main__ : 
2019-11-22 19:09:45,656 : DEBUG : __main__ : *******************
2019-11-22 19:09:45,656 : DEBUG : __main__ : Episode 17/601
2019-11-22 19:10:34,804 : DEBUG : __main__ : ------------------------------------------
2019-11-22 19:10:34,805 : DEBUG : __main__ : Total Profit: -$212.88
2019-11-22 19:10:34,805 : DEBUG : __main__ : ------------------------------------------
2019-11-22 19:10:34,805 : DEBUG : __main__ : episodeDuration 49.149124
2019-11-22 19:10:34,805 : DEBUG : __main__ : trainingDuration 0:15:01.435007
2019-11-22 19:10:34,805 : DEBUG : __main__ : 
2019-11-22 19:10:34,805 : DEBUG : __main__ : *******************
2019-11-22 19:10:34,805 : DEBUG : __main__ : Episode 18/601
2019-11-22 19:11:23,962 : DEBUG : __main__ : ------------------------------------------
2019-11-22 19:11:23,962 : DEBUG : __main__ : Total Profit: $13245.15
2019-11-22 19:11:23,962 : DEBUG : __main__ : ------------------------------------------
2019-11-22 19:11:23,962 : DEBUG : __main__ : episodeDuration 49.157312
2019-11-22 19:11:23,963 : DEBUG : __main__ : trainingDuration 0:15:50.592726
2019-11-22 19:11:23,963 : DEBUG : __main__ : 
2019-11-22 19:11:23,963 : DEBUG : __main__ : *******************
2019-11-22 19:11:23,963 : DEBUG : __main__ : Episode 19/601
2019-11-22 19:12:13,248 : DEBUG : __main__ : ------------------------------------------
2019-11-22 19:12:13,248 : DEBUG : __main__ : Total Profit: $128788.45
2019-11-22 19:12:13,248 : DEBUG : __main__ : ------------------------------------------
2019-11-22 19:12:13,248 : DEBUG : __main__ : episodeDuration 49.285714
2019-11-22 19:12:13,249 : DEBUG : __main__ : trainingDuration 0:16:39.878796
2019-11-22 19:12:13,249 : DEBUG : __main__ : 
2019-11-22 19:12:13,249 : DEBUG : __main__ : *******************
2019-11-22 19:12:13,249 : DEBUG : __main__ : Episode 20/601
2019-11-22 19:13:02,203 : DEBUG : __main__ : ------------------------------------------
2019-11-22 19:13:02,203 : DEBUG : __main__ : Total Profit: $139991.51
2019-11-22 19:13:02,203 : DEBUG : __main__ : ------------------------------------------
2019-11-22 19:13:02,203 : DEBUG : __main__ : episodeDuration 48.954428
2019-11-22 19:13:02,203 : DEBUG : __main__ : trainingDuration 0:17:28.833728
2019-11-22 19:13:02,204 : DEBUG : __main__ : 
2019-11-22 19:13:02,204 : DEBUG : __main__ : *******************
2019-11-22 19:13:02,204 : DEBUG : __main__ : starting validation after episode 20
2019-11-22 19:13:07,287 : DEBUG : __main__ : ------------------------------------------
2019-11-22 19:13:07,287 : DEBUG : __main__ : Total Profit of Validation: $0.00
2019-11-22 19:13:07,287 : DEBUG : __main__ : ------------------------------------------
2019-11-22 19:13:07,287 : DEBUG : __main__ : *******************
2019-11-22 19:13:07,287 : DEBUG : __main__ : Episode 21/601
2019-11-22 19:13:55,325 : DEBUG : __main__ : ------------------------------------------
2019-11-22 19:13:55,325 : DEBUG : __main__ : Total Profit: $112106.20
2019-11-22 19:13:55,325 : DEBUG : __main__ : ------------------------------------------
2019-11-22 19:13:55,325 : DEBUG : __main__ : episodeDuration 48.037483
2019-11-22 19:13:55,325 : DEBUG : __main__ : trainingDuration 0:18:21.955243
2019-11-22 19:13:55,325 : DEBUG : __main__ : 
2019-11-22 19:13:55,325 : DEBUG : __main__ : *******************
2019-11-22 19:13:55,325 : DEBUG : __main__ : Episode 22/601
2019-11-22 19:14:43,191 : DEBUG : __main__ : ------------------------------------------
2019-11-22 19:14:43,191 : DEBUG : __main__ : Total Profit: $66928.07
2019-11-22 19:14:43,191 : DEBUG : __main__ : ------------------------------------------
2019-11-22 19:14:43,192 : DEBUG : __main__ : episodeDuration 47.866324
2019-11-22 19:14:43,192 : DEBUG : __main__ : trainingDuration 0:19:09.821975
2019-11-22 19:14:43,192 : DEBUG : __main__ : 
2019-11-22 19:14:43,192 : DEBUG : __main__ : *******************
2019-11-22 19:14:43,192 : DEBUG : __main__ : Episode 23/601
2019-11-22 19:15:31,185 : DEBUG : __main__ : ------------------------------------------
2019-11-22 19:15:31,185 : DEBUG : __main__ : Total Profit: $27179.19
2019-11-22 19:15:31,185 : DEBUG : __main__ : ------------------------------------------
2019-11-22 19:15:31,185 : DEBUG : __main__ : episodeDuration 47.993288
2019-11-22 19:15:31,185 : DEBUG : __main__ : trainingDuration 0:19:57.815715
2019-11-22 19:15:31,186 : DEBUG : __main__ : 
2019-11-22 19:15:31,186 : DEBUG : __main__ : *******************
2019-11-22 19:15:31,186 : DEBUG : __main__ : Episode 24/601
2019-11-22 19:16:19,030 : DEBUG : __main__ : ------------------------------------------
2019-11-22 19:16:19,030 : DEBUG : __main__ : Total Profit: $10111.97
2019-11-22 19:16:19,030 : DEBUG : __main__ : ------------------------------------------
2019-11-22 19:16:19,031 : DEBUG : __main__ : episodeDuration 47.844719
2019-11-22 19:16:19,031 : DEBUG : __main__ : trainingDuration 0:20:45.660842
2019-11-22 19:16:19,031 : DEBUG : __main__ : 
2019-11-22 19:16:19,031 : DEBUG : __main__ : *******************
2019-11-22 19:16:19,031 : DEBUG : __main__ : Episode 25/601
2019-11-22 19:17:06,222 : DEBUG : __main__ : ------------------------------------------
2019-11-22 19:17:06,222 : DEBUG : __main__ : Total Profit: $13180.30
2019-11-22 19:17:06,222 : DEBUG : __main__ : ------------------------------------------
2019-11-22 19:17:06,222 : DEBUG : __main__ : episodeDuration 47.191453
2019-11-22 19:17:06,222 : DEBUG : __main__ : trainingDuration 0:21:32.852667
2019-11-22 19:17:06,223 : DEBUG : __main__ : 
2019-11-22 19:17:06,223 : DEBUG : __main__ : *******************
2019-11-22 19:17:06,223 : DEBUG : __main__ : Episode 26/601
2019-11-22 19:17:53,566 : DEBUG : __main__ : ------------------------------------------
2019-11-22 19:17:53,566 : DEBUG : __main__ : Total Profit: $8863.78
2019-11-22 19:17:53,566 : DEBUG : __main__ : ------------------------------------------
2019-11-22 19:17:53,566 : DEBUG : __main__ : episodeDuration 47.343721
2019-11-22 19:17:53,567 : DEBUG : __main__ : trainingDuration 0:22:20.196710
2019-11-22 19:17:53,567 : DEBUG : __main__ : 
2019-11-22 19:17:53,567 : DEBUG : __main__ : *******************
2019-11-22 19:17:53,567 : DEBUG : __main__ : Episode 27/601
2019-11-22 19:18:42,450 : DEBUG : __main__ : ------------------------------------------
2019-11-22 19:18:42,451 : DEBUG : __main__ : Total Profit: $11265.86
2019-11-22 19:18:42,451 : DEBUG : __main__ : ------------------------------------------
2019-11-22 19:18:42,451 : DEBUG : __main__ : episodeDuration 48.884031
2019-11-22 19:18:42,451 : DEBUG : __main__ : trainingDuration 0:23:09.081165
2019-11-22 19:18:42,451 : DEBUG : __main__ : 
2019-11-22 19:18:42,451 : DEBUG : __main__ : *******************
2019-11-22 19:18:42,451 : DEBUG : __main__ : Episode 28/601
2019-11-22 19:19:32,762 : DEBUG : __main__ : ------------------------------------------
2019-11-22 19:19:32,762 : DEBUG : __main__ : Total Profit: $3555.15
2019-11-22 19:19:32,762 : DEBUG : __main__ : ------------------------------------------
2019-11-22 19:19:32,763 : DEBUG : __main__ : episodeDuration 50.311325
2019-11-22 19:19:32,763 : DEBUG : __main__ : trainingDuration 0:23:59.392895
2019-11-22 19:19:32,763 : DEBUG : __main__ : 
2019-11-22 19:19:32,763 : DEBUG : __main__ : *******************
2019-11-22 19:19:32,763 : DEBUG : __main__ : Episode 29/601
2019-11-22 19:20:22,486 : DEBUG : __main__ : ------------------------------------------
2019-11-22 19:20:22,486 : DEBUG : __main__ : Total Profit: $1770.34
2019-11-22 19:20:22,486 : DEBUG : __main__ : ------------------------------------------
2019-11-22 19:20:22,486 : DEBUG : __main__ : episodeDuration 49.722651
2019-11-22 19:20:22,486 : DEBUG : __main__ : trainingDuration 0:24:49.116223
2019-11-22 19:20:22,486 : DEBUG : __main__ : 
2019-11-22 19:20:22,486 : DEBUG : __main__ : *******************
2019-11-22 19:20:22,486 : DEBUG : __main__ : Episode 30/601
2019-11-22 19:21:12,290 : DEBUG : __main__ : ------------------------------------------
2019-11-22 19:21:12,290 : DEBUG : __main__ : Total Profit: $6689.74
2019-11-22 19:21:12,291 : DEBUG : __main__ : ------------------------------------------
2019-11-22 19:21:12,291 : DEBUG : __main__ : episodeDuration 49.804344
2019-11-22 19:21:12,291 : DEBUG : __main__ : trainingDuration 0:25:38.920924
2019-11-22 19:21:12,291 : DEBUG : __main__ : 
2019-11-22 19:21:12,291 : DEBUG : __main__ : *******************
2019-11-22 19:21:12,291 : DEBUG : __main__ : starting validation after episode 30
2019-11-22 19:21:17,505 : DEBUG : __main__ : ------------------------------------------
2019-11-22 19:21:17,505 : DEBUG : __main__ : Total Profit of Validation: $0.00
2019-11-22 19:21:17,505 : DEBUG : __main__ : ------------------------------------------
2019-11-22 19:21:17,505 : DEBUG : __main__ : *******************
2019-11-22 19:21:17,505 : DEBUG : __main__ : Episode 31/601
2019-11-22 19:22:07,196 : DEBUG : __main__ : ------------------------------------------
2019-11-22 19:22:07,196 : DEBUG : __main__ : Total Profit: $8639.81
2019-11-22 19:22:07,196 : DEBUG : __main__ : ------------------------------------------
2019-11-22 19:22:07,196 : DEBUG : __main__ : episodeDuration 49.691159
2019-11-22 19:22:07,196 : DEBUG : __main__ : trainingDuration 0:26:33.826669
2019-11-22 19:22:07,196 : DEBUG : __main__ : 
2019-11-22 19:22:07,197 : DEBUG : __main__ : *******************
2019-11-22 19:22:07,197 : DEBUG : __main__ : Episode 32/601
2019-11-22 19:22:56,846 : DEBUG : __main__ : ------------------------------------------
2019-11-22 19:22:56,846 : DEBUG : __main__ : Total Profit: $6862.12
2019-11-22 19:22:56,847 : DEBUG : __main__ : ------------------------------------------
2019-11-22 19:22:56,847 : DEBUG : __main__ : episodeDuration 49.650025
2019-11-22 19:22:56,847 : DEBUG : __main__ : trainingDuration 0:27:23.476977
2019-11-22 19:22:56,847 : DEBUG : __main__ : 
2019-11-22 19:22:56,847 : DEBUG : __main__ : *******************
2019-11-22 19:22:56,847 : DEBUG : __main__ : Episode 33/601
2019-11-22 19:23:48,537 : DEBUG : __main__ : ------------------------------------------
2019-11-22 19:23:48,537 : DEBUG : __main__ : Total Profit: $5538.21
2019-11-22 19:23:48,537 : DEBUG : __main__ : ------------------------------------------
2019-11-22 19:23:48,537 : DEBUG : __main__ : episodeDuration 51.689975
2019-11-22 19:23:48,537 : DEBUG : __main__ : trainingDuration 0:28:15.167324
2019-11-22 19:23:48,537 : DEBUG : __main__ : 
2019-11-22 19:23:48,537 : DEBUG : __main__ : *******************
2019-11-22 19:23:48,537 : DEBUG : __main__ : Episode 34/601
2019-11-22 19:24:38,160 : DEBUG : __main__ : ------------------------------------------
2019-11-22 19:24:38,160 : DEBUG : __main__ : Total Profit: $7057.87
2019-11-22 19:24:38,160 : DEBUG : __main__ : ------------------------------------------
2019-11-22 19:24:38,160 : DEBUG : __main__ : episodeDuration 49.622773
2019-11-22 19:24:38,160 : DEBUG : __main__ : trainingDuration 0:29:04.790454
2019-11-22 19:24:38,160 : DEBUG : __main__ : 
2019-11-22 19:24:38,160 : DEBUG : __main__ : *******************
2019-11-22 19:24:38,161 : DEBUG : __main__ : Episode 35/601
2019-11-22 19:25:27,518 : DEBUG : __main__ : ------------------------------------------
2019-11-22 19:25:27,518 : DEBUG : __main__ : Total Profit: $4928.89
2019-11-22 19:25:27,518 : DEBUG : __main__ : ------------------------------------------
2019-11-22 19:25:27,518 : DEBUG : __main__ : episodeDuration 49.35771
2019-11-22 19:25:27,518 : DEBUG : __main__ : trainingDuration 0:29:54.148516
2019-11-22 19:25:27,518 : DEBUG : __main__ : 
2019-11-22 19:25:27,518 : DEBUG : __main__ : *******************
2019-11-22 19:25:27,519 : DEBUG : __main__ : Episode 36/601
2019-11-22 19:26:16,706 : DEBUG : __main__ : ------------------------------------------
2019-11-22 19:26:16,706 : DEBUG : __main__ : Total Profit: $11017.64
2019-11-22 19:26:16,706 : DEBUG : __main__ : ------------------------------------------
2019-11-22 19:26:16,706 : DEBUG : __main__ : episodeDuration 49.187602
2019-11-22 19:26:16,706 : DEBUG : __main__ : trainingDuration 0:30:43.336413
2019-11-22 19:26:16,706 : DEBUG : __main__ : 
2019-11-22 19:26:16,707 : DEBUG : __main__ : *******************
2019-11-22 19:26:16,707 : DEBUG : __main__ : Episode 37/601
2019-11-22 19:27:06,543 : DEBUG : __main__ : ------------------------------------------
2019-11-22 19:27:06,543 : DEBUG : __main__ : Total Profit: $8947.30
2019-11-22 19:27:06,543 : DEBUG : __main__ : ------------------------------------------
2019-11-22 19:27:06,543 : DEBUG : __main__ : episodeDuration 49.836505
2019-11-22 19:27:06,543 : DEBUG : __main__ : trainingDuration 0:31:33.173580
2019-11-22 19:27:06,543 : DEBUG : __main__ : 
2019-11-22 19:27:06,544 : DEBUG : __main__ : *******************
2019-11-22 19:27:06,544 : DEBUG : __main__ : Episode 38/601
2019-11-22 19:27:56,212 : DEBUG : __main__ : ------------------------------------------
2019-11-22 19:27:56,212 : DEBUG : __main__ : Total Profit: $6295.41
2019-11-22 19:27:56,212 : DEBUG : __main__ : ------------------------------------------
2019-11-22 19:27:56,212 : DEBUG : __main__ : episodeDuration 49.668767
2019-11-22 19:27:56,212 : DEBUG : __main__ : trainingDuration 0:32:22.842631
2019-11-22 19:27:56,212 : DEBUG : __main__ : 
2019-11-22 19:27:56,213 : DEBUG : __main__ : *******************
2019-11-22 19:27:56,213 : DEBUG : __main__ : Episode 39/601
2019-11-22 19:28:46,740 : DEBUG : __main__ : ------------------------------------------
2019-11-22 19:28:46,740 : DEBUG : __main__ : Total Profit: $6946.77
2019-11-22 19:28:46,740 : DEBUG : __main__ : ------------------------------------------
2019-11-22 19:28:46,740 : DEBUG : __main__ : episodeDuration 50.527579
2019-11-22 19:28:46,740 : DEBUG : __main__ : trainingDuration 0:33:13.370536
2019-11-22 19:28:46,740 : DEBUG : __main__ : 
2019-11-22 19:28:46,741 : DEBUG : __main__ : *******************
2019-11-22 19:28:46,741 : DEBUG : __main__ : Episode 40/601
2019-11-22 19:29:36,765 : DEBUG : __main__ : ------------------------------------------
2019-11-22 19:29:36,765 : DEBUG : __main__ : Total Profit: $6500.64
2019-11-22 19:29:36,766 : DEBUG : __main__ : ------------------------------------------
2019-11-22 19:29:36,766 : DEBUG : __main__ : episodeDuration 50.024857
2019-11-22 19:29:36,766 : DEBUG : __main__ : trainingDuration 0:34:03.396009
2019-11-22 19:29:36,766 : DEBUG : __main__ : 
2019-11-22 19:29:36,766 : DEBUG : __main__ : *******************
2019-11-22 19:29:36,766 : DEBUG : __main__ : starting validation after episode 40
2019-11-22 19:29:42,052 : DEBUG : __main__ : ------------------------------------------
2019-11-22 19:29:42,052 : DEBUG : __main__ : Total Profit of Validation: $0.00
2019-11-22 19:29:42,052 : DEBUG : __main__ : ------------------------------------------
2019-11-22 19:29:42,052 : DEBUG : __main__ : *******************
2019-11-22 19:29:42,053 : DEBUG : __main__ : Episode 41/601
2019-11-22 19:30:32,675 : DEBUG : __main__ : ------------------------------------------
2019-11-22 19:30:32,675 : DEBUG : __main__ : Total Profit: $11480.55
2019-11-22 19:30:32,675 : DEBUG : __main__ : ------------------------------------------
2019-11-22 19:30:32,675 : DEBUG : __main__ : episodeDuration 50.622932
2019-11-22 19:30:32,675 : DEBUG : __main__ : trainingDuration 0:34:59.305630
2019-11-22 19:30:32,676 : DEBUG : __main__ : 
2019-11-22 19:30:32,676 : DEBUG : __main__ : *******************
2019-11-22 19:30:32,676 : DEBUG : __main__ : Episode 42/601
2019-11-22 19:31:23,026 : DEBUG : __main__ : ------------------------------------------
2019-11-22 19:31:23,026 : DEBUG : __main__ : Total Profit: $8557.43
2019-11-22 19:31:23,026 : DEBUG : __main__ : ------------------------------------------
2019-11-22 19:31:23,026 : DEBUG : __main__ : episodeDuration 50.350377
2019-11-22 19:31:23,026 : DEBUG : __main__ : trainingDuration 0:35:49.656396
2019-11-22 19:31:23,026 : DEBUG : __main__ : 
2019-11-22 19:31:23,026 : DEBUG : __main__ : *******************
2019-11-22 19:31:23,026 : DEBUG : __main__ : Episode 43/601
2019-11-22 19:32:13,065 : DEBUG : __main__ : ------------------------------------------
2019-11-22 19:32:13,065 : DEBUG : __main__ : Total Profit: $9070.19
2019-11-22 19:32:13,065 : DEBUG : __main__ : ------------------------------------------
2019-11-22 19:32:13,065 : DEBUG : __main__ : episodeDuration 50.038767
2019-11-22 19:32:13,065 : DEBUG : __main__ : trainingDuration 0:36:39.695461
2019-11-22 19:32:13,065 : DEBUG : __main__ : 
2019-11-22 19:32:13,066 : DEBUG : __main__ : *******************
2019-11-22 19:32:13,066 : DEBUG : __main__ : Episode 44/601
2019-11-22 19:33:04,660 : DEBUG : __main__ : ------------------------------------------
2019-11-22 19:33:04,661 : DEBUG : __main__ : Total Profit: $12113.84
2019-11-22 19:33:04,661 : DEBUG : __main__ : ------------------------------------------
2019-11-22 19:33:04,661 : DEBUG : __main__ : episodeDuration 51.595254
2019-11-22 19:33:04,661 : DEBUG : __main__ : trainingDuration 0:37:31.291109
2019-11-22 19:33:04,661 : DEBUG : __main__ : 
2019-11-22 19:33:04,661 : DEBUG : __main__ : *******************
2019-11-22 19:33:04,661 : DEBUG : __main__ : Episode 45/601
2019-11-22 19:33:55,075 : DEBUG : __main__ : ------------------------------------------
2019-11-22 19:33:55,076 : DEBUG : __main__ : Total Profit: $18757.47
2019-11-22 19:33:55,076 : DEBUG : __main__ : ------------------------------------------
2019-11-22 19:33:55,076 : DEBUG : __main__ : episodeDuration 50.414814
2019-11-22 19:33:55,076 : DEBUG : __main__ : trainingDuration 0:38:21.706345
2019-11-22 19:33:55,076 : DEBUG : __main__ : 
2019-11-22 19:33:55,077 : DEBUG : __main__ : *******************
2019-11-22 19:33:55,077 : DEBUG : __main__ : Episode 46/601
2019-11-22 19:34:44,775 : DEBUG : __main__ : ------------------------------------------
2019-11-22 19:34:44,776 : DEBUG : __main__ : Total Profit: $80124.72
2019-11-22 19:34:44,776 : DEBUG : __main__ : ------------------------------------------
2019-11-22 19:34:44,776 : DEBUG : __main__ : episodeDuration 49.699323
2019-11-22 19:34:44,776 : DEBUG : __main__ : trainingDuration 0:39:11.406223
2019-11-22 19:34:44,776 : DEBUG : __main__ : 
2019-11-22 19:34:44,776 : DEBUG : __main__ : *******************
2019-11-22 19:34:44,776 : DEBUG : __main__ : Episode 47/601
2019-11-22 19:35:34,689 : DEBUG : __main__ : ------------------------------------------
2019-11-22 19:35:34,689 : DEBUG : __main__ : Total Profit: $242399.60
2019-11-22 19:35:34,690 : DEBUG : __main__ : ------------------------------------------
2019-11-22 19:35:34,690 : DEBUG : __main__ : episodeDuration 49.913473
2019-11-22 19:35:34,690 : DEBUG : __main__ : trainingDuration 0:40:01.319984
2019-11-22 19:35:34,690 : DEBUG : __main__ : 
2019-11-22 19:35:34,690 : DEBUG : __main__ : *******************
2019-11-22 19:35:34,690 : DEBUG : __main__ : Episode 48/601
2019-11-22 19:36:24,850 : DEBUG : __main__ : ------------------------------------------
2019-11-22 19:36:24,850 : DEBUG : __main__ : Total Profit: $239995.29
2019-11-22 19:36:24,850 : DEBUG : __main__ : ------------------------------------------
2019-11-22 19:36:24,850 : DEBUG : __main__ : episodeDuration 50.160294
2019-11-22 19:36:24,851 : DEBUG : __main__ : trainingDuration 0:40:51.480715
2019-11-22 19:36:24,851 : DEBUG : __main__ : 
2019-11-22 19:36:24,851 : DEBUG : __main__ : *******************
2019-11-22 19:36:24,851 : DEBUG : __main__ : Episode 49/601
2019-11-22 19:37:13,860 : DEBUG : __main__ : ------------------------------------------
2019-11-22 19:37:13,860 : DEBUG : __main__ : Total Profit: -$5852.66
2019-11-22 19:37:13,860 : DEBUG : __main__ : ------------------------------------------
2019-11-22 19:37:13,860 : DEBUG : __main__ : episodeDuration 49.009105
2019-11-22 19:37:13,860 : DEBUG : __main__ : trainingDuration 0:41:40.490151
2019-11-22 19:37:13,860 : DEBUG : __main__ : 
2019-11-22 19:37:13,860 : DEBUG : __main__ : *******************
2019-11-22 19:37:13,860 : DEBUG : __main__ : Episode 50/601
2019-11-22 19:38:03,729 : DEBUG : __main__ : ------------------------------------------
2019-11-22 19:38:03,729 : DEBUG : __main__ : Total Profit: $3199.33
2019-11-22 19:38:03,729 : DEBUG : __main__ : ------------------------------------------
2019-11-22 19:38:03,729 : DEBUG : __main__ : episodeDuration 49.869008
2019-11-22 19:38:03,729 : DEBUG : __main__ : trainingDuration 0:42:30.359445
2019-11-22 19:38:03,729 : DEBUG : __main__ : 
2019-11-22 19:38:03,729 : DEBUG : __main__ : *******************
2019-11-22 19:38:03,730 : DEBUG : __main__ : starting validation after episode 50
2019-11-22 19:38:08,872 : DEBUG : __main__ : ------------------------------------------
2019-11-22 19:38:08,872 : DEBUG : __main__ : Total Profit of Validation: $45.86
2019-11-22 19:38:08,872 : DEBUG : __main__ : ------------------------------------------
2019-11-22 19:38:08,872 : DEBUG : __main__ : *******************
2019-11-22 19:38:08,872 : DEBUG : __main__ : Episode 51/601
2019-11-22 19:38:57,856 : DEBUG : __main__ : ------------------------------------------
2019-11-22 19:38:57,856 : DEBUG : __main__ : Total Profit: $669.09
2019-11-22 19:38:57,857 : DEBUG : __main__ : ------------------------------------------
2019-11-22 19:38:57,857 : DEBUG : __main__ : episodeDuration 48.984358
2019-11-22 19:38:57,857 : DEBUG : __main__ : trainingDuration 0:43:24.486930
2019-11-22 19:38:57,857 : DEBUG : __main__ : 
2019-11-22 19:38:57,857 : DEBUG : __main__ : *******************
2019-11-22 19:38:57,857 : DEBUG : __main__ : Episode 52/601
2019-11-22 19:39:46,032 : DEBUG : __main__ : ------------------------------------------
2019-11-22 19:39:46,032 : DEBUG : __main__ : Total Profit: $1284.96
2019-11-22 19:39:46,032 : DEBUG : __main__ : ------------------------------------------
2019-11-22 19:39:46,032 : DEBUG : __main__ : episodeDuration 48.175063
2019-11-22 19:39:46,032 : DEBUG : __main__ : trainingDuration 0:44:12.662464
2019-11-22 19:39:46,032 : DEBUG : __main__ : 
2019-11-22 19:39:46,032 : DEBUG : __main__ : *******************
2019-11-22 19:39:46,033 : DEBUG : __main__ : Episode 53/601
2019-11-22 19:40:44,422 : DEBUG : __main__ : ------------------------------------------
2019-11-22 19:40:44,423 : DEBUG : __main__ : Total Profit: $505.03
2019-11-22 19:40:44,423 : DEBUG : __main__ : ------------------------------------------
2019-11-22 19:40:44,423 : DEBUG : __main__ : episodeDuration 58.390519
2019-11-22 19:40:44,423 : DEBUG : __main__ : trainingDuration 0:45:11.053297
2019-11-22 19:40:44,423 : DEBUG : __main__ : 
2019-11-22 19:40:44,424 : DEBUG : __main__ : *******************
2019-11-22 19:40:44,424 : DEBUG : __main__ : Episode 54/601
2019-11-22 19:41:40,436 : DEBUG : __main__ : ------------------------------------------
2019-11-22 19:41:40,436 : DEBUG : __main__ : Total Profit: $150.67
2019-11-22 19:41:40,436 : DEBUG : __main__ : ------------------------------------------
2019-11-22 19:41:40,437 : DEBUG : __main__ : episodeDuration 56.012964
2019-11-22 19:41:40,437 : DEBUG : __main__ : trainingDuration 0:46:07.066834
2019-11-22 19:41:40,437 : DEBUG : __main__ : 
2019-11-22 19:41:40,437 : DEBUG : __main__ : *******************
2019-11-22 19:41:40,437 : DEBUG : __main__ : Episode 55/601
2019-11-22 19:42:30,198 : DEBUG : __main__ : ------------------------------------------
2019-11-22 19:42:30,198 : DEBUG : __main__ : Total Profit: -$112.37
2019-11-22 19:42:30,198 : DEBUG : __main__ : ------------------------------------------
2019-11-22 19:42:30,198 : DEBUG : __main__ : episodeDuration 49.761297
2019-11-22 19:42:30,198 : DEBUG : __main__ : trainingDuration 0:46:56.828602
2019-11-22 19:42:30,199 : DEBUG : __main__ : 
2019-11-22 19:42:30,199 : DEBUG : __main__ : *******************
2019-11-22 19:42:30,199 : DEBUG : __main__ : Episode 56/601
2019-11-22 19:43:20,694 : DEBUG : __main__ : ------------------------------------------
2019-11-22 19:43:20,694 : DEBUG : __main__ : Total Profit: $346.75
2019-11-22 19:43:20,694 : DEBUG : __main__ : ------------------------------------------
2019-11-22 19:43:20,694 : DEBUG : __main__ : episodeDuration 50.495503
2019-11-22 19:43:20,694 : DEBUG : __main__ : trainingDuration 0:47:47.324641
2019-11-22 19:43:20,694 : DEBUG : __main__ : 
2019-11-22 19:43:20,695 : DEBUG : __main__ : *******************
2019-11-22 19:43:20,695 : DEBUG : __main__ : Episode 57/601
2019-11-22 19:44:10,884 : DEBUG : __main__ : ------------------------------------------
2019-11-22 19:44:10,884 : DEBUG : __main__ : Total Profit: $203.74
2019-11-22 19:44:10,884 : DEBUG : __main__ : ------------------------------------------
2019-11-22 19:44:10,884 : DEBUG : __main__ : episodeDuration 50.189683
2019-11-22 19:44:10,884 : DEBUG : __main__ : trainingDuration 0:48:37.514619
2019-11-22 19:44:10,885 : DEBUG : __main__ : 
2019-11-22 19:44:10,885 : DEBUG : __main__ : *******************
2019-11-22 19:44:10,885 : DEBUG : __main__ : Episode 58/601
2019-11-22 19:45:01,348 : DEBUG : __main__ : ------------------------------------------
2019-11-22 19:45:01,348 : DEBUG : __main__ : Total Profit: $854.56
2019-11-22 19:45:01,348 : DEBUG : __main__ : ------------------------------------------
2019-11-22 19:45:01,348 : DEBUG : __main__ : episodeDuration 50.463509
2019-11-22 19:45:01,348 : DEBUG : __main__ : trainingDuration 0:49:27.978507
2019-11-22 19:45:01,348 : DEBUG : __main__ : 
2019-11-22 19:45:01,349 : DEBUG : __main__ : *******************
2019-11-22 19:45:01,349 : DEBUG : __main__ : Episode 59/601
2019-11-22 19:45:51,637 : DEBUG : __main__ : ------------------------------------------
2019-11-22 19:45:51,637 : DEBUG : __main__ : Total Profit: $635.98
2019-11-22 19:45:51,637 : DEBUG : __main__ : ------------------------------------------
2019-11-22 19:45:51,638 : DEBUG : __main__ : episodeDuration 50.289005
2019-11-22 19:45:51,638 : DEBUG : __main__ : trainingDuration 0:50:18.267862
2019-11-22 19:45:51,638 : DEBUG : __main__ : 
2019-11-22 19:45:51,638 : DEBUG : __main__ : *******************
2019-11-22 19:45:51,638 : DEBUG : __main__ : Episode 60/601
2019-11-22 19:46:41,627 : DEBUG : __main__ : ------------------------------------------
2019-11-22 19:46:41,627 : DEBUG : __main__ : Total Profit: $762.36
2019-11-22 19:46:41,627 : DEBUG : __main__ : ------------------------------------------
2019-11-22 19:46:41,627 : DEBUG : __main__ : episodeDuration 49.989124
2019-11-22 19:46:41,627 : DEBUG : __main__ : trainingDuration 0:51:08.257277
2019-11-22 19:46:41,627 : DEBUG : __main__ : 
2019-11-22 19:46:41,627 : DEBUG : __main__ : *******************
2019-11-22 19:46:41,627 : DEBUG : __main__ : starting validation after episode 60
2019-11-22 19:46:46,781 : DEBUG : __main__ : ------------------------------------------
2019-11-22 19:46:46,781 : DEBUG : __main__ : Total Profit of Validation: $44.94
2019-11-22 19:46:46,781 : DEBUG : __main__ : ------------------------------------------
2019-11-22 19:46:46,782 : DEBUG : __main__ : *******************
2019-11-22 19:46:46,782 : DEBUG : __main__ : Episode 61/601
2019-11-22 19:47:36,025 : DEBUG : __main__ : ------------------------------------------
2019-11-22 19:47:36,025 : DEBUG : __main__ : Total Profit: $620.61
2019-11-22 19:47:36,025 : DEBUG : __main__ : ------------------------------------------
2019-11-22 19:47:36,025 : DEBUG : __main__ : episodeDuration 49.243501
2019-11-22 19:47:36,025 : DEBUG : __main__ : trainingDuration 0:52:02.655515
2019-11-22 19:47:36,025 : DEBUG : __main__ : 
2019-11-22 19:47:36,025 : DEBUG : __main__ : *******************
2019-11-22 19:47:36,026 : DEBUG : __main__ : Episode 62/601
2019-11-22 19:48:24,907 : DEBUG : __main__ : ------------------------------------------
2019-11-22 19:48:24,907 : DEBUG : __main__ : Total Profit: $4405.59
2019-11-22 19:48:24,907 : DEBUG : __main__ : ------------------------------------------
2019-11-22 19:48:24,907 : DEBUG : __main__ : episodeDuration 48.88148
2019-11-22 19:48:24,907 : DEBUG : __main__ : trainingDuration 0:52:51.537289
2019-11-22 19:48:24,907 : DEBUG : __main__ : 
2019-11-22 19:48:24,907 : DEBUG : __main__ : *******************
2019-11-22 19:48:24,907 : DEBUG : __main__ : Episode 63/601
2019-11-22 19:49:14,063 : DEBUG : __main__ : ------------------------------------------
2019-11-22 19:49:14,063 : DEBUG : __main__ : Total Profit: $69067.94
2019-11-22 19:49:14,063 : DEBUG : __main__ : ------------------------------------------
2019-11-22 19:49:14,063 : DEBUG : __main__ : episodeDuration 49.155778
2019-11-22 19:49:14,063 : DEBUG : __main__ : trainingDuration 0:53:40.693473
2019-11-22 19:49:14,063 : DEBUG : __main__ : 
2019-11-22 19:49:14,064 : DEBUG : __main__ : *******************
2019-11-22 19:49:14,064 : DEBUG : __main__ : Episode 64/601
2019-11-22 19:50:02,636 : DEBUG : __main__ : ------------------------------------------
2019-11-22 19:50:02,636 : DEBUG : __main__ : Total Profit: $219535.15
2019-11-22 19:50:02,637 : DEBUG : __main__ : ------------------------------------------
2019-11-22 19:50:02,637 : DEBUG : __main__ : episodeDuration 48.573083
2019-11-22 19:50:02,637 : DEBUG : __main__ : trainingDuration 0:54:29.266979
2019-11-22 19:50:02,637 : DEBUG : __main__ : 
2019-11-22 19:50:02,637 : DEBUG : __main__ : *******************
2019-11-22 19:50:02,637 : DEBUG : __main__ : Episode 65/601
2019-11-22 19:50:51,099 : DEBUG : __main__ : ------------------------------------------
2019-11-22 19:50:51,099 : DEBUG : __main__ : Total Profit: $164252.28
2019-11-22 19:50:51,099 : DEBUG : __main__ : ------------------------------------------
2019-11-22 19:50:51,099 : DEBUG : __main__ : episodeDuration 48.461891
2019-11-22 19:50:51,099 : DEBUG : __main__ : trainingDuration 0:55:17.729267
2019-11-22 19:50:51,099 : DEBUG : __main__ : 
2019-11-22 19:50:51,099 : DEBUG : __main__ : *******************
2019-11-22 19:50:51,099 : DEBUG : __main__ : Episode 66/601
2019-11-22 19:51:41,358 : DEBUG : __main__ : ------------------------------------------
2019-11-22 19:51:41,358 : DEBUG : __main__ : Total Profit: $90169.63
2019-11-22 19:51:41,358 : DEBUG : __main__ : ------------------------------------------
2019-11-22 19:51:41,358 : DEBUG : __main__ : episodeDuration 50.259083
2019-11-22 19:51:41,358 : DEBUG : __main__ : trainingDuration 0:56:07.988651
2019-11-22 19:51:41,359 : DEBUG : __main__ : 
2019-11-22 19:51:41,359 : DEBUG : __main__ : *******************
2019-11-22 19:51:41,359 : DEBUG : __main__ : Episode 67/601
2019-11-22 19:52:30,881 : DEBUG : __main__ : ------------------------------------------
2019-11-22 19:52:30,881 : DEBUG : __main__ : Total Profit: $32314.24
2019-11-22 19:52:30,881 : DEBUG : __main__ : ------------------------------------------
2019-11-22 19:52:30,882 : DEBUG : __main__ : episodeDuration 49.522882
2019-11-22 19:52:30,882 : DEBUG : __main__ : trainingDuration 0:56:57.511901
2019-11-22 19:52:30,882 : DEBUG : __main__ : 
2019-11-22 19:52:30,882 : DEBUG : __main__ : *******************
2019-11-22 19:52:30,882 : DEBUG : __main__ : Episode 68/601
2019-11-22 19:53:21,905 : DEBUG : __main__ : ------------------------------------------
2019-11-22 19:53:21,906 : DEBUG : __main__ : Total Profit: $14706.45
2019-11-22 19:53:21,906 : DEBUG : __main__ : ------------------------------------------
2019-11-22 19:53:21,906 : DEBUG : __main__ : episodeDuration 51.02361
2019-11-22 19:53:21,906 : DEBUG : __main__ : trainingDuration 0:57:48.536105
2019-11-22 19:53:21,906 : DEBUG : __main__ : 
2019-11-22 19:53:21,906 : DEBUG : __main__ : *******************
2019-11-22 19:53:21,906 : DEBUG : __main__ : Episode 69/601
2019-11-22 19:54:14,365 : DEBUG : __main__ : ------------------------------------------
2019-11-22 19:54:14,365 : DEBUG : __main__ : Total Profit: $5807.60
2019-11-22 19:54:14,365 : DEBUG : __main__ : ------------------------------------------
2019-11-22 19:54:14,366 : DEBUG : __main__ : episodeDuration 52.459498
2019-11-22 19:54:14,366 : DEBUG : __main__ : trainingDuration 0:58:40.995889
2019-11-22 19:54:14,366 : DEBUG : __main__ : 
2019-11-22 19:54:14,366 : DEBUG : __main__ : *******************
2019-11-22 19:54:14,366 : DEBUG : __main__ : Episode 70/601
2019-11-22 19:55:05,286 : DEBUG : __main__ : ------------------------------------------
2019-11-22 19:55:05,287 : DEBUG : __main__ : Total Profit: $5984.51
2019-11-22 19:55:05,287 : DEBUG : __main__ : ------------------------------------------
2019-11-22 19:55:05,287 : DEBUG : __main__ : episodeDuration 50.920828
2019-11-22 19:55:05,287 : DEBUG : __main__ : trainingDuration 0:59:31.917020
2019-11-22 19:55:05,287 : DEBUG : __main__ : 
2019-11-22 19:55:05,287 : DEBUG : __main__ : *******************
2019-11-22 19:55:05,287 : DEBUG : __main__ : starting validation after episode 70
2019-11-22 19:55:10,630 : DEBUG : __main__ : ------------------------------------------
2019-11-22 19:55:10,630 : DEBUG : __main__ : Total Profit of Validation: $0.00
2019-11-22 19:55:10,631 : DEBUG : __main__ : ------------------------------------------
2019-11-22 19:55:10,631 : DEBUG : __main__ : *******************
2019-11-22 19:55:10,631 : DEBUG : __main__ : Episode 71/601
2019-11-22 19:56:01,534 : DEBUG : __main__ : ------------------------------------------
2019-11-22 19:56:01,534 : DEBUG : __main__ : Total Profit: $2513.56
2019-11-22 19:56:01,534 : DEBUG : __main__ : ------------------------------------------
2019-11-22 19:56:01,534 : DEBUG : __main__ : episodeDuration 50.903242
2019-11-22 19:56:01,535 : DEBUG : __main__ : trainingDuration 1:00:28.164451
2019-11-22 19:56:01,535 : DEBUG : __main__ : 
2019-11-22 19:56:01,535 : DEBUG : __main__ : *******************
2019-11-22 19:56:01,536 : DEBUG : __main__ : Episode 72/601
2019-11-22 19:56:52,150 : DEBUG : __main__ : ------------------------------------------
2019-11-22 19:56:52,150 : DEBUG : __main__ : Total Profit: $2999.86
2019-11-22 19:56:52,150 : DEBUG : __main__ : ------------------------------------------
2019-11-22 19:56:52,151 : DEBUG : __main__ : episodeDuration 50.61506
2019-11-22 19:56:52,151 : DEBUG : __main__ : trainingDuration 1:01:18.780854
2019-11-22 19:56:52,151 : DEBUG : __main__ : 
2019-11-22 19:56:52,151 : DEBUG : __main__ : *******************
2019-11-22 19:56:52,151 : DEBUG : __main__ : Episode 73/601
2019-11-22 19:57:42,562 : DEBUG : __main__ : ------------------------------------------
2019-11-22 19:57:42,562 : DEBUG : __main__ : Total Profit: $2694.05
2019-11-22 19:57:42,562 : DEBUG : __main__ : ------------------------------------------
2019-11-22 19:57:42,562 : DEBUG : __main__ : episodeDuration 50.411665
2019-11-22 19:57:42,563 : DEBUG : __main__ : trainingDuration 1:02:09.192806
2019-11-22 19:57:42,563 : DEBUG : __main__ : 
2019-11-22 19:57:42,563 : DEBUG : __main__ : *******************
2019-11-22 19:57:42,563 : DEBUG : __main__ : Episode 74/601
2019-11-22 19:58:33,026 : DEBUG : __main__ : ------------------------------------------
2019-11-22 19:58:33,026 : DEBUG : __main__ : Total Profit: $468.01
2019-11-22 19:58:33,027 : DEBUG : __main__ : ------------------------------------------
2019-11-22 19:58:33,027 : DEBUG : __main__ : episodeDuration 50.463813
2019-11-22 19:58:33,027 : DEBUG : __main__ : trainingDuration 1:02:59.656915
2019-11-22 19:58:33,027 : DEBUG : __main__ : 
2019-11-22 19:58:33,027 : DEBUG : __main__ : *******************
2019-11-22 19:58:33,027 : DEBUG : __main__ : Episode 75/601
2019-11-22 19:59:26,875 : DEBUG : __main__ : ------------------------------------------
2019-11-22 19:59:26,875 : DEBUG : __main__ : Total Profit: $358.76
2019-11-22 19:59:26,875 : DEBUG : __main__ : ------------------------------------------
2019-11-22 19:59:26,875 : DEBUG : __main__ : episodeDuration 53.848262
2019-11-22 19:59:26,875 : DEBUG : __main__ : trainingDuration 1:03:53.505628
2019-11-22 19:59:26,876 : DEBUG : __main__ : 
2019-11-22 19:59:26,876 : DEBUG : __main__ : *******************
2019-11-22 19:59:26,876 : DEBUG : __main__ : Episode 76/601
2019-11-22 20:00:19,418 : DEBUG : __main__ : ------------------------------------------
2019-11-22 20:00:19,418 : DEBUG : __main__ : Total Profit: -$41.27
2019-11-22 20:00:19,419 : DEBUG : __main__ : ------------------------------------------
2019-11-22 20:00:19,419 : DEBUG : __main__ : episodeDuration 52.542948
2019-11-22 20:00:19,419 : DEBUG : __main__ : trainingDuration 1:04:46.048943
2019-11-22 20:00:19,419 : DEBUG : __main__ : 
2019-11-22 20:00:19,419 : DEBUG : __main__ : *******************
2019-11-22 20:00:19,419 : DEBUG : __main__ : Episode 77/601
2019-11-22 20:01:11,195 : DEBUG : __main__ : ------------------------------------------
2019-11-22 20:01:11,196 : DEBUG : __main__ : Total Profit: -$177.19
2019-11-22 20:01:11,196 : DEBUG : __main__ : ------------------------------------------
2019-11-22 20:01:11,196 : DEBUG : __main__ : episodeDuration 51.776943
2019-11-22 20:01:11,196 : DEBUG : __main__ : trainingDuration 1:05:37.826176
2019-11-22 20:01:11,196 : DEBUG : __main__ : 
2019-11-22 20:01:11,196 : DEBUG : __main__ : *******************
2019-11-22 20:01:11,196 : DEBUG : __main__ : Episode 78/601
2019-11-22 20:02:02,189 : DEBUG : __main__ : ------------------------------------------
2019-11-22 20:02:02,189 : DEBUG : __main__ : Total Profit: $0.00
2019-11-22 20:02:02,190 : DEBUG : __main__ : ------------------------------------------
2019-11-22 20:02:02,190 : DEBUG : __main__ : episodeDuration 50.993385
2019-11-22 20:02:02,190 : DEBUG : __main__ : trainingDuration 1:06:28.819941
2019-11-22 20:02:02,190 : DEBUG : __main__ : 
2019-11-22 20:02:02,190 : DEBUG : __main__ : *******************
2019-11-22 20:02:02,190 : DEBUG : __main__ : Episode 79/601
2019-11-22 20:02:53,375 : DEBUG : __main__ : ------------------------------------------
2019-11-22 20:02:53,375 : DEBUG : __main__ : Total Profit: $0.00
2019-11-22 20:02:53,375 : DEBUG : __main__ : ------------------------------------------
2019-11-22 20:02:53,375 : DEBUG : __main__ : episodeDuration 51.184935
2019-11-22 20:02:53,375 : DEBUG : __main__ : trainingDuration 1:07:20.005290
2019-11-22 20:02:53,375 : DEBUG : __main__ : 
2019-11-22 20:02:53,375 : DEBUG : __main__ : *******************
2019-11-22 20:02:53,375 : DEBUG : __main__ : Episode 80/601
2019-11-22 20:03:43,365 : DEBUG : __main__ : ------------------------------------------
2019-11-22 20:03:43,365 : DEBUG : __main__ : Total Profit: $0.00
2019-11-22 20:03:43,365 : DEBUG : __main__ : ------------------------------------------
2019-11-22 20:03:43,365 : DEBUG : __main__ : episodeDuration 49.989976
2019-11-22 20:03:43,365 : DEBUG : __main__ : trainingDuration 1:08:09.995552
2019-11-22 20:03:43,365 : DEBUG : __main__ : 
2019-11-22 20:03:43,366 : DEBUG : __main__ : *******************
2019-11-22 20:03:43,366 : DEBUG : __main__ : starting validation after episode 80
2019-11-22 20:03:48,636 : DEBUG : __main__ : ------------------------------------------
2019-11-22 20:03:48,636 : DEBUG : __main__ : Total Profit of Validation: $0.00
2019-11-22 20:03:48,636 : DEBUG : __main__ : ------------------------------------------
2019-11-22 20:03:48,636 : DEBUG : __main__ : *******************
2019-11-22 20:03:48,636 : DEBUG : __main__ : Episode 81/601
