Training_0    111450.04
Training_1    191772.80
Training_2    169966.48
Training_3    95828.11
Training_4    70829.37
Training_5    30772.52
Training_6    25201.21
Training_7    11972.84
Training_8    36793.54
Training_9    179090.33
Training_10    275166.00
Training_11    7740.22
Training_12    514.52
Training_13    416.77
Training_14    585.19
Training_15    919.59
Training_16    210.52
Training_17    212.88
Training_18    13245.15
Training_19    128788.45
Training_20    139991.51
Training_21    112106.20
Training_22    66928.07
Training_23    27179.19
Training_24    10111.97
Training_25    13180.30
Training_26    8863.78
Training_27    11265.86
Training_28    3555.15
Training_29    1770.34
Training_30    6689.74
Training_31    8639.81
Training_32    6862.12
Training_33    5538.21
Training_34    7057.87
Training_35    4928.89
Training_36    11017.64
Training_37    8947.30
Training_38    6295.41
Training_39    6946.77
Training_40    6500.64
Training_41    11480.55
Training_42    8557.43
Training_43    9070.19
Training_44    12113.84
Training_45    18757.47
Training_46    80124.72
Training_47    242399.60
Training_48    239995.29
Training_49    5852.66
Training_50    3199.33
Training_51    669.09
Training_52    1284.96
Training_53    505.03
Training_54    150.67
Training_55    112.37
Training_56    346.75
Training_57    203.74
Training_58    854.56
Training_59    635.98
Training_60    762.36
Training_61    620.61
Training_62    4405.59
Training_63    69067.94
Training_64    219535.15
Training_65    164252.28
Training_66    90169.63
Training_67    32314.24
Training_68    14706.45
Training_69    5807.60
Training_70    5984.51
Training_71    2513.56
Training_72    2999.86
Training_73    2694.05
Training_74    468.01
Training_75    358.76
Training_76    41.27
Training_77    177.19
Training_78    0.00
Training_79    0.00
Training_80    0.00
