T_000    70984.63    57.17
T_001    -3595.94    47.99
T_002    -409.07    56.25
T_003    12614.20    67.59
T_004    41692.77    73.42
T_005    33658.98    74.88
T_006    23688.81    73.42
T_007    -5168.55    68.79
T_008    -8130.03    61.81
T_009    3735.74    60.09
T_010    2690.41    60.00
T_011    -283.35    65.56
T_012    3667.25    77.31
T_013    4075.72    83.58
T_014    199.82    89.67
T_015    77.09    92.67
T_016    1448.94    94.44
T_017    845.41    96.34
T_018    727.99    97.48
T_019    -507.23    98.23
T_020    -800.78    98.76
T_021    1046.14    99.12
T_022    3581.70    97.88
T_023    2765.02    95.32
T_024    34642.56    83.18
T_025    63279.41    66.71
T_026    107924.75    51.66
T_027    64109.56    45.52
T_028    1624.89    48.87
T_029    801.41    54.83
T_030    1146.16    62.78
T_031    1034.06    67.86
T_032    -382.71    72.01
T_033    1015.10    77.17
T_034    319.05    79.56
T_035    -109.07    82.52
T_036    203.98    84.19
T_037    315.83    87.51
T_038    212.37    90.68
T_039    -164.91    91.83
T_040    143.86    91.48
T_041    167.06    89.93
T_042    314.06    89.01
T_043    281.02    86.23
T_044    139.42    83.89
T_045    -486.52    78.28
T_046    1330.72    76.87
T_047    4924.01    71.96
T_048    62633.90    67.86
T_049    129736.32    72.67
T_050    -21045.11    84.72
T_051    -7787.01    91.43
T_052    2714.68    94.53
T_053    3875.16    96.73
T_054    6462.04    98.15
T_055    -240.05    98.81
T_056    700.81    99.12
T_057    2405.85    99.60
T_058    -638.14    99.74
T_059    685.62    99.78
T_060    -335.33    99.91
T_061    -153.93    99.96
T_062    -418.13    99.96
T_063    704.62    99.96
T_064    0.00    100.00
T_065    0.00    100.00
T_066    0.00    100.00
T_067    0.00    100.00
T_068    0.00    100.00
T_069    0.00    100.00
T_070    0.00    100.00
T_071    0.00    100.00
T_072    0.00    100.00
T_073    0.00    100.00
T_074    0.00    100.00
T_075    0.00    100.00
T_076    0.00    100.00
T_077    0.00    100.00
T_078    0.00    100.00
T_079    0.00    100.00
T_080    0.00    100.00
T_081    0.00    100.00
T_082    0.00    100.00
T_083    0.00    100.00
T_084    0.00    100.00
T_085    0.00    100.00
T_086    0.00    100.00
T_087    0.00    100.00
T_088    0.00    100.00
T_089    0.00    100.00
T_090    0.00    100.00
T_091    0.00    100.00
T_092    0.00    100.00
T_093    0.00    100.00
T_094    0.00    100.00
T_095    0.00    100.00
T_096    0.00    100.00
T_097    0.00    100.00
T_098    0.00    100.00
T_099    0.00    100.00
T_100    0.00    100.00
T_101    0.00    100.00
T_102    0.00    100.00
T_103    0.00    100.00
T_104    0.00    100.00
T_105    0.00    100.00
T_106    0.00    100.00
T_107    0.00    100.00
T_108    0.00    100.00
T_109    0.00    100.00
T_110    0.00    100.00
T_111    0.00    100.00
T_112    0.00    100.00
T_113    0.00    100.00
T_114    0.00    100.00
T_115    0.00    100.00
T_116    0.00    100.00
T_117    0.00    100.00
T_118    0.00    100.00
T_119    0.00    100.00
T_120    0.00    100.00
T_121    0.00    100.00
T_122    0.00    100.00
T_123    0.00    100.00
T_124    0.00    100.00
T_125    0.00    100.00
T_126    0.00    100.00
T_127    0.00    100.00
T_128    0.00    100.00
T_129    0.00    100.00
T_130    0.00    100.00
T_131    0.00    100.00
T_132    0.00    100.00
T_133    0.00    100.00
T_134    0.00    100.00
T_135    0.00    100.00
T_136    0.00    100.00
T_137    0.00    100.00
T_138    68.70    99.91
T_139    0.00    100.00
T_140    0.00    100.00
T_141    -429.47    99.82
T_142    0.00    99.96
T_143    0.00    99.87
T_144    -702.72    99.65
T_145    868.75    99.74
T_146    3226.44    99.56
T_147    2410.28    99.21
T_148    561.00    99.07
T_149    609.12    99.38
T_150    3305.22    98.98
T_151    3022.82    98.54
T_152    3542.28    97.57
T_153    5338.45    97.17
T_154    12419.55    94.13
T_155    59932.71    80.22
T_156    -11713.16    63.22
T_157    192.70    82.69
T_158    255.38    91.79
T_159    -66.46    94.22
T_160    -56.85    95.23
T_161    -146.89    94.30
T_162    -9.96    92.23
T_163    75.07    78.54
T_164    -215.00    68.34
T_165    332.75    87.20
T_166    404.58    93.55
T_167    176.28    97.17
T_168    0.00    98.45
T_169    43.50    99.25
T_170    -107.50    99.34
T_171    0.00    99.82
T_172    0.00    99.91
T_173    0.00    99.91
T_174    0.00    99.96
T_175    0.00    99.96
T_176    0.00    100.00
T_177    0.00    99.96
T_178    0.00    100.00
T_179    0.00    100.00
T_180    0.00    100.00
T_181    0.00    100.00
T_182    0.00    100.00
T_183    0.00    100.00
T_184    0.00    100.00
T_185    0.00    100.00
T_186    0.00    100.00
T_187    0.00    100.00
T_188    0.00    99.82
T_189    0.00    99.43
T_190    0.00    98.37
T_191    0.00    94.30
T_192    0.00    84.37
T_193    0.00    77.22
T_194    0.00    92.49
T_195    0.00    96.42
T_196    0.00    97.70
T_197    33.63    98.50
T_198    0.00    98.63
T_199    0.00    99.56
T_200    0.00    99.56
T_201    0.00    99.65
T_202    0.00    99.74
T_203    0.00    99.78
T_204    0.00    99.78
T_205    0.00    99.82
T_206    0.00    99.96
T_207    0.00    100.00
T_208    3.99    99.87
T_209    0.00    99.87
T_210    0.00    100.00
T_211    0.00    99.87
T_212    0.00    100.00
T_213    0.00    100.00
T_214    0.00    100.00
T_215    0.00    99.96
T_216    0.00    100.00
T_217    0.00    100.00
T_218    0.00    100.00
T_219    0.00    100.00
T_220    0.00    100.00
T_221    0.00    100.00
T_222    0.00    100.00
T_223    0.00    100.00
T_224    0.00    100.00
T_225    0.00    100.00
T_226    0.00    100.00
T_227    0.00    100.00
T_228    0.00    100.00
T_229    0.00    100.00
T_230    0.00    100.00
T_231    0.00    100.00
T_232    0.00    100.00
T_233    0.00    100.00
T_234    0.00    100.00
T_235    0.00    100.00
T_236    0.00    100.00
T_237    0.00    99.96
T_238    0.00    99.96
T_239    0.00    100.00
T_240    0.00    100.00
T_241    0.00    99.96
T_242    0.00    100.00
T_243    0.00    100.00
T_244    0.00    99.96
T_245    0.00    100.00
T_246    0.00    100.00
T_247    0.00    99.96
T_248    0.00    99.96
T_249    0.00    100.00
T_250    0.00    99.82
T_251    0.00    99.82
T_252    0.00    99.51
T_253    0.00    99.07
T_254    0.00    98.41
T_255    0.00    95.14
T_256    0.00    93.20
T_257    0.00    87.51
T_258    0.00    88.79
T_259    0.00    86.98
T_260    0.00    87.55
T_261    -39.75    88.30
T_262    0.00    90.73
T_263    0.00    93.29
T_264    0.00    96.73
T_265    0.00    98.68
T_266    0.00    98.94
T_267    0.00    99.96
T_268    0.00    99.87
T_269    0.00    99.82
T_270    0.00    99.96
T_271    0.00    99.91
T_272    0.00    99.96
T_273    0.00    99.96
T_274    0.00    99.91
T_275    0.00    100.00
T_276    0.00    99.96
T_277    0.00    100.00
T_278    0.00    100.00
T_279    0.00    99.96
T_280    0.00    100.00
T_281    0.00    100.00
T_282    0.00    100.00
T_283    0.00    100.00
T_284    0.00    100.00
T_285    0.00    100.00
T_286    0.00    100.00
T_287    0.00    100.00
T_288    0.00    100.00
T_289    0.00    100.00
T_290    0.00    100.00
T_291    0.00    100.00
T_292    0.00    100.00
T_293    0.00    100.00
T_294    0.00    100.00
T_295    0.00    100.00
T_296    0.00    100.00
T_297    0.00    100.00
T_298    0.00    100.00
T_299    0.00    100.00
T_300    0.00    100.00
