2019-11-22 17:32:56,328 : DEBUG : __main__ : *******************
2019-11-22 17:32:56,329 : DEBUG : __main__ : Episode 0/301
2019-11-22 17:33:35,134 : DEBUG : __main__ : ------------------------------------------
2019-11-22 17:33:35,135 : DEBUG : __main__ : Total Profit: $5124.50
2019-11-22 17:33:35,135 : DEBUG : __main__ : ------------------------------------------
2019-11-22 17:33:35,135 : DEBUG : __main__ : episodeDuration 38.80673
2019-11-22 17:33:35,135 : DEBUG : __main__ : trainingDuration 0:00:38.806738
2019-11-22 17:33:35,135 : DEBUG : __main__ : 
2019-11-22 17:33:35,135 : DEBUG : __main__ : *******************
2019-11-22 17:33:35,135 : DEBUG : __main__ : starting validation after episode 0
2019-11-22 17:33:39,178 : DEBUG : __main__ : ------------------------------------------
2019-11-22 17:33:39,178 : DEBUG : __main__ : Total Profit of Validation: $98.46
2019-11-22 17:33:39,179 : DEBUG : __main__ : ------------------------------------------
2019-11-22 17:33:39,179 : DEBUG : __main__ : *******************
2019-11-22 17:33:39,179 : DEBUG : __main__ : Episode 1/301
2019-11-22 17:34:16,226 : DEBUG : __main__ : ------------------------------------------
2019-11-22 17:34:16,226 : DEBUG : __main__ : Total Profit: $948.52
2019-11-22 17:34:16,226 : DEBUG : __main__ : ------------------------------------------
2019-11-22 17:34:16,226 : DEBUG : __main__ : episodeDuration 37.047071
2019-11-22 17:34:16,226 : DEBUG : __main__ : trainingDuration 0:01:19.898051
2019-11-22 17:34:16,227 : DEBUG : __main__ : 
2019-11-22 17:34:16,227 : DEBUG : __main__ : *******************
2019-11-22 17:34:16,227 : DEBUG : __main__ : Episode 2/301
2019-11-22 17:34:53,272 : DEBUG : __main__ : ------------------------------------------
2019-11-22 17:34:53,272 : DEBUG : __main__ : Total Profit: $2609.59
2019-11-22 17:34:53,274 : DEBUG : __main__ : ------------------------------------------
2019-11-22 17:34:53,274 : DEBUG : __main__ : episodeDuration 37.046804
2019-11-22 17:34:53,274 : DEBUG : __main__ : trainingDuration 0:01:56.945418
2019-11-22 17:34:53,274 : DEBUG : __main__ : 
2019-11-22 17:34:53,274 : DEBUG : __main__ : *******************
2019-11-22 17:34:53,276 : DEBUG : __main__ : Episode 3/301
2019-11-22 17:35:32,611 : DEBUG : __main__ : ------------------------------------------
2019-11-22 17:35:32,611 : DEBUG : __main__ : Total Profit: $19767.99
2019-11-22 17:35:32,611 : DEBUG : __main__ : ------------------------------------------
2019-11-22 17:35:32,612 : DEBUG : __main__ : episodeDuration 39.337178
2019-11-22 17:35:32,612 : DEBUG : __main__ : trainingDuration 0:02:36.283220
2019-11-22 17:35:32,612 : DEBUG : __main__ : 
2019-11-22 17:35:32,612 : DEBUG : __main__ : *******************
2019-11-22 17:35:32,612 : DEBUG : __main__ : Episode 4/301
2019-11-22 17:36:09,796 : DEBUG : __main__ : ------------------------------------------
2019-11-22 17:36:09,796 : DEBUG : __main__ : Total Profit: $81645.41
2019-11-22 17:36:09,797 : DEBUG : __main__ : ------------------------------------------
2019-11-22 17:36:09,797 : DEBUG : __main__ : episodeDuration 37.184835
2019-11-22 17:36:09,797 : DEBUG : __main__ : trainingDuration 0:03:13.468599
2019-11-22 17:36:09,797 : DEBUG : __main__ : 
2019-11-22 17:36:09,798 : DEBUG : __main__ : *******************
2019-11-22 17:36:09,798 : DEBUG : __main__ : Episode 5/301
2019-11-22 17:36:49,060 : DEBUG : __main__ : ------------------------------------------
2019-11-22 17:36:49,060 : DEBUG : __main__ : Total Profit: $151904.59
2019-11-22 17:36:49,060 : DEBUG : __main__ : ------------------------------------------
2019-11-22 17:36:49,061 : DEBUG : __main__ : episodeDuration 39.262973
2019-11-22 17:36:49,061 : DEBUG : __main__ : trainingDuration 0:03:52.732352
2019-11-22 17:36:49,061 : DEBUG : __main__ : 
2019-11-22 17:36:49,061 : DEBUG : __main__ : *******************
2019-11-22 17:36:49,061 : DEBUG : __main__ : Episode 6/301
2019-11-22 17:37:32,533 : DEBUG : __main__ : ------------------------------------------
2019-11-22 17:37:32,533 : DEBUG : __main__ : Total Profit: $166035.93
2019-11-22 17:37:32,533 : DEBUG : __main__ : ------------------------------------------
2019-11-22 17:37:32,533 : DEBUG : __main__ : episodeDuration 43.472226
2019-11-22 17:37:32,533 : DEBUG : __main__ : trainingDuration 0:04:36.205027
2019-11-22 17:37:32,533 : DEBUG : __main__ : 
2019-11-22 17:37:32,534 : DEBUG : __main__ : *******************
2019-11-22 17:37:32,534 : DEBUG : __main__ : Episode 7/301
2019-11-22 17:38:12,731 : DEBUG : __main__ : ------------------------------------------
2019-11-22 17:38:12,731 : DEBUG : __main__ : Total Profit: $149062.30
2019-11-22 17:38:12,732 : DEBUG : __main__ : ------------------------------------------
2019-11-22 17:38:12,732 : DEBUG : __main__ : episodeDuration 40.198131
2019-11-22 17:38:12,732 : DEBUG : __main__ : trainingDuration 0:05:16.403458
2019-11-22 17:38:12,732 : DEBUG : __main__ : 
2019-11-22 17:38:12,732 : DEBUG : __main__ : *******************
2019-11-22 17:38:12,732 : DEBUG : __main__ : Episode 8/301
2019-11-22 17:38:53,531 : DEBUG : __main__ : ------------------------------------------
2019-11-22 17:38:53,531 : DEBUG : __main__ : Total Profit: $105073.21
2019-11-22 17:38:53,531 : DEBUG : __main__ : ------------------------------------------
2019-11-22 17:38:53,531 : DEBUG : __main__ : episodeDuration 40.799153
2019-11-22 17:38:53,531 : DEBUG : __main__ : trainingDuration 0:05:57.203080
2019-11-22 17:38:53,532 : DEBUG : __main__ : 
2019-11-22 17:38:53,532 : DEBUG : __main__ : *******************
2019-11-22 17:38:53,532 : DEBUG : __main__ : Episode 9/301
2019-11-22 17:39:33,719 : DEBUG : __main__ : ------------------------------------------
2019-11-22 17:39:33,720 : DEBUG : __main__ : Total Profit: $68220.04
2019-11-22 17:39:33,720 : DEBUG : __main__ : ------------------------------------------
2019-11-22 17:39:33,720 : DEBUG : __main__ : episodeDuration 40.188103
2019-11-22 17:39:33,720 : DEBUG : __main__ : trainingDuration 0:06:37.391618
2019-11-22 17:39:33,720 : DEBUG : __main__ : 
2019-11-22 17:39:33,720 : DEBUG : __main__ : *******************
2019-11-22 17:39:33,721 : DEBUG : __main__ : Episode 10/301
2019-11-22 17:40:15,323 : DEBUG : __main__ : ------------------------------------------
2019-11-22 17:40:15,324 : DEBUG : __main__ : Total Profit: $52906.11
2019-11-22 17:40:15,324 : DEBUG : __main__ : ------------------------------------------
2019-11-22 17:40:15,324 : DEBUG : __main__ : episodeDuration 41.603547
2019-11-22 17:40:15,324 : DEBUG : __main__ : trainingDuration 0:07:18.995653
2019-11-22 17:40:15,324 : DEBUG : __main__ : 
2019-11-22 17:40:15,324 : DEBUG : __main__ : *******************
2019-11-22 17:40:15,324 : DEBUG : __main__ : starting validation after episode 10
2019-11-22 17:40:20,478 : DEBUG : __main__ : ------------------------------------------
2019-11-22 17:40:20,479 : DEBUG : __main__ : Total Profit of Validation: $0.00
2019-11-22 17:40:20,479 : DEBUG : __main__ : ------------------------------------------
2019-11-22 17:40:20,479 : DEBUG : __main__ : *******************
2019-11-22 17:40:20,479 : DEBUG : __main__ : Episode 11/301
2019-11-22 17:40:59,352 : DEBUG : __main__ : ------------------------------------------
2019-11-22 17:40:59,352 : DEBUG : __main__ : Total Profit: $15153.23
2019-11-22 17:40:59,352 : DEBUG : __main__ : ------------------------------------------
2019-11-22 17:40:59,352 : DEBUG : __main__ : episodeDuration 38.873395
2019-11-22 17:40:59,353 : DEBUG : __main__ : trainingDuration 0:08:03.024217
2019-11-22 17:40:59,353 : DEBUG : __main__ : 
2019-11-22 17:40:59,353 : DEBUG : __main__ : *******************
2019-11-22 17:40:59,353 : DEBUG : __main__ : Episode 12/301
2019-11-22 17:41:36,701 : DEBUG : __main__ : ------------------------------------------
2019-11-22 17:41:36,701 : DEBUG : __main__ : Total Profit: $13635.41
2019-11-22 17:41:36,701 : DEBUG : __main__ : ------------------------------------------
2019-11-22 17:41:36,701 : DEBUG : __main__ : episodeDuration 37.348061
2019-11-22 17:41:36,701 : DEBUG : __main__ : trainingDuration 0:08:40.372788
2019-11-22 17:41:36,701 : DEBUG : __main__ : 
2019-11-22 17:41:36,702 : DEBUG : __main__ : *******************
2019-11-22 17:41:36,702 : DEBUG : __main__ : Episode 13/301
2019-11-22 17:42:13,414 : DEBUG : __main__ : ------------------------------------------
2019-11-22 17:42:13,415 : DEBUG : __main__ : Total Profit: $9361.00
2019-11-22 17:42:13,415 : DEBUG : __main__ : ------------------------------------------
2019-11-22 17:42:13,415 : DEBUG : __main__ : episodeDuration 36.713179
2019-11-22 17:42:13,415 : DEBUG : __main__ : trainingDuration 0:09:17.086597
2019-11-22 17:42:13,415 : DEBUG : __main__ : 
2019-11-22 17:42:13,415 : DEBUG : __main__ : *******************
2019-11-22 17:42:13,415 : DEBUG : __main__ : Episode 14/301
2019-11-22 17:42:50,267 : DEBUG : __main__ : ------------------------------------------
2019-11-22 17:42:50,267 : DEBUG : __main__ : Total Profit: $23923.90
2019-11-22 17:42:50,267 : DEBUG : __main__ : ------------------------------------------
2019-11-22 17:42:50,267 : DEBUG : __main__ : episodeDuration 36.851733
2019-11-22 17:42:50,267 : DEBUG : __main__ : trainingDuration 0:09:53.938629
2019-11-22 17:42:50,267 : DEBUG : __main__ : 
2019-11-22 17:42:50,267 : DEBUG : __main__ : *******************
2019-11-22 17:42:50,267 : DEBUG : __main__ : Episode 15/301
2019-11-22 17:43:26,886 : DEBUG : __main__ : ------------------------------------------
2019-11-22 17:43:26,887 : DEBUG : __main__ : Total Profit: $19132.13
2019-11-22 17:43:26,887 : DEBUG : __main__ : ------------------------------------------
2019-11-22 17:43:26,887 : DEBUG : __main__ : episodeDuration 36.619597
2019-11-22 17:43:26,887 : DEBUG : __main__ : trainingDuration 0:10:30.558518
2019-11-22 17:43:26,887 : DEBUG : __main__ : 
2019-11-22 17:43:26,887 : DEBUG : __main__ : *******************
2019-11-22 17:43:26,887 : DEBUG : __main__ : Episode 16/301
2019-11-22 17:44:04,039 : DEBUG : __main__ : ------------------------------------------
2019-11-22 17:44:04,039 : DEBUG : __main__ : Total Profit: $16052.49
2019-11-22 17:44:04,039 : DEBUG : __main__ : ------------------------------------------
2019-11-22 17:44:04,039 : DEBUG : __main__ : episodeDuration 37.152134
2019-11-22 17:44:04,039 : DEBUG : __main__ : trainingDuration 0:11:07.710975
2019-11-22 17:44:04,039 : DEBUG : __main__ : 
2019-11-22 17:44:04,040 : DEBUG : __main__ : *******************
2019-11-22 17:44:04,040 : DEBUG : __main__ : Episode 17/301
2019-11-22 17:44:41,940 : DEBUG : __main__ : ------------------------------------------
2019-11-22 17:44:41,940 : DEBUG : __main__ : Total Profit: $25471.47
2019-11-22 17:44:41,940 : DEBUG : __main__ : ------------------------------------------
2019-11-22 17:44:41,940 : DEBUG : __main__ : episodeDuration 37.900642
2019-11-22 17:44:41,940 : DEBUG : __main__ : trainingDuration 0:11:45.612074
2019-11-22 17:44:41,941 : DEBUG : __main__ : 
2019-11-22 17:44:41,941 : DEBUG : __main__ : *******************
2019-11-22 17:44:41,941 : DEBUG : __main__ : Episode 18/301
2019-11-22 17:45:19,131 : DEBUG : __main__ : ------------------------------------------
2019-11-22 17:45:19,131 : DEBUG : __main__ : Total Profit: $32263.31
2019-11-22 17:45:19,132 : DEBUG : __main__ : ------------------------------------------
2019-11-22 17:45:19,132 : DEBUG : __main__ : episodeDuration 37.19101
2019-11-22 17:45:19,132 : DEBUG : __main__ : trainingDuration 0:12:22.803575
2019-11-22 17:45:19,132 : DEBUG : __main__ : 
2019-11-22 17:45:19,132 : DEBUG : __main__ : *******************
2019-11-22 17:45:19,132 : DEBUG : __main__ : Episode 19/301
2019-11-22 17:45:57,035 : DEBUG : __main__ : ------------------------------------------
2019-11-22 17:45:57,036 : DEBUG : __main__ : Total Profit: $20230.52
2019-11-22 17:45:57,036 : DEBUG : __main__ : ------------------------------------------
2019-11-22 17:45:57,036 : DEBUG : __main__ : episodeDuration 37.90368
2019-11-22 17:45:57,036 : DEBUG : __main__ : trainingDuration 0:13:00.707593
2019-11-22 17:45:57,036 : DEBUG : __main__ : 
2019-11-22 17:45:57,036 : DEBUG : __main__ : *******************
2019-11-22 17:45:57,036 : DEBUG : __main__ : Episode 20/301
2019-11-22 17:46:36,803 : DEBUG : __main__ : ------------------------------------------
2019-11-22 17:46:36,803 : DEBUG : __main__ : Total Profit: $14839.85
2019-11-22 17:46:36,804 : DEBUG : __main__ : ------------------------------------------
2019-11-22 17:46:36,804 : DEBUG : __main__ : episodeDuration 39.767396
2019-11-22 17:46:36,804 : DEBUG : __main__ : trainingDuration 0:13:40.475435
2019-11-22 17:46:36,804 : DEBUG : __main__ : 
2019-11-22 17:46:36,804 : DEBUG : __main__ : *******************
2019-11-22 17:46:36,804 : DEBUG : __main__ : starting validation after episode 20
2019-11-22 17:46:40,855 : DEBUG : __main__ : ------------------------------------------
2019-11-22 17:46:40,856 : DEBUG : __main__ : Total Profit of Validation: $0.00
2019-11-22 17:46:40,856 : DEBUG : __main__ : ------------------------------------------
2019-11-22 17:46:40,856 : DEBUG : __main__ : *******************
2019-11-22 17:46:40,856 : DEBUG : __main__ : Episode 21/301
2019-11-22 17:47:18,792 : DEBUG : __main__ : ------------------------------------------
2019-11-22 17:47:18,792 : DEBUG : __main__ : Total Profit: $26325.94
2019-11-22 17:47:18,792 : DEBUG : __main__ : ------------------------------------------
2019-11-22 17:47:18,792 : DEBUG : __main__ : episodeDuration 37.935975
2019-11-22 17:47:18,792 : DEBUG : __main__ : trainingDuration 0:14:22.463949
2019-11-22 17:47:18,792 : DEBUG : __main__ : 
2019-11-22 17:47:18,793 : DEBUG : __main__ : *******************
2019-11-22 17:47:18,793 : DEBUG : __main__ : Episode 22/301
2019-11-22 17:47:56,540 : DEBUG : __main__ : ------------------------------------------
2019-11-22 17:47:56,540 : DEBUG : __main__ : Total Profit: $32882.82
2019-11-22 17:47:56,540 : DEBUG : __main__ : ------------------------------------------
2019-11-22 17:47:56,540 : DEBUG : __main__ : episodeDuration 37.747572
2019-11-22 17:47:56,540 : DEBUG : __main__ : trainingDuration 0:15:00.212073
2019-11-22 17:47:56,541 : DEBUG : __main__ : 
2019-11-22 17:47:56,541 : DEBUG : __main__ : *******************
2019-11-22 17:47:56,541 : DEBUG : __main__ : Episode 23/301
2019-11-22 17:48:38,457 : DEBUG : __main__ : ------------------------------------------
2019-11-22 17:48:38,458 : DEBUG : __main__ : Total Profit: $5108.87
2019-11-22 17:48:38,458 : DEBUG : __main__ : ------------------------------------------
2019-11-22 17:48:38,458 : DEBUG : __main__ : episodeDuration 41.916923
2019-11-22 17:48:38,458 : DEBUG : __main__ : trainingDuration 0:15:42.129492
2019-11-22 17:48:38,458 : DEBUG : __main__ : 
2019-11-22 17:48:38,458 : DEBUG : __main__ : *******************
2019-11-22 17:48:38,458 : DEBUG : __main__ : Episode 24/301
2019-11-22 17:49:17,529 : DEBUG : __main__ : ------------------------------------------
2019-11-22 17:49:17,529 : DEBUG : __main__ : Total Profit: $18224.65
2019-11-22 17:49:17,531 : DEBUG : __main__ : ------------------------------------------
2019-11-22 17:49:17,531 : DEBUG : __main__ : episodeDuration 39.072467
2019-11-22 17:49:17,531 : DEBUG : __main__ : trainingDuration 0:16:21.202496
2019-11-22 17:49:17,531 : DEBUG : __main__ : 
2019-11-22 17:49:17,531 : DEBUG : __main__ : *******************
2019-11-22 17:49:17,531 : DEBUG : __main__ : Episode 25/301
2019-11-22 17:49:57,306 : DEBUG : __main__ : ------------------------------------------
2019-11-22 17:49:57,306 : DEBUG : __main__ : Total Profit: $15466.23
2019-11-22 17:49:57,306 : DEBUG : __main__ : ------------------------------------------
2019-11-22 17:49:57,306 : DEBUG : __main__ : episodeDuration 39.77516
2019-11-22 17:49:57,306 : DEBUG : __main__ : trainingDuration 0:17:00.977993
2019-11-22 17:49:57,307 : DEBUG : __main__ : 
2019-11-22 17:49:57,307 : DEBUG : __main__ : *******************
2019-11-22 17:49:57,307 : DEBUG : __main__ : Episode 26/301
2019-11-22 17:50:40,110 : DEBUG : __main__ : ------------------------------------------
2019-11-22 17:50:40,110 : DEBUG : __main__ : Total Profit: $13544.08
2019-11-22 17:50:40,110 : DEBUG : __main__ : ------------------------------------------
2019-11-22 17:50:40,110 : DEBUG : __main__ : episodeDuration 42.803324
2019-11-22 17:50:40,110 : DEBUG : __main__ : trainingDuration 0:17:43.781840
2019-11-22 17:50:40,110 : DEBUG : __main__ : 
2019-11-22 17:50:40,110 : DEBUG : __main__ : *******************
2019-11-22 17:50:40,111 : DEBUG : __main__ : Episode 27/301
2019-11-22 17:51:20,773 : DEBUG : __main__ : ------------------------------------------
2019-11-22 17:51:20,774 : DEBUG : __main__ : Total Profit: $14077.53
2019-11-22 17:51:20,774 : DEBUG : __main__ : ------------------------------------------
2019-11-22 17:51:20,774 : DEBUG : __main__ : episodeDuration 40.663826
2019-11-22 17:51:20,775 : DEBUG : __main__ : trainingDuration 0:18:24.446015
2019-11-22 17:51:20,775 : DEBUG : __main__ : 
2019-11-22 17:51:20,776 : DEBUG : __main__ : *******************
2019-11-22 17:51:20,776 : DEBUG : __main__ : Episode 28/301
2019-11-22 17:52:05,605 : DEBUG : __main__ : ------------------------------------------
2019-11-22 17:52:05,605 : DEBUG : __main__ : Total Profit: $20756.60
2019-11-22 17:52:05,606 : DEBUG : __main__ : ------------------------------------------
2019-11-22 17:52:05,606 : DEBUG : __main__ : episodeDuration 44.829961
2019-11-22 17:52:05,606 : DEBUG : __main__ : trainingDuration 0:19:09.277463
2019-11-22 17:52:05,606 : DEBUG : __main__ : 
2019-11-22 17:52:05,606 : DEBUG : __main__ : *******************
2019-11-22 17:52:05,607 : DEBUG : __main__ : Episode 29/301
2019-11-22 17:52:49,510 : DEBUG : __main__ : ------------------------------------------
2019-11-22 17:52:49,510 : DEBUG : __main__ : Total Profit: $13675.65
2019-11-22 17:52:49,510 : DEBUG : __main__ : ------------------------------------------
2019-11-22 17:52:49,510 : DEBUG : __main__ : episodeDuration 43.904035
2019-11-22 17:52:49,511 : DEBUG : __main__ : trainingDuration 0:19:53.182129
2019-11-22 17:52:49,511 : DEBUG : __main__ : 
2019-11-22 17:52:49,511 : DEBUG : __main__ : *******************
2019-11-22 17:52:49,511 : DEBUG : __main__ : Episode 30/301
2019-11-22 17:53:31,114 : DEBUG : __main__ : ------------------------------------------
2019-11-22 17:53:31,115 : DEBUG : __main__ : Total Profit: $9057.22
2019-11-22 17:53:31,115 : DEBUG : __main__ : ------------------------------------------
2019-11-22 17:53:31,115 : DEBUG : __main__ : episodeDuration 41.603945
2019-11-22 17:53:31,115 : DEBUG : __main__ : trainingDuration 0:20:34.786545
2019-11-22 17:53:31,115 : DEBUG : __main__ : 
2019-11-22 17:53:31,115 : DEBUG : __main__ : *******************
2019-11-22 17:53:31,115 : DEBUG : __main__ : starting validation after episode 30
2019-11-22 17:53:35,188 : DEBUG : __main__ : ------------------------------------------
2019-11-22 17:53:35,189 : DEBUG : __main__ : Total Profit of Validation: $0.00
2019-11-22 17:53:35,189 : DEBUG : __main__ : ------------------------------------------
2019-11-22 17:53:35,189 : DEBUG : __main__ : *******************
2019-11-22 17:53:35,189 : DEBUG : __main__ : Episode 31/301
2019-11-22 17:54:14,933 : DEBUG : __main__ : ------------------------------------------
2019-11-22 17:54:14,933 : DEBUG : __main__ : Total Profit: $12760.47
2019-11-22 17:54:14,933 : DEBUG : __main__ : ------------------------------------------
2019-11-22 17:54:14,933 : DEBUG : __main__ : episodeDuration 39.744184
2019-11-22 17:54:14,934 : DEBUG : __main__ : trainingDuration 0:21:18.605107
2019-11-22 17:54:14,934 : DEBUG : __main__ : 
2019-11-22 17:54:14,934 : DEBUG : __main__ : *******************
2019-11-22 17:54:14,934 : DEBUG : __main__ : Episode 32/301
2019-11-22 17:54:54,155 : DEBUG : __main__ : ------------------------------------------
2019-11-22 17:54:54,155 : DEBUG : __main__ : Total Profit: $10392.72
2019-11-22 17:54:54,156 : DEBUG : __main__ : ------------------------------------------
2019-11-22 17:54:54,156 : DEBUG : __main__ : episodeDuration 39.221719
2019-11-22 17:54:54,156 : DEBUG : __main__ : trainingDuration 0:21:57.827382
2019-11-22 17:54:54,156 : DEBUG : __main__ : 
2019-11-22 17:54:54,156 : DEBUG : __main__ : *******************
2019-11-22 17:54:54,156 : DEBUG : __main__ : Episode 33/301
2019-11-22 17:55:32,649 : DEBUG : __main__ : ------------------------------------------
2019-11-22 17:55:32,649 : DEBUG : __main__ : Total Profit: $11705.16
2019-11-22 17:55:32,650 : DEBUG : __main__ : ------------------------------------------
2019-11-22 17:55:32,650 : DEBUG : __main__ : episodeDuration 38.49373
2019-11-22 17:55:32,650 : DEBUG : __main__ : trainingDuration 0:22:36.321447
2019-11-22 17:55:32,650 : DEBUG : __main__ : 
2019-11-22 17:55:32,650 : DEBUG : __main__ : *******************
2019-11-22 17:55:32,650 : DEBUG : __main__ : Episode 34/301
2019-11-22 17:56:10,805 : DEBUG : __main__ : ------------------------------------------
2019-11-22 17:56:10,805 : DEBUG : __main__ : Total Profit: $17597.24
2019-11-22 17:56:10,806 : DEBUG : __main__ : ------------------------------------------
2019-11-22 17:56:10,806 : DEBUG : __main__ : episodeDuration 38.155626
2019-11-22 17:56:10,806 : DEBUG : __main__ : trainingDuration 0:23:14.477546
2019-11-22 17:56:10,806 : DEBUG : __main__ : 
2019-11-22 17:56:10,806 : DEBUG : __main__ : *******************
2019-11-22 17:56:10,807 : DEBUG : __main__ : Episode 35/301
2019-11-22 17:56:54,853 : DEBUG : __main__ : ------------------------------------------
2019-11-22 17:56:54,853 : DEBUG : __main__ : Total Profit: $17236.18
2019-11-22 17:56:54,853 : DEBUG : __main__ : ------------------------------------------
2019-11-22 17:56:54,853 : DEBUG : __main__ : episodeDuration 44.047081
2019-11-22 17:56:54,854 : DEBUG : __main__ : trainingDuration 0:23:58.525181
2019-11-22 17:56:54,854 : DEBUG : __main__ : 
2019-11-22 17:56:54,854 : DEBUG : __main__ : *******************
2019-11-22 17:56:54,854 : DEBUG : __main__ : Episode 36/301
2019-11-22 17:57:32,509 : DEBUG : __main__ : ------------------------------------------
2019-11-22 17:57:32,509 : DEBUG : __main__ : Total Profit: $62170.60
2019-11-22 17:57:32,510 : DEBUG : __main__ : ------------------------------------------
2019-11-22 17:57:32,510 : DEBUG : __main__ : episodeDuration 37.655707
2019-11-22 17:57:32,510 : DEBUG : __main__ : trainingDuration 0:24:36.181487
2019-11-22 17:57:32,510 : DEBUG : __main__ : 
2019-11-22 17:57:32,510 : DEBUG : __main__ : *******************
2019-11-22 17:57:32,510 : DEBUG : __main__ : Episode 37/301
2019-11-22 17:58:09,505 : DEBUG : __main__ : ------------------------------------------
2019-11-22 17:58:09,506 : DEBUG : __main__ : Total Profit: $149000.58
2019-11-22 17:58:09,506 : DEBUG : __main__ : ------------------------------------------
2019-11-22 17:58:09,506 : DEBUG : __main__ : episodeDuration 36.99555
2019-11-22 17:58:09,506 : DEBUG : __main__ : trainingDuration 0:25:13.177601
2019-11-22 17:58:09,506 : DEBUG : __main__ : 
2019-11-22 17:58:09,506 : DEBUG : __main__ : *******************
2019-11-22 17:58:09,507 : DEBUG : __main__ : Episode 38/301
2019-11-22 17:58:52,741 : DEBUG : __main__ : ------------------------------------------
2019-11-22 17:58:52,741 : DEBUG : __main__ : Total Profit: $232958.19
2019-11-22 17:58:52,741 : DEBUG : __main__ : ------------------------------------------
2019-11-22 17:58:52,741 : DEBUG : __main__ : episodeDuration 43.235038
2019-11-22 17:58:52,742 : DEBUG : __main__ : trainingDuration 0:25:56.413153
2019-11-22 17:58:52,742 : DEBUG : __main__ : 
2019-11-22 17:58:52,742 : DEBUG : __main__ : *******************
2019-11-22 17:58:52,742 : DEBUG : __main__ : Episode 39/301
2019-11-22 17:59:36,094 : DEBUG : __main__ : ------------------------------------------
2019-11-22 17:59:36,094 : DEBUG : __main__ : Total Profit: $278585.27
2019-11-22 17:59:36,094 : DEBUG : __main__ : ------------------------------------------
2019-11-22 17:59:36,094 : DEBUG : __main__ : episodeDuration 43.352258
2019-11-22 17:59:36,094 : DEBUG : __main__ : trainingDuration 0:26:39.766050
2019-11-22 17:59:36,095 : DEBUG : __main__ : 
2019-11-22 17:59:36,095 : DEBUG : __main__ : *******************
2019-11-22 17:59:36,095 : DEBUG : __main__ : Episode 40/301
2019-11-22 18:00:20,373 : DEBUG : __main__ : ------------------------------------------
2019-11-22 18:00:20,374 : DEBUG : __main__ : Total Profit: $187439.97
2019-11-22 18:00:20,374 : DEBUG : __main__ : ------------------------------------------
2019-11-22 18:00:20,374 : DEBUG : __main__ : episodeDuration 44.279137
2019-11-22 18:00:20,374 : DEBUG : __main__ : trainingDuration 0:27:24.045695
2019-11-22 18:00:20,374 : DEBUG : __main__ : 
2019-11-22 18:00:20,374 : DEBUG : __main__ : *******************
2019-11-22 18:00:20,374 : DEBUG : __main__ : starting validation after episode 40
2019-11-22 18:00:24,255 : DEBUG : __main__ : ------------------------------------------
2019-11-22 18:00:24,255 : DEBUG : __main__ : Total Profit of Validation: $1046.67
2019-11-22 18:00:24,255 : DEBUG : __main__ : ------------------------------------------
2019-11-22 18:00:24,256 : DEBUG : __main__ : *******************
2019-11-22 18:00:24,256 : DEBUG : __main__ : Episode 41/301
2019-11-22 18:01:07,283 : DEBUG : __main__ : ------------------------------------------
2019-11-22 18:01:07,283 : DEBUG : __main__ : Total Profit: $2743.14
2019-11-22 18:01:07,283 : DEBUG : __main__ : ------------------------------------------
2019-11-22 18:01:07,283 : DEBUG : __main__ : episodeDuration 43.02732
2019-11-22 18:01:07,283 : DEBUG : __main__ : trainingDuration 0:28:10.955050
2019-11-22 18:01:07,284 : DEBUG : __main__ : 
2019-11-22 18:01:07,284 : DEBUG : __main__ : *******************
2019-11-22 18:01:07,284 : DEBUG : __main__ : Episode 42/301
2019-11-22 18:01:46,903 : DEBUG : __main__ : ------------------------------------------
2019-11-22 18:01:46,903 : DEBUG : __main__ : Total Profit: $81.15
2019-11-22 18:01:46,904 : DEBUG : __main__ : ------------------------------------------
2019-11-22 18:01:46,904 : DEBUG : __main__ : episodeDuration 39.619823
2019-11-22 18:01:46,904 : DEBUG : __main__ : trainingDuration 0:28:50.575441
2019-11-22 18:01:46,904 : DEBUG : __main__ : 
2019-11-22 18:01:46,904 : DEBUG : __main__ : *******************
2019-11-22 18:01:46,904 : DEBUG : __main__ : Episode 43/301
2019-11-22 18:02:24,921 : DEBUG : __main__ : ------------------------------------------
2019-11-22 18:02:24,921 : DEBUG : __main__ : Total Profit: -$709.61
2019-11-22 18:02:24,922 : DEBUG : __main__ : ------------------------------------------
2019-11-22 18:02:24,922 : DEBUG : __main__ : episodeDuration 38.018065
2019-11-22 18:02:24,922 : DEBUG : __main__ : trainingDuration 0:29:28.593847
2019-11-22 18:02:24,922 : DEBUG : __main__ : 
2019-11-22 18:02:24,923 : DEBUG : __main__ : *******************
2019-11-22 18:02:24,923 : DEBUG : __main__ : Episode 44/301
2019-11-22 18:03:02,647 : DEBUG : __main__ : ------------------------------------------
2019-11-22 18:03:02,647 : DEBUG : __main__ : Total Profit: -$425.23
2019-11-22 18:03:02,647 : DEBUG : __main__ : ------------------------------------------
2019-11-22 18:03:02,647 : DEBUG : __main__ : episodeDuration 37.724482
2019-11-22 18:03:02,647 : DEBUG : __main__ : trainingDuration 0:30:06.318853
2019-11-22 18:03:02,647 : DEBUG : __main__ : 
2019-11-22 18:03:02,647 : DEBUG : __main__ : *******************
2019-11-22 18:03:02,648 : DEBUG : __main__ : Episode 45/301
2019-11-22 18:03:44,203 : DEBUG : __main__ : ------------------------------------------
2019-11-22 18:03:44,204 : DEBUG : __main__ : Total Profit: $394.04
2019-11-22 18:03:44,204 : DEBUG : __main__ : ------------------------------------------
2019-11-22 18:03:44,204 : DEBUG : __main__ : episodeDuration 41.556721
2019-11-22 18:03:44,204 : DEBUG : __main__ : trainingDuration 0:30:47.875903
2019-11-22 18:03:44,205 : DEBUG : __main__ : 
2019-11-22 18:03:44,205 : DEBUG : __main__ : *******************
2019-11-22 18:03:44,205 : DEBUG : __main__ : Episode 46/301
2019-11-22 18:04:28,033 : DEBUG : __main__ : ------------------------------------------
2019-11-22 18:04:28,033 : DEBUG : __main__ : Total Profit: $213.33
2019-11-22 18:04:28,034 : DEBUG : __main__ : ------------------------------------------
2019-11-22 18:04:28,034 : DEBUG : __main__ : episodeDuration 43.828804
2019-11-22 18:04:28,034 : DEBUG : __main__ : trainingDuration 0:31:31.705451
2019-11-22 18:04:28,034 : DEBUG : __main__ : 
2019-11-22 18:04:28,034 : DEBUG : __main__ : *******************
2019-11-22 18:04:28,035 : DEBUG : __main__ : Episode 47/301
2019-11-22 18:05:06,389 : DEBUG : __main__ : ------------------------------------------
2019-11-22 18:05:06,389 : DEBUG : __main__ : Total Profit: -$286.06
2019-11-22 18:05:06,390 : DEBUG : __main__ : ------------------------------------------
2019-11-22 18:05:06,390 : DEBUG : __main__ : episodeDuration 38.355352
2019-11-22 18:05:06,390 : DEBUG : __main__ : trainingDuration 0:32:10.061478
2019-11-22 18:05:06,390 : DEBUG : __main__ : 
2019-11-22 18:05:06,390 : DEBUG : __main__ : *******************
2019-11-22 18:05:06,390 : DEBUG : __main__ : Episode 48/301
2019-11-22 18:05:46,712 : DEBUG : __main__ : ------------------------------------------
2019-11-22 18:05:46,712 : DEBUG : __main__ : Total Profit: $182.64
2019-11-22 18:05:46,713 : DEBUG : __main__ : ------------------------------------------
2019-11-22 18:05:46,713 : DEBUG : __main__ : episodeDuration 40.322658
2019-11-22 18:05:46,713 : DEBUG : __main__ : trainingDuration 0:32:50.384475
2019-11-22 18:05:46,713 : DEBUG : __main__ : 
2019-11-22 18:05:46,713 : DEBUG : __main__ : *******************
2019-11-22 18:05:46,713 : DEBUG : __main__ : Episode 49/301
2019-11-22 18:06:25,350 : DEBUG : __main__ : ------------------------------------------
2019-11-22 18:06:25,351 : DEBUG : __main__ : Total Profit: -$57.71
2019-11-22 18:06:25,351 : DEBUG : __main__ : ------------------------------------------
2019-11-22 18:06:25,351 : DEBUG : __main__ : episodeDuration 38.638027
2019-11-22 18:06:25,351 : DEBUG : __main__ : trainingDuration 0:33:29.022871
2019-11-22 18:06:25,351 : DEBUG : __main__ : 
2019-11-22 18:06:25,352 : DEBUG : __main__ : *******************
2019-11-22 18:06:25,352 : DEBUG : __main__ : Episode 50/301
2019-11-22 18:07:04,226 : DEBUG : __main__ : ------------------------------------------
2019-11-22 18:07:04,226 : DEBUG : __main__ : Total Profit: $428.88
2019-11-22 18:07:04,226 : DEBUG : __main__ : ------------------------------------------
2019-11-22 18:07:04,226 : DEBUG : __main__ : episodeDuration 38.874465
2019-11-22 18:07:04,226 : DEBUG : __main__ : trainingDuration 0:34:07.897960
2019-11-22 18:07:04,226 : DEBUG : __main__ : 
2019-11-22 18:07:04,227 : DEBUG : __main__ : *******************
2019-11-22 18:07:04,227 : DEBUG : __main__ : starting validation after episode 50
2019-11-22 18:07:08,183 : DEBUG : __main__ : ------------------------------------------
2019-11-22 18:07:08,184 : DEBUG : __main__ : Total Profit of Validation: $0.00
2019-11-22 18:07:08,184 : DEBUG : __main__ : ------------------------------------------
2019-11-22 18:07:08,184 : DEBUG : __main__ : *******************
2019-11-22 18:07:08,184 : DEBUG : __main__ : Episode 51/301
2019-11-22 18:07:49,445 : DEBUG : __main__ : ------------------------------------------
2019-11-22 18:07:49,445 : DEBUG : __main__ : Total Profit: $210.44
2019-11-22 18:07:49,445 : DEBUG : __main__ : ------------------------------------------
2019-11-22 18:07:49,446 : DEBUG : __main__ : episodeDuration 41.261446
2019-11-22 18:07:49,446 : DEBUG : __main__ : trainingDuration 0:34:53.117232
2019-11-22 18:07:49,446 : DEBUG : __main__ : 
2019-11-22 18:07:49,446 : DEBUG : __main__ : *******************
2019-11-22 18:07:49,446 : DEBUG : __main__ : Episode 52/301
2019-11-22 18:08:36,941 : DEBUG : __main__ : ------------------------------------------
2019-11-22 18:08:36,941 : DEBUG : __main__ : Total Profit: $8.87
2019-11-22 18:08:36,941 : DEBUG : __main__ : ------------------------------------------
2019-11-22 18:08:36,942 : DEBUG : __main__ : episodeDuration 47.495677
2019-11-22 18:08:36,942 : DEBUG : __main__ : trainingDuration 0:35:40.613262
2019-11-22 18:08:36,942 : DEBUG : __main__ : 
2019-11-22 18:08:36,942 : DEBUG : __main__ : *******************
2019-11-22 18:08:36,942 : DEBUG : __main__ : Episode 53/301
2019-11-22 18:09:36,104 : DEBUG : __main__ : ------------------------------------------
2019-11-22 18:09:36,104 : DEBUG : __main__ : Total Profit: $580.15
2019-11-22 18:09:36,104 : DEBUG : __main__ : ------------------------------------------
2019-11-22 18:09:36,104 : DEBUG : __main__ : episodeDuration 59.162132
2019-11-22 18:09:36,104 : DEBUG : __main__ : trainingDuration 0:36:39.775932
2019-11-22 18:09:36,104 : DEBUG : __main__ : 
2019-11-22 18:09:36,105 : DEBUG : __main__ : *******************
2019-11-22 18:09:36,105 : DEBUG : __main__ : Episode 54/301
2019-11-22 18:10:34,214 : DEBUG : __main__ : ------------------------------------------
2019-11-22 18:10:34,215 : DEBUG : __main__ : Total Profit: $58.32
2019-11-22 18:10:34,215 : DEBUG : __main__ : ------------------------------------------
2019-11-22 18:10:34,215 : DEBUG : __main__ : episodeDuration 58.110517
2019-11-22 18:10:34,215 : DEBUG : __main__ : trainingDuration 0:37:37.886837
2019-11-22 18:10:34,215 : DEBUG : __main__ : 
2019-11-22 18:10:34,215 : DEBUG : __main__ : *******************
2019-11-22 18:10:34,216 : DEBUG : __main__ : Episode 55/301
2019-11-22 18:11:45,315 : DEBUG : __main__ : ------------------------------------------
2019-11-22 18:11:45,315 : DEBUG : __main__ : Total Profit: -$156.44
2019-11-22 18:11:45,315 : DEBUG : __main__ : ------------------------------------------
2019-11-22 18:11:45,315 : DEBUG : __main__ : episodeDuration 71.099769
2019-11-22 18:11:45,315 : DEBUG : __main__ : trainingDuration 0:38:48.986957
2019-11-22 18:11:45,315 : DEBUG : __main__ : 
2019-11-22 18:11:45,316 : DEBUG : __main__ : *******************
2019-11-22 18:11:45,316 : DEBUG : __main__ : Episode 56/301
2019-11-22 18:12:49,046 : DEBUG : __main__ : ------------------------------------------
2019-11-22 18:12:49,046 : DEBUG : __main__ : Total Profit: -$31.75
2019-11-22 18:12:49,046 : DEBUG : __main__ : ------------------------------------------
2019-11-22 18:12:49,046 : DEBUG : __main__ : episodeDuration 63.730795
2019-11-22 18:12:49,047 : DEBUG : __main__ : trainingDuration 0:39:52.718154
2019-11-22 18:12:49,047 : DEBUG : __main__ : 
2019-11-22 18:12:49,047 : DEBUG : __main__ : *******************
2019-11-22 18:12:49,047 : DEBUG : __main__ : Episode 57/301
2019-11-22 18:13:51,473 : DEBUG : __main__ : ------------------------------------------
2019-11-22 18:13:51,473 : DEBUG : __main__ : Total Profit: $99.08
2019-11-22 18:13:51,473 : DEBUG : __main__ : ------------------------------------------
2019-11-22 18:13:51,473 : DEBUG : __main__ : episodeDuration 62.426284
2019-11-22 18:13:51,473 : DEBUG : __main__ : trainingDuration 0:40:55.144930
2019-11-22 18:13:51,475 : DEBUG : __main__ : 
2019-11-22 18:13:51,476 : DEBUG : __main__ : *******************
2019-11-22 18:13:51,476 : DEBUG : __main__ : Episode 58/301
2019-11-22 18:14:52,566 : DEBUG : __main__ : ------------------------------------------
2019-11-22 18:14:52,566 : DEBUG : __main__ : Total Profit: -$55.48
2019-11-22 18:14:52,566 : DEBUG : __main__ : ------------------------------------------
2019-11-22 18:14:52,566 : DEBUG : __main__ : episodeDuration 61.0906
2019-11-22 18:14:52,568 : DEBUG : __main__ : trainingDuration 0:41:56.238099
2019-11-22 18:14:52,568 : DEBUG : __main__ : 
2019-11-22 18:14:52,568 : DEBUG : __main__ : *******************
2019-11-22 18:14:52,568 : DEBUG : __main__ : Episode 59/301
2019-11-22 18:15:50,223 : DEBUG : __main__ : ------------------------------------------
2019-11-22 18:15:50,223 : DEBUG : __main__ : Total Profit: -$8.46
2019-11-22 18:15:50,223 : DEBUG : __main__ : ------------------------------------------
2019-11-22 18:15:50,223 : DEBUG : __main__ : episodeDuration 57.655451
2019-11-22 18:15:50,223 : DEBUG : __main__ : trainingDuration 0:42:53.895093
2019-11-22 18:15:50,224 : DEBUG : __main__ : 
2019-11-22 18:15:50,224 : DEBUG : __main__ : *******************
2019-11-22 18:15:50,224 : DEBUG : __main__ : Episode 60/301
2019-11-22 18:16:55,944 : DEBUG : __main__ : ------------------------------------------
2019-11-22 18:16:55,944 : DEBUG : __main__ : Total Profit: -$71.50
2019-11-22 18:16:55,944 : DEBUG : __main__ : ------------------------------------------
2019-11-22 18:16:55,945 : DEBUG : __main__ : episodeDuration 65.720817
2019-11-22 18:16:55,945 : DEBUG : __main__ : trainingDuration 0:43:59.616360
2019-11-22 18:16:55,945 : DEBUG : __main__ : 
2019-11-22 18:16:55,945 : DEBUG : __main__ : *******************
2019-11-22 18:16:55,945 : DEBUG : __main__ : starting validation after episode 60
2019-11-22 18:17:02,314 : DEBUG : __main__ : ------------------------------------------
2019-11-22 18:17:02,314 : DEBUG : __main__ : Total Profit of Validation: $0.00
2019-11-22 18:17:02,314 : DEBUG : __main__ : ------------------------------------------
2019-11-22 18:17:02,315 : DEBUG : __main__ : *******************
2019-11-22 18:17:02,315 : DEBUG : __main__ : Episode 61/301
2019-11-22 18:18:00,338 : DEBUG : __main__ : ------------------------------------------
2019-11-22 18:18:00,338 : DEBUG : __main__ : Total Profit: $31.40
2019-11-22 18:18:00,338 : DEBUG : __main__ : ------------------------------------------
2019-11-22 18:18:00,338 : DEBUG : __main__ : episodeDuration 58.023717
2019-11-22 18:18:00,339 : DEBUG : __main__ : trainingDuration 0:45:04.010151
2019-11-22 18:18:00,339 : DEBUG : __main__ : 
2019-11-22 18:18:00,339 : DEBUG : __main__ : *******************
2019-11-22 18:18:00,339 : DEBUG : __main__ : Episode 62/301
2019-11-22 18:18:56,935 : DEBUG : __main__ : ------------------------------------------
2019-11-22 18:18:56,935 : DEBUG : __main__ : Total Profit: -$54.63
2019-11-22 18:18:56,935 : DEBUG : __main__ : ------------------------------------------
2019-11-22 18:18:56,935 : DEBUG : __main__ : episodeDuration 56.59608
2019-11-22 18:18:56,935 : DEBUG : __main__ : trainingDuration 0:46:00.606786
2019-11-22 18:18:56,935 : DEBUG : __main__ : 
2019-11-22 18:18:56,935 : DEBUG : __main__ : *******************
2019-11-22 18:18:56,936 : DEBUG : __main__ : Episode 63/301
2019-11-22 18:20:09,582 : DEBUG : __main__ : ------------------------------------------
2019-11-22 18:20:09,584 : DEBUG : __main__ : Total Profit: -$84.32
2019-11-22 18:20:09,585 : DEBUG : __main__ : ------------------------------------------
2019-11-22 18:20:09,585 : DEBUG : __main__ : episodeDuration 72.649471
2019-11-22 18:20:09,585 : DEBUG : __main__ : trainingDuration 0:47:13.256633
2019-11-22 18:20:09,585 : DEBUG : __main__ : 
2019-11-22 18:20:09,585 : DEBUG : __main__ : *******************
2019-11-22 18:20:09,588 : DEBUG : __main__ : Episode 64/301
2019-11-22 18:21:22,535 : DEBUG : __main__ : ------------------------------------------
2019-11-22 18:21:22,535 : DEBUG : __main__ : Total Profit: $19.16
2019-11-22 18:21:22,535 : DEBUG : __main__ : ------------------------------------------
2019-11-22 18:21:22,535 : DEBUG : __main__ : episodeDuration 72.949936
2019-11-22 18:21:22,536 : DEBUG : __main__ : trainingDuration 0:48:26.207077
2019-11-22 18:21:22,536 : DEBUG : __main__ : 
2019-11-22 18:21:22,536 : DEBUG : __main__ : *******************
2019-11-22 18:21:22,536 : DEBUG : __main__ : Episode 65/301
2019-11-22 18:22:11,283 : DEBUG : __main__ : ------------------------------------------
2019-11-22 18:22:11,283 : DEBUG : __main__ : Total Profit: -$5.86
2019-11-22 18:22:11,283 : DEBUG : __main__ : ------------------------------------------
2019-11-22 18:22:11,284 : DEBUG : __main__ : episodeDuration 48.747678
2019-11-22 18:22:11,284 : DEBUG : __main__ : trainingDuration 0:49:14.955325
2019-11-22 18:22:11,284 : DEBUG : __main__ : 
2019-11-22 18:22:11,284 : DEBUG : __main__ : *******************
2019-11-22 18:22:11,284 : DEBUG : __main__ : Episode 66/301
2019-11-22 18:22:49,480 : DEBUG : __main__ : ------------------------------------------
2019-11-22 18:22:49,480 : DEBUG : __main__ : Total Profit: $2.97
2019-11-22 18:22:49,480 : DEBUG : __main__ : ------------------------------------------
2019-11-22 18:22:49,480 : DEBUG : __main__ : episodeDuration 38.195926
2019-11-22 18:22:49,480 : DEBUG : __main__ : trainingDuration 0:49:53.151735
2019-11-22 18:22:49,480 : DEBUG : __main__ : 
2019-11-22 18:22:49,480 : DEBUG : __main__ : *******************
2019-11-22 18:22:49,481 : DEBUG : __main__ : Episode 67/301
2019-11-22 18:23:28,541 : DEBUG : __main__ : ------------------------------------------
2019-11-22 18:23:28,541 : DEBUG : __main__ : Total Profit: -$43.80
2019-11-22 18:23:28,541 : DEBUG : __main__ : ------------------------------------------
2019-11-22 18:23:28,541 : DEBUG : __main__ : episodeDuration 39.060747
2019-11-22 18:23:28,541 : DEBUG : __main__ : trainingDuration 0:50:32.212973
2019-11-22 18:23:28,542 : DEBUG : __main__ : 
2019-11-22 18:23:28,542 : DEBUG : __main__ : *******************
2019-11-22 18:23:28,542 : DEBUG : __main__ : Episode 68/301
2019-11-22 18:24:29,108 : DEBUG : __main__ : ------------------------------------------
2019-11-22 18:24:29,108 : DEBUG : __main__ : Total Profit: $18.09
2019-11-22 18:24:29,109 : DEBUG : __main__ : ------------------------------------------
2019-11-22 18:24:29,109 : DEBUG : __main__ : episodeDuration 60.566897
2019-11-22 18:24:29,109 : DEBUG : __main__ : trainingDuration 0:51:32.780418
2019-11-22 18:24:29,109 : DEBUG : __main__ : 
2019-11-22 18:24:29,109 : DEBUG : __main__ : *******************
2019-11-22 18:24:29,109 : DEBUG : __main__ : Episode 69/301
2019-11-22 18:25:37,296 : DEBUG : __main__ : ------------------------------------------
2019-11-22 18:25:37,297 : DEBUG : __main__ : Total Profit: -$6.80
2019-11-22 18:25:37,297 : DEBUG : __main__ : ------------------------------------------
2019-11-22 18:25:37,297 : DEBUG : __main__ : episodeDuration 68.187991
2019-11-22 18:25:37,297 : DEBUG : __main__ : trainingDuration 0:52:40.968779
2019-11-22 18:25:37,297 : DEBUG : __main__ : 
2019-11-22 18:25:37,298 : DEBUG : __main__ : *******************
2019-11-22 18:25:37,298 : DEBUG : __main__ : Episode 70/301
2019-11-22 18:26:40,805 : DEBUG : __main__ : ------------------------------------------
2019-11-22 18:26:40,806 : DEBUG : __main__ : Total Profit: $3.41
2019-11-22 18:26:40,806 : DEBUG : __main__ : ------------------------------------------
2019-11-22 18:26:40,806 : DEBUG : __main__ : episodeDuration 63.508135
2019-11-22 18:26:40,806 : DEBUG : __main__ : trainingDuration 0:53:44.477527
2019-11-22 18:26:40,806 : DEBUG : __main__ : 
2019-11-22 18:26:40,806 : DEBUG : __main__ : *******************
2019-11-22 18:26:40,806 : DEBUG : __main__ : starting validation after episode 70
2019-11-22 18:26:47,843 : DEBUG : __main__ : ------------------------------------------
2019-11-22 18:26:47,843 : DEBUG : __main__ : Total Profit of Validation: $0.00
2019-11-22 18:26:47,843 : DEBUG : __main__ : ------------------------------------------
2019-11-22 18:26:47,844 : DEBUG : __main__ : *******************
2019-11-22 18:26:47,844 : DEBUG : __main__ : Episode 71/301
2019-11-22 18:27:53,570 : DEBUG : __main__ : ------------------------------------------
2019-11-22 18:27:53,570 : DEBUG : __main__ : Total Profit: $9.57
2019-11-22 18:27:53,570 : DEBUG : __main__ : ------------------------------------------
2019-11-22 18:27:53,571 : DEBUG : __main__ : episodeDuration 65.726511
2019-11-22 18:27:53,572 : DEBUG : __main__ : trainingDuration 0:54:57.242156
2019-11-22 18:27:53,572 : DEBUG : __main__ : 
2019-11-22 18:27:53,572 : DEBUG : __main__ : *******************
2019-11-22 18:27:53,574 : DEBUG : __main__ : Episode 72/301
2019-11-22 18:28:53,179 : DEBUG : __main__ : ------------------------------------------
2019-11-22 18:28:53,179 : DEBUG : __main__ : Total Profit: $0.00
2019-11-22 18:28:53,179 : DEBUG : __main__ : ------------------------------------------
2019-11-22 18:28:53,180 : DEBUG : __main__ : episodeDuration 59.607353
2019-11-22 18:28:53,180 : DEBUG : __main__ : trainingDuration 0:55:56.851375
2019-11-22 18:28:53,180 : DEBUG : __main__ : 
2019-11-22 18:28:53,180 : DEBUG : __main__ : *******************
2019-11-22 18:28:53,180 : DEBUG : __main__ : Episode 73/301
2019-11-22 18:29:58,268 : DEBUG : __main__ : ------------------------------------------
2019-11-22 18:29:58,268 : DEBUG : __main__ : Total Profit: $17.22
2019-11-22 18:29:58,270 : DEBUG : __main__ : ------------------------------------------
2019-11-22 18:29:58,270 : DEBUG : __main__ : episodeDuration 65.089625
2019-11-22 18:29:58,270 : DEBUG : __main__ : trainingDuration 0:57:01.941518
2019-11-22 18:29:58,270 : DEBUG : __main__ : 
2019-11-22 18:29:58,270 : DEBUG : __main__ : *******************
2019-11-22 18:29:58,272 : DEBUG : __main__ : Episode 74/301
2019-11-22 18:31:05,671 : DEBUG : __main__ : ------------------------------------------
2019-11-22 18:31:05,671 : DEBUG : __main__ : Total Profit: $6.39
2019-11-22 18:31:05,671 : DEBUG : __main__ : ------------------------------------------
2019-11-22 18:31:05,671 : DEBUG : __main__ : episodeDuration 67.400763
2019-11-22 18:31:05,671 : DEBUG : __main__ : trainingDuration 0:58:09.342901
2019-11-22 18:31:05,672 : DEBUG : __main__ : 
2019-11-22 18:31:05,672 : DEBUG : __main__ : *******************
2019-11-22 18:31:05,672 : DEBUG : __main__ : Episode 75/301
2019-11-22 18:32:12,512 : DEBUG : __main__ : ------------------------------------------
2019-11-22 18:32:12,512 : DEBUG : __main__ : Total Profit: $0.00
2019-11-22 18:32:12,512 : DEBUG : __main__ : ------------------------------------------
2019-11-22 18:32:12,513 : DEBUG : __main__ : episodeDuration 66.840681
2019-11-22 18:32:12,513 : DEBUG : __main__ : trainingDuration 0:59:16.184287
2019-11-22 18:32:12,513 : DEBUG : __main__ : 
2019-11-22 18:32:12,513 : DEBUG : __main__ : *******************
2019-11-22 18:32:12,513 : DEBUG : __main__ : Episode 76/301
2019-11-22 18:33:19,627 : DEBUG : __main__ : ------------------------------------------
2019-11-22 18:33:19,627 : DEBUG : __main__ : Total Profit: -$10.66
2019-11-22 18:33:19,627 : DEBUG : __main__ : ------------------------------------------
2019-11-22 18:33:19,627 : DEBUG : __main__ : episodeDuration 67.114383
2019-11-22 18:33:19,628 : DEBUG : __main__ : trainingDuration 1:00:23.299169
2019-11-22 18:33:19,628 : DEBUG : __main__ : 
2019-11-22 18:33:19,628 : DEBUG : __main__ : *******************
2019-11-22 18:33:19,628 : DEBUG : __main__ : Episode 77/301
2019-11-22 18:34:32,804 : DEBUG : __main__ : ------------------------------------------
2019-11-22 18:34:32,804 : DEBUG : __main__ : Total Profit: $0.00
2019-11-22 18:34:32,804 : DEBUG : __main__ : ------------------------------------------
2019-11-22 18:34:32,804 : DEBUG : __main__ : episodeDuration 73.176053
2019-11-22 18:34:32,804 : DEBUG : __main__ : trainingDuration 1:01:36.475972
2019-11-22 18:34:32,805 : DEBUG : __main__ : 
2019-11-22 18:34:32,805 : DEBUG : __main__ : *******************
2019-11-22 18:34:32,805 : DEBUG : __main__ : Episode 78/301
2019-11-22 18:35:38,589 : DEBUG : __main__ : ------------------------------------------
2019-11-22 18:35:38,591 : DEBUG : __main__ : Total Profit: $0.00
2019-11-22 18:35:38,591 : DEBUG : __main__ : ------------------------------------------
2019-11-22 18:35:38,591 : DEBUG : __main__ : episodeDuration 65.786273
2019-11-22 18:35:38,591 : DEBUG : __main__ : trainingDuration 1:02:42.262812
2019-11-22 18:35:38,591 : DEBUG : __main__ : 
2019-11-22 18:35:38,593 : DEBUG : __main__ : *******************
2019-11-22 18:35:38,593 : DEBUG : __main__ : Episode 79/301
2019-11-22 18:36:44,814 : DEBUG : __main__ : ------------------------------------------
2019-11-22 18:36:44,814 : DEBUG : __main__ : Total Profit: $11.84
2019-11-22 18:36:44,815 : DEBUG : __main__ : ------------------------------------------
2019-11-22 18:36:44,815 : DEBUG : __main__ : episodeDuration 66.22177
2019-11-22 18:36:44,815 : DEBUG : __main__ : trainingDuration 1:03:48.486374
2019-11-22 18:36:44,815 : DEBUG : __main__ : 
2019-11-22 18:36:44,815 : DEBUG : __main__ : *******************
2019-11-22 18:36:44,815 : DEBUG : __main__ : Episode 80/301
2019-11-22 18:37:54,642 : DEBUG : __main__ : ------------------------------------------
2019-11-22 18:37:54,642 : DEBUG : __main__ : Total Profit: $0.00
2019-11-22 18:37:54,643 : DEBUG : __main__ : ------------------------------------------
2019-11-22 18:37:54,643 : DEBUG : __main__ : episodeDuration 69.827651
2019-11-22 18:37:54,643 : DEBUG : __main__ : trainingDuration 1:04:58.314512
2019-11-22 18:37:54,643 : DEBUG : __main__ : 
2019-11-22 18:37:54,643 : DEBUG : __main__ : *******************
2019-11-22 18:37:54,643 : DEBUG : __main__ : starting validation after episode 80
2019-11-22 18:38:01,076 : DEBUG : __main__ : ------------------------------------------
2019-11-22 18:38:01,076 : DEBUG : __main__ : Total Profit of Validation: $0.00
2019-11-22 18:38:01,076 : DEBUG : __main__ : ------------------------------------------
2019-11-22 18:38:01,079 : DEBUG : __main__ : *******************
2019-11-22 18:38:01,079 : DEBUG : __main__ : Episode 81/301
2019-11-22 18:39:01,695 : DEBUG : __main__ : ------------------------------------------
2019-11-22 18:39:01,696 : DEBUG : __main__ : Total Profit: -$11.41
2019-11-22 18:39:01,696 : DEBUG : __main__ : ------------------------------------------
2019-11-22 18:39:01,696 : DEBUG : __main__ : episodeDuration 60.61725
2019-11-22 18:39:01,696 : DEBUG : __main__ : trainingDuration 1:06:05.367600
2019-11-22 18:39:01,696 : DEBUG : __main__ : 
2019-11-22 18:39:01,696 : DEBUG : __main__ : *******************
2019-11-22 18:39:01,696 : DEBUG : __main__ : Episode 82/301
2019-11-22 18:40:03,822 : DEBUG : __main__ : ------------------------------------------
2019-11-22 18:40:03,822 : DEBUG : __main__ : Total Profit: $0.00
2019-11-22 18:40:03,822 : DEBUG : __main__ : ------------------------------------------
2019-11-22 18:40:03,822 : DEBUG : __main__ : episodeDuration 62.125949
2019-11-22 18:40:03,822 : DEBUG : __main__ : trainingDuration 1:07:07.493898
2019-11-22 18:40:03,822 : DEBUG : __main__ : 
2019-11-22 18:40:03,823 : DEBUG : __main__ : *******************
2019-11-22 18:40:03,823 : DEBUG : __main__ : Episode 83/301
2019-11-22 18:41:09,845 : DEBUG : __main__ : ------------------------------------------
2019-11-22 18:41:09,845 : DEBUG : __main__ : Total Profit: $0.00
2019-11-22 18:41:09,845 : DEBUG : __main__ : ------------------------------------------
2019-11-22 18:41:09,845 : DEBUG : __main__ : episodeDuration 66.02289
2019-11-22 18:41:09,846 : DEBUG : __main__ : trainingDuration 1:08:13.517151
2019-11-22 18:41:09,846 : DEBUG : __main__ : 
2019-11-22 18:41:09,846 : DEBUG : __main__ : *******************
2019-11-22 18:41:09,846 : DEBUG : __main__ : Episode 84/301
2019-11-22 18:42:02,929 : DEBUG : __main__ : ------------------------------------------
2019-11-22 18:42:02,929 : DEBUG : __main__ : Total Profit: $0.00
2019-11-22 18:42:02,929 : DEBUG : __main__ : ------------------------------------------
2019-11-22 18:42:02,929 : DEBUG : __main__ : episodeDuration 53.082923
2019-11-22 18:42:02,929 : DEBUG : __main__ : trainingDuration 1:09:06.600767
2019-11-22 18:42:02,929 : DEBUG : __main__ : 
2019-11-22 18:42:02,929 : DEBUG : __main__ : *******************
2019-11-22 18:42:02,929 : DEBUG : __main__ : Episode 85/301
2019-11-22 18:42:41,738 : DEBUG : __main__ : ------------------------------------------
2019-11-22 18:42:41,738 : DEBUG : __main__ : Total Profit: $0.00
2019-11-22 18:42:41,739 : DEBUG : __main__ : ------------------------------------------
2019-11-22 18:42:41,739 : DEBUG : __main__ : episodeDuration 38.809438
2019-11-22 18:42:41,739 : DEBUG : __main__ : trainingDuration 1:09:45.410511
2019-11-22 18:42:41,739 : DEBUG : __main__ : 
2019-11-22 18:42:41,739 : DEBUG : __main__ : *******************
2019-11-22 18:42:41,740 : DEBUG : __main__ : Episode 86/301
2019-11-22 18:43:20,147 : DEBUG : __main__ : ------------------------------------------
2019-11-22 18:43:20,147 : DEBUG : __main__ : Total Profit: $0.00
2019-11-22 18:43:20,147 : DEBUG : __main__ : ------------------------------------------
2019-11-22 18:43:20,148 : DEBUG : __main__ : episodeDuration 38.40812
2019-11-22 18:43:20,148 : DEBUG : __main__ : trainingDuration 1:10:23.819186
2019-11-22 18:43:20,148 : DEBUG : __main__ : 
2019-11-22 18:43:20,148 : DEBUG : __main__ : *******************
2019-11-22 18:43:20,148 : DEBUG : __main__ : Episode 87/301
2019-11-22 18:43:58,721 : DEBUG : __main__ : ------------------------------------------
2019-11-22 18:43:58,721 : DEBUG : __main__ : Total Profit: $0.00
2019-11-22 18:43:58,721 : DEBUG : __main__ : ------------------------------------------
2019-11-22 18:43:58,721 : DEBUG : __main__ : episodeDuration 38.573145
2019-11-22 18:43:58,721 : DEBUG : __main__ : trainingDuration 1:11:02.392855
2019-11-22 18:43:58,721 : DEBUG : __main__ : 
2019-11-22 18:43:58,722 : DEBUG : __main__ : *******************
2019-11-22 18:43:58,722 : DEBUG : __main__ : Episode 88/301
2019-11-22 18:44:40,779 : DEBUG : __main__ : ------------------------------------------
2019-11-22 18:44:40,779 : DEBUG : __main__ : Total Profit: $0.00
2019-11-22 18:44:40,779 : DEBUG : __main__ : ------------------------------------------
2019-11-22 18:44:40,779 : DEBUG : __main__ : episodeDuration 42.057752
2019-11-22 18:44:40,779 : DEBUG : __main__ : trainingDuration 1:11:44.451015
2019-11-22 18:44:40,780 : DEBUG : __main__ : 
2019-11-22 18:44:40,780 : DEBUG : __main__ : *******************
2019-11-22 18:44:40,780 : DEBUG : __main__ : Episode 89/301
2019-11-22 18:45:21,384 : DEBUG : __main__ : ------------------------------------------
2019-11-22 18:45:21,384 : DEBUG : __main__ : Total Profit: $0.00
2019-11-22 18:45:21,384 : DEBUG : __main__ : ------------------------------------------
2019-11-22 18:45:21,384 : DEBUG : __main__ : episodeDuration 40.604541
2019-11-22 18:45:21,384 : DEBUG : __main__ : trainingDuration 1:12:25.056012
2019-11-22 18:45:21,385 : DEBUG : __main__ : 
2019-11-22 18:45:21,385 : DEBUG : __main__ : *******************
2019-11-22 18:45:21,385 : DEBUG : __main__ : Episode 90/301
2019-11-22 18:46:04,264 : DEBUG : __main__ : ------------------------------------------
2019-11-22 18:46:04,264 : DEBUG : __main__ : Total Profit: $0.00
2019-11-22 18:46:04,264 : DEBUG : __main__ : ------------------------------------------
2019-11-22 18:46:04,264 : DEBUG : __main__ : episodeDuration 42.879355
2019-11-22 18:46:04,264 : DEBUG : __main__ : trainingDuration 1:13:07.935943
2019-11-22 18:46:04,264 : DEBUG : __main__ : 
2019-11-22 18:46:04,265 : DEBUG : __main__ : *******************
2019-11-22 18:46:04,265 : DEBUG : __main__ : starting validation after episode 90
2019-11-22 18:46:08,461 : DEBUG : __main__ : ------------------------------------------
2019-11-22 18:46:08,461 : DEBUG : __main__ : Total Profit of Validation: $0.00
2019-11-22 18:46:08,461 : DEBUG : __main__ : ------------------------------------------
2019-11-22 18:46:08,461 : DEBUG : __main__ : *******************
2019-11-22 18:46:08,461 : DEBUG : __main__ : Episode 91/301
2019-11-22 18:46:48,723 : DEBUG : __main__ : ------------------------------------------
2019-11-22 18:46:48,724 : DEBUG : __main__ : Total Profit: $0.00
2019-11-22 18:46:48,724 : DEBUG : __main__ : ------------------------------------------
2019-11-22 18:46:48,724 : DEBUG : __main__ : episodeDuration 40.262445
2019-11-22 18:46:48,724 : DEBUG : __main__ : trainingDuration 1:13:52.395514
2019-11-22 18:46:48,724 : DEBUG : __main__ : 
2019-11-22 18:46:48,724 : DEBUG : __main__ : *******************
2019-11-22 18:46:48,724 : DEBUG : __main__ : Episode 92/301
2019-11-22 18:47:28,132 : DEBUG : __main__ : ------------------------------------------
2019-11-22 18:47:28,132 : DEBUG : __main__ : Total Profit: $0.00
2019-11-22 18:47:28,132 : DEBUG : __main__ : ------------------------------------------
2019-11-22 18:47:28,132 : DEBUG : __main__ : episodeDuration 39.408114
2019-11-22 18:47:28,133 : DEBUG : __main__ : trainingDuration 1:14:31.804160
2019-11-22 18:47:28,133 : DEBUG : __main__ : 
2019-11-22 18:47:28,133 : DEBUG : __main__ : *******************
2019-11-22 18:47:28,133 : DEBUG : __main__ : Episode 93/301
2019-11-22 18:48:13,906 : DEBUG : __main__ : ------------------------------------------
2019-11-22 18:48:13,906 : DEBUG : __main__ : Total Profit: $0.00
2019-11-22 18:48:13,906 : DEBUG : __main__ : ------------------------------------------
2019-11-22 18:48:13,906 : DEBUG : __main__ : episodeDuration 45.77349
2019-11-22 18:48:13,906 : DEBUG : __main__ : trainingDuration 1:15:17.578118
2019-11-22 18:48:13,907 : DEBUG : __main__ : 
2019-11-22 18:48:13,907 : DEBUG : __main__ : *******************
2019-11-22 18:48:13,907 : DEBUG : __main__ : Episode 94/301
2019-11-22 18:48:56,383 : DEBUG : __main__ : ------------------------------------------
2019-11-22 18:48:56,383 : DEBUG : __main__ : Total Profit: $0.00
2019-11-22 18:48:56,383 : DEBUG : __main__ : ------------------------------------------
2019-11-22 18:48:56,383 : DEBUG : __main__ : episodeDuration 42.476544
2019-11-22 18:48:56,383 : DEBUG : __main__ : trainingDuration 1:16:00.055060
2019-11-22 18:48:56,384 : DEBUG : __main__ : 
2019-11-22 18:48:56,384 : DEBUG : __main__ : *******************
2019-11-22 18:48:56,384 : DEBUG : __main__ : Episode 95/301
2019-11-22 18:49:41,148 : DEBUG : __main__ : ------------------------------------------
2019-11-22 18:49:41,149 : DEBUG : __main__ : Total Profit: $0.00
2019-11-22 18:49:41,149 : DEBUG : __main__ : ------------------------------------------
2019-11-22 18:49:41,149 : DEBUG : __main__ : episodeDuration 44.765318
2019-11-22 18:49:41,149 : DEBUG : __main__ : trainingDuration 1:16:44.820794
2019-11-22 18:49:41,149 : DEBUG : __main__ : 
2019-11-22 18:49:41,150 : DEBUG : __main__ : *******************
2019-11-22 18:49:41,150 : DEBUG : __main__ : Episode 96/301
2019-11-22 18:50:27,416 : DEBUG : __main__ : ------------------------------------------
2019-11-22 18:50:27,416 : DEBUG : __main__ : Total Profit: $0.00
2019-11-22 18:50:27,416 : DEBUG : __main__ : ------------------------------------------
2019-11-22 18:50:27,416 : DEBUG : __main__ : episodeDuration 46.26674
2019-11-22 18:50:27,417 : DEBUG : __main__ : trainingDuration 1:17:31.088046
2019-11-22 18:50:27,417 : DEBUG : __main__ : 
2019-11-22 18:50:27,418 : DEBUG : __main__ : *******************
2019-11-22 18:50:27,418 : DEBUG : __main__ : Episode 97/301
2019-11-22 18:51:21,089 : DEBUG : __main__ : ------------------------------------------
2019-11-22 18:51:21,090 : DEBUG : __main__ : Total Profit: $0.00
2019-11-22 18:51:21,090 : DEBUG : __main__ : ------------------------------------------
2019-11-22 18:51:21,090 : DEBUG : __main__ : episodeDuration 53.672185
2019-11-22 18:51:21,090 : DEBUG : __main__ : trainingDuration 1:18:24.761540
2019-11-22 18:51:21,090 : DEBUG : __main__ : 
2019-11-22 18:51:21,090 : DEBUG : __main__ : *******************
2019-11-22 18:51:21,090 : DEBUG : __main__ : Episode 98/301
2019-11-22 18:52:08,206 : DEBUG : __main__ : ------------------------------------------
2019-11-22 18:52:08,206 : DEBUG : __main__ : Total Profit: $0.00
2019-11-22 18:52:08,206 : DEBUG : __main__ : ------------------------------------------
2019-11-22 18:52:08,207 : DEBUG : __main__ : episodeDuration 47.116415
2019-11-22 18:52:08,207 : DEBUG : __main__ : trainingDuration 1:19:11.878354
2019-11-22 18:52:08,207 : DEBUG : __main__ : 
2019-11-22 18:52:08,207 : DEBUG : __main__ : *******************
2019-11-22 18:52:08,207 : DEBUG : __main__ : Episode 99/301
2019-11-22 18:52:55,128 : DEBUG : __main__ : ------------------------------------------
2019-11-22 18:52:55,128 : DEBUG : __main__ : Total Profit: $0.00
2019-11-22 18:52:55,128 : DEBUG : __main__ : ------------------------------------------
2019-11-22 18:52:55,128 : DEBUG : __main__ : episodeDuration 46.921061
2019-11-22 18:52:55,128 : DEBUG : __main__ : trainingDuration 1:19:58.799869
2019-11-22 18:52:55,128 : DEBUG : __main__ : 
2019-11-22 18:52:55,129 : DEBUG : __main__ : *******************
2019-11-22 18:52:55,129 : DEBUG : __main__ : Episode 100/301
2019-11-22 18:53:38,590 : DEBUG : __main__ : ------------------------------------------
2019-11-22 18:53:38,590 : DEBUG : __main__ : Total Profit: $0.00
2019-11-22 18:53:38,591 : DEBUG : __main__ : ------------------------------------------
2019-11-22 18:53:38,591 : DEBUG : __main__ : episodeDuration 43.462059
2019-11-22 18:53:38,591 : DEBUG : __main__ : trainingDuration 1:20:42.262434
2019-11-22 18:53:38,591 : DEBUG : __main__ : 
2019-11-22 18:53:38,591 : DEBUG : __main__ : *******************
2019-11-22 18:53:38,591 : DEBUG : __main__ : starting validation after episode 100
2019-11-22 18:53:43,151 : DEBUG : __main__ : ------------------------------------------
2019-11-22 18:53:43,151 : DEBUG : __main__ : Total Profit of Validation: $0.00
2019-11-22 18:53:43,151 : DEBUG : __main__ : ------------------------------------------
2019-11-22 18:53:43,152 : DEBUG : __main__ : *******************
2019-11-22 18:53:43,152 : DEBUG : __main__ : Episode 101/301
2019-11-22 18:54:26,741 : DEBUG : __main__ : ------------------------------------------
2019-11-22 18:54:26,742 : DEBUG : __main__ : Total Profit: $0.00
2019-11-22 18:54:26,742 : DEBUG : __main__ : ------------------------------------------
2019-11-22 18:54:26,742 : DEBUG : __main__ : episodeDuration 43.590265
2019-11-22 18:54:26,742 : DEBUG : __main__ : trainingDuration 1:21:30.413519
2019-11-22 18:54:26,742 : DEBUG : __main__ : 
2019-11-22 18:54:26,742 : DEBUG : __main__ : *******************
2019-11-22 18:54:26,742 : DEBUG : __main__ : Episode 102/301
2019-11-22 18:55:11,152 : DEBUG : __main__ : ------------------------------------------
2019-11-22 18:55:11,152 : DEBUG : __main__ : Total Profit: $0.00
2019-11-22 18:55:11,153 : DEBUG : __main__ : ------------------------------------------
2019-11-22 18:55:11,153 : DEBUG : __main__ : episodeDuration 44.4107
2019-11-22 18:55:11,153 : DEBUG : __main__ : trainingDuration 1:22:14.824551
2019-11-22 18:55:11,153 : DEBUG : __main__ : 
2019-11-22 18:55:11,153 : DEBUG : __main__ : *******************
2019-11-22 18:55:11,153 : DEBUG : __main__ : Episode 103/301
