Training_0    5124.50
Training_1    948.52
Training_2    2609.59
Training_3    19767.99
Training_4    81645.41
Training_5    151904.59
Training_6    166035.93
Training_7    149062.30
Training_8    105073.21
Training_9    68220.04
Training_10    52906.11
Training_11    15153.23
Training_12    13635.41
Training_13    9361.00
Training_14    23923.90
Training_15    19132.13
Training_16    16052.49
Training_17    25471.47
Training_18    32263.31
Training_19    20230.52
Training_20    14839.85
Training_21    26325.94
Training_22    32882.82
Training_23    5108.87
Training_24    18224.65
Training_25    15466.23
Training_26    13544.08
Training_27    14077.53
Training_28    20756.60
Training_29    13675.65
Training_30    9057.22
Training_31    12760.47
Training_32    10392.72
Training_33    11705.16
Training_34    17597.24
Training_35    17236.18
Training_36    62170.60
Training_37    149000.58
Training_38    232958.19
Training_39    278585.27
Training_40    187439.97
Training_41    2743.14
Training_42    81.15
Training_43    709.61
Training_44    425.23
Training_45    394.04
Training_46    213.33
Training_47    286.06
Training_48    182.64
Training_49    57.71
Training_50    428.88
Training_51    210.44
Training_52    8.87
Training_53    580.15
Training_54    58.32
Training_55    156.44
Training_56    31.75
Training_57    99.08
Training_58    55.48
Training_59    8.46
Training_60    71.50
Training_61    31.40
Training_62    54.63
Training_63    84.32
Training_64    19.16
Training_65    5.86
Training_66    2.97
Training_67    43.80
Training_68    18.09
Training_69    6.80
Training_70    3.41
Training_71    9.57
Training_72    0.00
Training_73    17.22
Training_74    6.39
Training_75    0.00
Training_76    10.66
Training_77    0.00
Training_78    0.00
Training_79    11.84
Training_80    0.00
Training_81    11.41
Training_82    0.00
Training_83    0.00
Training_84    0.00
Training_85    0.00
Training_86    0.00
Training_87    0.00
Training_88    0.00
Training_89    0.00
Training_90    0.00
Training_91    0.00
Training_92    0.00
Training_93    0.00
Training_94    0.00
Training_95    0.00
Training_96    0.00
Training_97    0.00
Training_98    0.00
Training_99    0.00
Training_100    0.00
Training_101    0.00
Training_102    0.00
